  ENR   arc-flash-analysis-in-chile-a-detailed-guide-cl (3137c -> 6249c)
  NEW   arc-flash-study-cl (published)
  ENR   assessing-and-lowering-the-danger-of-an-arc-flash-is-crucial-cl (2890c -> 5945c)
  ENR   examine-and-confirm-electrical-motor-performance-in-compliance-with-chilean-regulations-cl (2708c -> 5283c)
  ENR   harmonic-analysis-of-the-chile-power-system-cl (3203c -> 6196c)
  NEW   harmonic-study-and-analysis-cl (published)
  ENR   how-can-efficiency-and-reliability-of-commercial-motors-be-evaluated-cl (2920c -> 6107c)
  ENR   how-to-perform-a-power-quality-analysis-in-chile-cl (2942c -> 5840c)
  ENR   load-flow-short-circuit-and-relay-coordination-in-power-system-analysis-cl (2940c -> 8095c)
  NEW   motor-start-analysis-cl (published)
  NEW   power-quality-analysis-cl (published)
  NEW   power-system-study-and-analysis-cl (published)
  ENR   principles-of-power-quality-work-in-chile-cl (2779c -> 9089c)
  ENR   why-are-harmonic-analysis-and-study-important-for-businesses-in-chile-cl (2602c -> 5881c)
  ENR   why-load-flow-and-short-circuit-analysis-important-for-chilean-business-cl (2440c -> 4925c)

=== DONE cl/blog ===
Created:  5
Enriched: 10
Skipped:  0
Failed:   0
