  ENR   arc-flash-analysis-in-colombia-a-detailed-guide-co (3120c -> 6081c)
  NEW   arc-flash-study-co (published)
  ENR   assessing-and-lowering-the-danger-of-an-arc-flash-is-crucial-co (2883c -> 6107c)
  ENR   examine-and-confirm-electrical-motor-performance-in-compliance-with-colombian-regulations-co (2711c -> 6170c)
  ENR   harmonic-analysis-of-the-colombian-power-system-co (3206c -> 6087c)
  NEW   harmonic-study-and-analysis-co (published)
  ENR   how-can-efficiency-and-reliability-of-commercial-motors-be-evaluated-co (2918c -> 6129c)
  ENR   how-to-perform-a-power-quality-analysis-in-colombia-co (2935c -> 6095c)
  ENR   load-flow-short-circuit-and-relay-coordination-in-power-system-analysis-co (2931c -> 6136c)
  NEW   motor-start-analysis-co (published)
  NEW   power-quality-analysis-co (published)
  NEW   power-system-study-and-analysis-co (published)
  ENR   principles-of-power-quality-work-in-colombia-co (2772c -> 6075c)
  ENR   why-are-harmonic-analysis-and-study-important-for-businesses-in-colombia-co (2595c -> 6131c)
  ENR   why-load-flow-and-short-circuit-analysis-important-for-colombian-business-co (2437c -> 6139c)

=== DONE co/blog ===
Created:  5
Enriched: 10
Skipped:  0
Failed:   0
