
Running 8 tests using 1 worker

  [200] cz/blog/arc-flash-study body=5213c img=Y
  ok 1 tests\country-wp-scrape.spec.ts:52:9 › Country WP scrape — cz blog › scrape cz/blog: arc-flash-study (1.8m)
  [200] cz/blog/czech-guidelines-for-testing-and-verifying-electrical-motor-efficiency body=8656c img=Y
  ok 2 tests\country-wp-scrape.spec.ts:52:9 › Country WP scrape — cz blog › scrape cz/blog: czech-guidelines-for-testing-and-verifying-electrical-motor-efficiency (1.1m)
  [200] cz/blog/harmonic-study-analysis body=5420c img=Y
  ok 3 tests\country-wp-scrape.spec.ts:52:9 › Country WP scrape — cz blog › scrape cz/blog: harmonic-study-analysis (1.8m)
  [200] cz/blog/how-are-the-dependability-and-performance-of-commercial-motors-assessed body=9575c img=Y
  ok 4 tests\country-wp-scrape.spec.ts:52:9 › Country WP scrape — cz blog › scrape cz/blog: how-are-the-dependability-and-performance-of-commercial-motors-assessed (1.1m)
  [200] cz/blog/motor-start-analysis body=4855c img=Y
  ok 5 tests\country-wp-scrape.spec.ts:52:9 › Country WP scrape — cz blog › scrape cz/blog: motor-start-analysis (1.8m)
  [200] cz/blog/power-quality-analysis body=4760c img=Y
  ok 6 tests\country-wp-scrape.spec.ts:52:9 › Country WP scrape — cz blog › scrape cz/blog: power-quality-analysis (1.8m)
  [200] cz/blog/power-system-study-analysis body=5447c img=Y
  ok 7 tests\country-wp-scrape.spec.ts:52:9 › Country WP scrape — cz blog › scrape cz/blog: power-system-study-analysis (1.8m)
  [200] cz/blog/the-importance-of-load-flow-and-short-circuit-analysis-to-a-czech-business body=8504c img=Y
  ok 8 tests\country-wp-scrape.spec.ts:52:9 › Country WP scrape — cz blog › scrape cz/blog: the-importance-of-load-flow-and-short-circuit-analysis-to-a-czech-business (1.1m)

  Slow test file: tests\country-wp-scrape.spec.ts (12.2m)
  Consider running tests from slow files in parallel. See: https://playwright.dev/docs/test-parallel
  8 passed (12.2m)
