
Running 8 tests using 1 worker

  [200] ro/blog/arc-flash-study body=5235c img=Y
  ok 1 tests\country-wp-scrape.spec.ts:52:9 › Country WP scrape — ro blog › scrape ro/blog: arc-flash-study (1.8m)
  [200] ro/blog/harmonic-study-analysis body=5429c img=Y
  ok 2 tests\country-wp-scrape.spec.ts:52:9 › Country WP scrape — ro blog › scrape ro/blog: harmonic-study-analysis (1.8m)
  [200] ro/blog/how-are-the-dependability-and-performance-of-commercial-motors-assessed body=9622c img=Y
  ok 3 tests\country-wp-scrape.spec.ts:52:9 › Country WP scrape — ro blog › scrape ro/blog: how-are-the-dependability-and-performance-of-commercial-motors-assessed (1.1m)
  [200] ro/blog/motor-start-analysis body=4855c img=Y
  ok 4 tests\country-wp-scrape.spec.ts:52:9 › Country WP scrape — ro blog › scrape ro/blog: motor-start-analysis (1.8m)
  [200] ro/blog/power-quality-analysis body=4786c img=Y
  ok 5 tests\country-wp-scrape.spec.ts:52:9 › Country WP scrape — ro blog › scrape ro/blog: power-quality-analysis (1.8m)
  [200] ro/blog/power-system-study-analysis body=5458c img=Y
  ok 6 tests\country-wp-scrape.spec.ts:52:9 › Country WP scrape — ro blog › scrape ro/blog: power-system-study-analysis (1.8m)
  [200] ro/blog/romanian-guidelines-for-testing-and-verifying-electrical-motor-efficiency body=8703c img=Y
  ok 7 tests\country-wp-scrape.spec.ts:52:9 › Country WP scrape — ro blog › scrape ro/blog: romanian-guidelines-for-testing-and-verifying-electrical-motor-efficiency (1.1m)
  [200] ro/blog/the-importance-of-load-flow-and-short-circuit-analysis-to-a-romanian-business body=8748c img=Y
  ok 8 tests\country-wp-scrape.spec.ts:52:9 › Country WP scrape — ro blog › scrape ro/blog: the-importance-of-load-flow-and-short-circuit-analysis-to-a-romanian-business (1.1m)

  Slow test file: tests\country-wp-scrape.spec.ts (12.2m)
  Consider running tests from slow files in parallel. See: https://playwright.dev/docs/test-parallel
  8 passed (12.2m)
