  ENR   analysis-of-harmonics-in-the-hong-konger-power-system-hk (2328c -> 14488c)
  ENR   analysis-of-power-system-load-flow-short-circuit-and-relay-coordination-hk (3862c -> 16766c)
  NEW   arc-flash-study-hk (published)
  ENR   check-and-test-the-performance-of-electric-motors-according-to-hong-konger-rules-hk (3208c -> 13002c)
  NEW   harmonic-study-and-analysis-hk (published)
  ENR   hong-konger-arc-flash-analysis-a-comprehensive-guide-hk (1691c -> 13873c)
  ENR   how-can-the-quality-and-dependability-of-commercial-motors-be-evaluated-hk (2339c -> 14105c)
  ENR   how-to-conduct-a-power-quality-analysis-in-hong-kong-hk (3265c -> 13668c)
  NEW   japanese-arc-flash-analysis-a-comprehensive-guide-hk (published)
  NEW   motor-start-analysis-hk (published)
  NEW   power-quality-analysis-hk (published)
  NEW   power-system-study-and-analysis-hk (published)
  ENR   the-significance-of-arc-flash-hazard-analysis-and-mitigation-techniques-hk (3094c -> 13716c)
  ENR   why-are-harmonic-analysis-and-research-crucial-for-hong-konger-businesses-hk (2114c -> 13403c)
  ENR   why-load-flow-and-short-circuit-analysis-are-important-for-a-hong-konger-business-hk (2594c -> 12741c)
  ENR   working-principles-for-power-quality-in-hong-kong-hk (4905c -> 17060c)

=== DONE hk/blog ===
Created:  6
Enriched: 10
Skipped:  0
Failed:   0
