  ENR   a-comprehensive-guide-to-arc-flash-analysis-in-egypt-eg (1698c -> 10755c)
  NEW   a-comprehensive-guide-to-arc-flash-analysis-in-south-africa-eg (published)
  ENR   analysis-of-the-power-systems-coordination-of-relays-short-circuits-and-load-flow-eg (3998c -> 12480c)
  ENR   arc-flash-risk-must-be-evaluated-and-reduced-immediately-eg (3029c -> 10135c)
  ENR   harmonics-analysis-of-the-egypt-electric-power-system-eg (2432c -> 10815c)
  NEW   harmonics-analysis-of-the-south-african-electric-power-system-eg (published)
  ENR   how-can-the-performance-and-dependability-of-commercial-motors-be-evaluated-eg (2379c -> 10337c)
  ENR   how-significant-is-harmonic-analysis-in-egyptian-firm-eg (2413c -> 10001c)
  NEW   how-significant-is-harmonic-analysis-in-south-african-firm-eg (published)
  ENR   how-to-analyze-egyptian-power-quality-eg (3469c -> 10275c)
  NEW   how-to-analyze-south-african-power-quality-eg (published)
  NEW   principles-of-work-on-egypt-power-quality-eg (published)
  NEW   principles-of-work-on-south-african-power-quality-eg (published)
  ENR   verify-egyptian-electrical-motor-performance-regulations-compliance-eg (2827c -> 9496c)
  NEW   verify-south-african-electrical-motor-performance-regulations-compliance-eg (published)
  ENR   why-does-egyptian-business-need-short-circuit-and-load-flow-analysis-eg (2534c -> 9231c)
  NEW   why-does-south-african-business-need-short-circuit-and-load-flow-analysis-eg (published)

=== DONE eg/blog ===
Created:  8
Enriched: 9
Skipped:  0
Failed:   0
