Fetching existing Strapi media (prefix 'eg-blog-')...
  0 matching files in Strapi

  OK    a-comprehensive-guide-to-arc-flash-analysis-inypt -> https://rational-cheese-8e8c4f80ea.media.strapiapp.com/eg_blog_a_comprehensive_guide_to_arc_flash_analysis_inypt_c75ba1ea9e.png
  OK    a-comprehensive-guide-to-arc-flash-analysis-in-south-africa -> https://rational-cheese-8e8c4f80ea.media.strapiapp.com/eg_blog_a_comprehensive_guide_to_arc_flash_analysis_in_south_africa_7b57bb1d50.png
  OK    analysis-of-the-power-systems-coordination-of-relays-short-circuits-and-load-flow -> https://rational-cheese-8e8c4f80ea.media.strapiapp.com/eg_blog_analysis_of_the_power_systems_coordination_of_relays_short_circuits_and_load_flow_1b792410c5.png
  OK    arc-flash-risk-must-be-evaluated-and-reduced-immediately -> https://rational-cheese-8e8c4f80ea.media.strapiapp.com/eg_blog_arc_flash_risk_must_be_evaluated_and_reduced_immediately_4788bc3af0.png
  OK    harmonics-analysis-of-theypt-electric-power-system -> https://rational-cheese-8e8c4f80ea.media.strapiapp.com/eg_blog_harmonics_analysis_of_theypt_electric_power_system_2fa3718094.png
  OK    harmonics-analysis-of-the-south-african-electric-power-system -> https://rational-cheese-8e8c4f80ea.media.strapiapp.com/eg_blog_harmonics_analysis_of_the_south_african_electric_power_system_64b2dd9ca0.png
  OK    how-can-the-performance-and-dependability-of-commercial-motors-be-evaluated -> https://rational-cheese-8e8c4f80ea.media.strapiapp.com/eg_blog_how_can_the_performance_and_dependability_of_commercial_motors_be_evaluated_611e6ae8f0.png
  OK    how-significant-is-harmonic-analysis-inyptian-firm -> https://rational-cheese-8e8c4f80ea.media.strapiapp.com/eg_blog_how_significant_is_harmonic_analysis_inyptian_firm_0a6907d59b.png
  OK    how-significant-is-harmonic-analysis-in-south-african-firm -> https://rational-cheese-8e8c4f80ea.media.strapiapp.com/eg_blog_how_significant_is_harmonic_analysis_in_south_african_firm_d81b3bcb7c.png
  OK    how-to-analyzeyptian-power-quality -> https://rational-cheese-8e8c4f80ea.media.strapiapp.com/eg_blog_how_to_analyzeyptian_power_quality_ea9602065b.png
  OK    how-to-analyze-south-african-power-quality -> https://rational-cheese-8e8c4f80ea.media.strapiapp.com/eg_blog_how_to_analyze_south_african_power_quality_a374adde8e.png
  OK    principles-of-work-onypt-power-quality -> https://rational-cheese-8e8c4f80ea.media.strapiapp.com/eg_blog_principles_of_work_onypt_power_quality_fa23872056.png
  OK    principles-of-work-on-south-african-power-quality -> https://rational-cheese-8e8c4f80ea.media.strapiapp.com/eg_blog_principles_of_work_on_south_african_power_quality_ce10c43650.png
  OK    verifyyptian-electrical-motor-performance-regulations-compliance -> https://rational-cheese-8e8c4f80ea.media.strapiapp.com/eg_blog_verifyyptian_electrical_motor_performance_regulations_compliance_e25e164508.png
  OK    verify-south-african-electrical-motor-performance-regulations-compliance -> https://rational-cheese-8e8c4f80ea.media.strapiapp.com/eg_blog_verify_south_african_electrical_motor_performance_regulations_compliance_3045e67d40.png
  OK    why-doesyptian-business-need-short-circuit-and-load-flow-analysis -> https://rational-cheese-8e8c4f80ea.media.strapiapp.com/eg_blog_why_doesyptian_business_need_short_circuit_and_load_flow_analysis_57d83e3f22.png
  OK    why-does-south-african-business-need-short-circuit-and-load-flow-analysis -> https://rational-cheese-8e8c4f80ea.media.strapiapp.com/eg_blog_why_does_south_african_business_need_short_circuit_and_load_flow_analysis_e8fa73f2ea.png

Uploaded/reused: 17, skipped: 0, failed: 0
