
Running 8 tests using 1 worker

  [200] ru/blog/arc-flash-study body=5156c img=Y
  ok 1 tests\country-wp-scrape.spec.ts:52:9 › Country WP scrape — ru blog › scrape ru/blog: arc-flash-study (1.8m)
  [200] ru/blog/harmonic-study-analysis body=5256c img=Y
  ok 2 tests\country-wp-scrape.spec.ts:52:9 › Country WP scrape — ru blog › scrape ru/blog: harmonic-study-analysis (1.8m)
  [200] ru/blog/how-are-the-dependability-and-performance-of-commercial-motors-assessed body=9605c img=Y
  ok 3 tests\country-wp-scrape.spec.ts:52:9 › Country WP scrape — ru blog › scrape ru/blog: how-are-the-dependability-and-performance-of-commercial-motors-assessed (1.1m)
  [200] ru/blog/motor-start-analysis body=5232c img=Y
  ok 4 tests\country-wp-scrape.spec.ts:52:9 › Country WP scrape — ru blog › scrape ru/blog: motor-start-analysis (1.8m)
  [200] ru/blog/power-quality-analysis body=4870c img=Y
  ok 5 tests\country-wp-scrape.spec.ts:52:9 › Country WP scrape — ru blog › scrape ru/blog: power-quality-analysis (1.8m)
  [200] ru/blog/power-system-study-analysis body=5369c img=Y
  ok 6 tests\country-wp-scrape.spec.ts:52:9 › Country WP scrape — ru blog › scrape ru/blog: power-system-study-analysis (1.8m)
  [200] ru/blog/russian-guidelines-for-testing-and-verifying-electrical-motor-efficiency body=8686c img=Y
  ok 7 tests\country-wp-scrape.spec.ts:52:9 › Country WP scrape — ru blog › scrape ru/blog: russian-guidelines-for-testing-and-verifying-electrical-motor-efficiency (1.1m)
  [200] ru/blog/the-importance-of-load-flow-and-short-circuit-analysis-to-a-russian-business body=8534c img=Y
  ok 8 tests\country-wp-scrape.spec.ts:52:9 › Country WP scrape — ru blog › scrape ru/blog: the-importance-of-load-flow-and-short-circuit-analysis-to-a-russian-business (1.1m)

  Slow test file: tests\country-wp-scrape.spec.ts (12.2m)
  Consider running tests from slow files in parallel. See: https://playwright.dev/docs/test-parallel
  8 passed (12.2m)
