
Running 9 tests using 1 worker

  [404] vn/service/arc-flash-study-in-singapore body=0c img=N
  ok 1 tests\country-wp-scrape.spec.ts:52:9 › Country WP scrape — vn service › scrape vn/service: arc-flash-study-in-singapore (2.8s)
  [200] vn/service/harmonic-study-and-analysis body=5231c img=Y
  ok 2 tests\country-wp-scrape.spec.ts:52:9 › Country WP scrape — vn service › scrape vn/service: harmonic-study-and-analysis (1.5m)
  [200] vn/service/motor-start-analysis body=4716c img=Y
  ok 3 tests\country-wp-scrape.spec.ts:52:9 › Country WP scrape — vn service › scrape vn/service: motor-start-analysis (1.5m)
  [200] vn/service/power-quality-analysis body=4763c img=Y
  ok 4 tests\country-wp-scrape.spec.ts:52:9 › Country WP scrape — vn service › scrape vn/service: power-quality-analysis (1.5m)
  [200] vn/service/power-system-study-and-analysis body=5749c img=Y
  ok 5 tests\country-wp-scrape.spec.ts:52:9 › Country WP scrape — vn service › scrape vn/service: power-system-study-and-analysis (1.5m)
  [200] vn/service/arc-flash-analysis-in-vietnam body=4628c img=Y
  ok 6 tests\country-wp-scrape.spec.ts:52:9 › Country WP scrape — vn service › scrape vn/service: arc-flash-analysis-in-vietnam (1.3m)
  [200] vn/service/load-flow-analysis-in-vietnam body=4542c img=Y
  ok 7 tests\country-wp-scrape.spec.ts:52:9 › Country WP scrape — vn service › scrape vn/service: load-flow-analysis-in-vietnam (1.3m)
  [200] vn/service/relay-coordination-study-in-vietnam body=4419c img=Y
  ok 8 tests\country-wp-scrape.spec.ts:52:9 › Country WP scrape — vn service › scrape vn/service: relay-coordination-study-in-vietnam (1.3m)
  [200] vn/service/short-circuit-analysis-in-vietnam body=4521c img=Y
  ok 9 tests\country-wp-scrape.spec.ts:52:9 › Country WP scrape — vn service › scrape vn/service: short-circuit-analysis-in-vietnam (1.3m)

  Slow test file: tests\country-wp-scrape.spec.ts (11.4m)
  Consider running tests from slow files in parallel. See: https://playwright.dev/docs/test-parallel
  9 passed (11.4m)
