  ENR   analysis-of-harmonics-in-the-chinese-power-system-cn (2366c -> 14260c)
  ENR   analysis-of-power-system-load-flow-short-circuit-and-relay-coordination-cn (3820c -> 16203c)
  NEW   arc-flash-study-cn (published)
  ENR   check-and-test-the-performance-of-electric-motors-according-to-chinese-rules-cn (3010c -> 12554c)
  ENR   chinese-arc-flash-analysis-a-comprehensive-guide-cn (1703c -> 13793c)
  NEW   harmonic-study-and-analysis-cn (published)
  ENR   how-can-the-quality-and-dependability-of-commercial-motors-be-evaluated-cn (2241c -> 13741c)
  ENR   how-to-conduct-a-power-quality-analysis-in-china-cn (3328c -> 13364c)
  NEW   motor-start-analysis-cn (published)
  NEW   power-quality-analysis-cn (published)
  NEW   power-system-study-and-analysis-cn (published)
  ENR   the-significance-of-arc-flash-hazard-analysis-and-mitigation-techniques-cn (2815c -> 13271c)
  ENR   why-are-harmonic-analysis-and-research-crucial-for-chinese-businesses-cn (2293c -> 13301c)
  ENR   why-load-flow-and-short-circuit-analysis-are-important-for-a-chinese-business-cn (2265c -> 12009c)
  ENR   working-principles-for-power-quality-in-china-cn (4811c -> 16552c)

=== DONE cn/blog ===
Created:  5
Enriched: 10
Skipped:  0
Failed:   0
