
Running 10 tests using 1 worker

  [200] it/service/arc-flash-study-in-greece body=318c img=Y
  ok  1 tests\country-wp-scrape.spec.ts:52:9 › Country WP scrape — it service › scrape it/service: arc-flash-study-in-greece (1.5m)
  [200] it/service/arc-flash-study-in-italy body=318c img=Y
  ok  2 tests\country-wp-scrape.spec.ts:52:9 › Country WP scrape — it service › scrape it/service: arc-flash-study-in-italy (1.3m)
  [200] it/service/harmonic-study-and-analysis-in-greece body=771c img=Y
  ok  3 tests\country-wp-scrape.spec.ts:52:9 › Country WP scrape — it service › scrape it/service: harmonic-study-and-analysis-in-greece (1.9m)
  [200] it/service/harmonic-study-and-analysis-in-italy body=771c img=Y
  ok  4 tests\country-wp-scrape.spec.ts:52:9 › Country WP scrape — it service › scrape it/service: harmonic-study-and-analysis-in-italy (1.8m)
  [200] it/service/motor-start-analysis-in-greece body=766c img=Y
  ok  5 tests\country-wp-scrape.spec.ts:52:9 › Country WP scrape — it service › scrape it/service: motor-start-analysis-in-greece (1.6m)
  [200] it/service/motor-start-analysis-in-italy body=766c img=Y
  ok  6 tests\country-wp-scrape.spec.ts:52:9 › Country WP scrape — it service › scrape it/service: motor-start-analysis-in-italy (1.6m)
  [200] it/service/power-quality-analysis-in-greece body=768c img=Y
  ok  7 tests\country-wp-scrape.spec.ts:52:9 › Country WP scrape — it service › scrape it/service: power-quality-analysis-in-greece (1.6m)
  [200] it/service/power-quality-analysis-in-italy body=768c img=Y
  ok  8 tests\country-wp-scrape.spec.ts:52:9 › Country WP scrape — it service › scrape it/service: power-quality-analysis-in-italy (1.6m)
  [200] it/service/power-system-study-and-analysis-in-greece body=775c img=Y
  ok  9 tests\country-wp-scrape.spec.ts:52:9 › Country WP scrape — it service › scrape it/service: power-system-study-and-analysis-in-greece (1.7m)
  [200] it/service/power-system-study-and-analysis-in-italy body=775c img=Y
  ok 10 tests\country-wp-scrape.spec.ts:52:9 › Country WP scrape — it service › scrape it/service: power-system-study-and-analysis-in-italy (1.6m)

  Slow test file: tests\country-wp-scrape.spec.ts (16.3m)
  Consider running tests from slow files in parallel. See: https://playwright.dev/docs/test-parallel
  10 passed (16.3m)
