
Running 13 tests using 1 worker

  [200] se/blog/a-step-by-step-guide-to-arc-flash-analysis-in-sweden body=6352c img=Y
  ok  1 tests\country-wp-scrape.spec.ts:52:9 › Country WP scrape — se blog › scrape se/blog: a-step-by-step-guide-to-arc-flash-analysis-in-sweden (48.1s)
  [200] se/blog/a-step-by-step-guide-to-arc-flash-analysis-in-the-united-kingdom body=6352c img=Y
  ok  2 tests\country-wp-scrape.spec.ts:52:9 › Country WP scrape — se blog › scrape se/blog: a-step-by-step-guide-to-arc-flash-analysis-in-the-united-kingdom (49.0s)
  [200] se/blog/analyze-and-evaluate-the-performance-of-electric-motors-as-per-swedish-regulations body=5045c img=Y
  ok  3 tests\country-wp-scrape.spec.ts:52:9 › Country WP scrape — se blog › scrape se/blog: analyze-and-evaluate-the-performance-of-electric-motors-as-per-swedish-regulations (47.7s)
  [200] se/blog/harmonic-analysis-of-swedish-power-system body=6346c img=Y
  ok  4 tests\country-wp-scrape.spec.ts:52:9 › Country WP scrape — se blog › scrape se/blog: harmonic-analysis-of-swedish-power-system (47.9s)
  [200] se/blog/how-can-the-electricity-quality-in-sweden-be-analyzed body=5890c img=Y
  ok  5 tests\country-wp-scrape.spec.ts:52:9 › Country WP scrape — se blog › scrape se/blog: how-can-the-electricity-quality-in-sweden-be-analyzed (48.2s)
  [200] se/blog/how-can-you-evaluate-the-functionality-and-dependability-of-commercial-motors body=6142c img=Y
  ok  6 tests\country-wp-scrape.spec.ts:52:9 › Country WP scrape — se blog › scrape se/blog: how-can-you-evaluate-the-functionality-and-dependability-of-commercial-motors (47.7s)
  [200] se/blog/load-flow-and-short-circuit-analysis-significance-for-swedish-businesses body=5213c img=Y
  ok  7 tests\country-wp-scrape.spec.ts:52:9 › Country WP scrape — se blog › scrape se/blog: load-flow-and-short-circuit-analysis-significance-for-swedish-businesses (47.8s)
  [200] se/blog/study-of-the-power-systems-load-flow-short-circuit-and-relay-coordination body=8298c img=Y
  ok  8 tests\country-wp-scrape.spec.ts:52:9 › Country WP scrape — se blog › scrape se/blog: study-of-the-power-systems-load-flow-short-circuit-and-relay-coordination (47.7s)
  [200] se/blog/swedish-power-quality-working-principles body=8990c img=Y
  ok  9 tests\country-wp-scrape.spec.ts:52:9 › Country WP scrape — se blog › scrape se/blog: swedish-power-quality-working-principles (48.1s)
  [200] se/blog/the-value-of-arc-flash-risk-assessment-and-prevention-strategies-in-sweden body=6140c img=Y
  ok 10 tests\country-wp-scrape.spec.ts:52:9 › Country WP scrape — se blog › scrape se/blog: the-value-of-arc-flash-risk-assessment-and-prevention-strategies-in-sweden (47.8s)
  [200] se/blog/the-value-of-arc-flash-risk-assessment-and-prevention-strategies-in-the-uk body=6140c img=Y
  ok 11 tests\country-wp-scrape.spec.ts:52:9 › Country WP scrape — se blog › scrape se/blog: the-value-of-arc-flash-risk-assessment-and-prevention-strategies-in-the-uk (48.8s)
  [200] se/blog/why-are-harmonic-analysis-and-studies-so-vital-for-swedish-businesses body=5772c img=Y
  ok 12 tests\country-wp-scrape.spec.ts:52:9 › Country WP scrape — se blog › scrape se/blog: why-are-harmonic-analysis-and-studies-so-vital-for-swedish-businesses (47.9s)
  [200] se/blog/why-are-harmonic-analysis-and-studies-so-vital-for-uk-businesses body=5351c img=Y
  ok 13 tests\country-wp-scrape.spec.ts:52:9 › Country WP scrape — se blog › scrape se/blog: why-are-harmonic-analysis-and-studies-so-vital-for-uk-businesses (1.8m)

  Slow test file: tests\country-wp-scrape.spec.ts (11.4m)
  Consider running tests from slow files in parallel. See: https://playwright.dev/docs/test-parallel
  13 passed (11.5m)
