
Running 8 tests using 1 worker

  [200] pl/blog/arc-flash-study body=5225c img=Y
  ok 1 tests\country-wp-scrape.spec.ts:52:9 › Country WP scrape — pl blog › scrape pl/blog: arc-flash-study (1.8m)
  [200] pl/blog/harmonic-study-analysis body=5415c img=Y
  ok 2 tests\country-wp-scrape.spec.ts:52:9 › Country WP scrape — pl blog › scrape pl/blog: harmonic-study-analysis (1.8m)
  [200] pl/blog/how-are-the-dependability-and-performance-of-commercial-motors-assessed body=9755c img=Y
  ok 3 tests\country-wp-scrape.spec.ts:52:9 › Country WP scrape — pl blog › scrape pl/blog: how-are-the-dependability-and-performance-of-commercial-motors-assessed (1.1m)
  [200] pl/blog/motor-start-analysis body=4853c img=Y
  ok 4 tests\country-wp-scrape.spec.ts:52:9 › Country WP scrape — pl blog › scrape pl/blog: motor-start-analysis (1.8m)
  [200] pl/blog/polish-guidelines-for-testing-and-verifying-electrical-motor-efficiency body=8639c img=Y
  ok 5 tests\country-wp-scrape.spec.ts:52:9 › Country WP scrape — pl blog › scrape pl/blog: polish-guidelines-for-testing-and-verifying-electrical-motor-efficiency (1.1m)
  [200] pl/blog/power-quality-analysis body=4774c img=Y
  ok 6 tests\country-wp-scrape.spec.ts:52:9 › Country WP scrape — pl blog › scrape pl/blog: power-quality-analysis (1.8m)
  [200] pl/blog/power-system-study-analysis body=5456c img=Y
  ok 7 tests\country-wp-scrape.spec.ts:52:9 › Country WP scrape — pl blog › scrape pl/blog: power-system-study-analysis (1.8m)
  [200] pl/blog/the-importance-of-load-flow-and-short-circuit-analysis-to-a-polish-business body=8490c img=Y
  ok 8 tests\country-wp-scrape.spec.ts:52:9 › Country WP scrape — pl blog › scrape pl/blog: the-importance-of-load-flow-and-short-circuit-analysis-to-a-polish-business (1.1m)

  Slow test file: tests\country-wp-scrape.spec.ts (12.2m)
  Consider running tests from slow files in parallel. See: https://playwright.dev/docs/test-parallel
  8 passed (12.2m)
