  ENR   arc-flash-analysis-in-argentina-a-detailed-guide-ar (3128c -> 6090c)
  NEW   arc-flash-study-ar (published)
  ENR   assessing-and-lowering-the-danger-of-an-arc-flash-is-crucial-ar (2886c -> 5905c)
  ENR   examine-and-confirm-electrical-motor-performance-in-compliance-with-argentine-regulations-ar (2716c -> 5271c)
  ENR   harmonic-analysis-of-the-argentine-power-system-ar (3207c -> 6304c)
  NEW   harmonic-study-and-analysis-ar (published)
  ENR   how-can-efficiency-and-reliability-of-commercial-motors-be-evaluated-ar (2922c -> 6129c)
  ENR   how-to-perform-a-power-quality-analysis-in-argentina-ar (2938c -> 5833c)
  ENR   load-flow-short-circuit-and-relay-coordination-in-power-system-analysis-ar (2935c -> 8005c)
  NEW   motor-start-analysis-ar (published)
  NEW   power-quality-analysis-ar (published)
  NEW   power-system-study-and-analysis-ar (published)
  ENR   principles-of-power-quality-work-in-argentina-ar (2775c -> 8900c)
  ENR   why-are-harmonic-analysis-and-study-important-for-businesses-in-argentina-ar (2598c -> 5768c)
  ENR   why-load-flow-and-short-circuit-analysis-important-for-argentine-business-ar (2442c -> 4895c)

=== DONE ar/blog ===
Created:  5
Enriched: 10
Skipped:  0
Failed:   0
