  NEW   arc-flash-study-in-greece-pt (published)
  NEW   arc-flash-study-in-portugal-pt (published)
  NEW   harmonic-study-and-analysis-in-greece-pt (published)
  NEW   harmonic-study-and-analysis-in-portugal-pt (published)
  NEW   motor-start-analysis-in-greece-pt (published)
  NEW   motor-start-analysis-in-portugal-pt (published)
  NEW   power-quality-analysis-in-greece-pt (published)
  NEW   power-quality-analysis-in-portugal-pt (published)
  NEW   power-system-study-and-analysis-in-greece-pt (published)
Traceback (most recent call last):
  File "C:\Users\RidaShahariyar\AppData\Local\Python\pythoncore-3.14-64\Lib\site-packages\urllib3\connectionpool.py", line 534, in _make_request
    response = conn.getresponse()
  File "C:\Users\RidaShahariyar\AppData\Local\Python\pythoncore-3.14-64\Lib\site-packages\urllib3\connection.py", line 571, in getresponse
    httplib_response = super().getresponse()
  File "C:\Users\RidaShahariyar\AppData\Local\Python\pythoncore-3.14-64\Lib\http\client.py", line 1450, in getresponse
    response.begin()
    ~~~~~~~~~~~~~~^^
  File "C:\Users\RidaShahariyar\AppData\Local\Python\pythoncore-3.14-64\Lib\http\client.py", line 336, in begin
    version, status, reason = self._read_status()
                              ~~~~~~~~~~~~~~~~~^^
  File "C:\Users\RidaShahariyar\AppData\Local\Python\pythoncore-3.14-64\Lib\http\client.py", line 297, in _read_status
    line = str(self.fp.readline(_MAXLINE + 1), "iso-8859-1")
               ~~~~~~~~~~~~~~~~^^^^^^^^^^^^^^
  File "C:\Users\RidaShahariyar\AppData\Local\Python\pythoncore-3.14-64\Lib\socket.py", line 725, in readinto
    return self._sock.recv_into(b)
           ~~~~~~~~~~~~~~~~~~~~^^^
  File "C:\Users\RidaShahariyar\AppData\Local\Python\pythoncore-3.14-64\Lib\ssl.py", line 1304, in recv_into
    return self.read(nbytes, buffer)
           ~~~~~~~~~^^^^^^^^^^^^^^^^
  File "C:\Users\RidaShahariyar\AppData\Local\Python\pythoncore-3.14-64\Lib\ssl.py", line 1138, in read
    return self._sslobj.read(len, buffer)
           ~~~~~~~~~~~~~~~~~^^^^^^^^^^^^^
TimeoutError: The read operation timed out

The above exception was the direct cause of the following exception:

Traceback (most recent call last):
  File "C:\Users\RidaShahariyar\AppData\Local\Python\pythoncore-3.14-64\Lib\site-packages\requests\adapters.py", line 645, in send
    resp = conn.urlopen(
        method=request.method,
    ...<9 lines>...
        chunked=chunked,
    )
  File "C:\Users\RidaShahariyar\AppData\Local\Python\pythoncore-3.14-64\Lib\site-packages\urllib3\connectionpool.py", line 841, in urlopen
    retries = retries.increment(
        method, url, error=new_e, _pool=self, _stacktrace=sys.exc_info()[2]
    )
  File "C:\Users\RidaShahariyar\AppData\Local\Python\pythoncore-3.14-64\Lib\site-packages\urllib3\util\retry.py", line 490, in increment
    raise reraise(type(error), error, _stacktrace)
          ~~~~~~~^^^^^^^^^^^^^^^^^^^^^^^^^^^^^^^^^
  File "C:\Users\RidaShahariyar\AppData\Local\Python\pythoncore-3.14-64\Lib\site-packages\urllib3\util\util.py", line 39, in reraise
    raise value
  File "C:\Users\RidaShahariyar\AppData\Local\Python\pythoncore-3.14-64\Lib\site-packages\urllib3\connectionpool.py", line 787, in urlopen
    response = self._make_request(
        conn,
    ...<10 lines>...
        **response_kw,
    )
  File "C:\Users\RidaShahariyar\AppData\Local\Python\pythoncore-3.14-64\Lib\site-packages\urllib3\connectionpool.py", line 536, in _make_request
    self._raise_timeout(err=e, url=url, timeout_value=read_timeout)
    ~~~~~~~~~~~~~~~~~~~^^^^^^^^^^^^^^^^^^^^^^^^^^^^^^^^^^^^^^^^^^^^
  File "C:\Users\RidaShahariyar\AppData\Local\Python\pythoncore-3.14-64\Lib\site-packages\urllib3\connectionpool.py", line 367, in _raise_timeout
    raise ReadTimeoutError(
        self, url, f"Read timed out. (read timeout={timeout_value})"
    ) from err
urllib3.exceptions.ReadTimeoutError: HTTPSConnectionPool(host='rational-cheese-8e8c4f80ea.strapiapp.com', port=443): Read timed out. (read timeout=30)

During handling of the above exception, another exception occurred:

Traceback (most recent call last):
  File "C:\Users\RidaShahariyar\OneDrive - Care Labs\Desktop\website_rebuild_project\scripts\country-post.py", line 170, in <module>
    main()
    ~~~~^^
  File "C:\Users\RidaShahariyar\OneDrive - Care Labs\Desktop\website_rebuild_project\scripts\country-post.py", line 114, in main
    if doc_id and publish(kind, doc_id):
                  ~~~~~~~^^^^^^^^^^^^^^
  File "C:\Users\RidaShahariyar\OneDrive - Care Labs\Desktop\website_rebuild_project\scripts\country-post.py", line 76, in publish
    r = requests.post(f"{STRAPI}/{endpoint(kind)}/{doc_id}/actions/publish", headers=HP, timeout=30)
  File "C:\Users\RidaShahariyar\AppData\Local\Python\pythoncore-3.14-64\Lib\site-packages\requests\api.py", line 115, in post
    return request("post", url, data=data, json=json, **kwargs)
  File "C:\Users\RidaShahariyar\AppData\Local\Python\pythoncore-3.14-64\Lib\site-packages\requests\api.py", line 59, in request
    return session.request(method=method, url=url, **kwargs)
           ~~~~~~~~~~~~~~~^^^^^^^^^^^^^^^^^^^^^^^^^^^^^^^^^^
  File "C:\Users\RidaShahariyar\AppData\Local\Python\pythoncore-3.14-64\Lib\site-packages\requests\sessions.py", line 592, in request
    resp = self.send(prep, **send_kwargs)
  File "C:\Users\RidaShahariyar\AppData\Local\Python\pythoncore-3.14-64\Lib\site-packages\requests\sessions.py", line 706, in send
    r = adapter.send(request, **kwargs)
  File "C:\Users\RidaShahariyar\AppData\Local\Python\pythoncore-3.14-64\Lib\site-packages\requests\adapters.py", line 691, in send
    raise ReadTimeout(e, request=request)
requests.exceptions.ReadTimeout: HTTPSConnectionPool(host='rational-cheese-8e8c4f80ea.strapiapp.com', port=443): Read timed out. (read timeout=30)
