
Running 10 tests using 1 worker

  [200] pt/service/arc-flash-study-in-greece body=808c img=Y
  ok  1 tests\country-wp-scrape.spec.ts:52:9 › Country WP scrape — pt service › scrape pt/service: arc-flash-study-in-greece (1.4m)
  [200] pt/service/arc-flash-study-in-portugal body=808c img=Y
  ok  2 tests\country-wp-scrape.spec.ts:52:9 › Country WP scrape — pt service › scrape pt/service: arc-flash-study-in-portugal (1.3m)
  [200] pt/service/harmonic-study-and-analysis-in-greece body=805c img=Y
  ok  3 tests\country-wp-scrape.spec.ts:52:9 › Country WP scrape — pt service › scrape pt/service: harmonic-study-and-analysis-in-greece (1.3m)
  [200] pt/service/harmonic-study-and-analysis-in-portugal body=805c img=Y
  ok  4 tests\country-wp-scrape.spec.ts:52:9 › Country WP scrape — pt service › scrape pt/service: harmonic-study-and-analysis-in-portugal (1.3m)
  [200] pt/service/motor-start-analysis-in-greece body=800c img=Y
  ok  5 tests\country-wp-scrape.spec.ts:52:9 › Country WP scrape — pt service › scrape pt/service: motor-start-analysis-in-greece (1.3m)
  [200] pt/service/motor-start-analysis-in-portugal body=800c img=Y
  ok  6 tests\country-wp-scrape.spec.ts:52:9 › Country WP scrape — pt service › scrape pt/service: motor-start-analysis-in-portugal (1.3m)
  [200] pt/service/power-quality-analysis-in-greece body=802c img=Y
  ok  7 tests\country-wp-scrape.spec.ts:52:9 › Country WP scrape — pt service › scrape pt/service: power-quality-analysis-in-greece (1.6m)
  [200] pt/service/power-quality-analysis-in-portugal body=802c img=Y
  ok  8 tests\country-wp-scrape.spec.ts:52:9 › Country WP scrape — pt service › scrape pt/service: power-quality-analysis-in-portugal (1.6m)
  [200] pt/service/power-system-study-and-analysis-in-greece body=809c img=Y
  ok  9 tests\country-wp-scrape.spec.ts:52:9 › Country WP scrape — pt service › scrape pt/service: power-system-study-and-analysis-in-greece (1.3m)
  [200] pt/service/power-system-study-and-analysis-in-portugal body=809c img=Y
  ok 10 tests\country-wp-scrape.spec.ts:52:9 › Country WP scrape — pt service › scrape pt/service: power-system-study-and-analysis-in-portugal (1.3m)

  Slow test file: tests\country-wp-scrape.spec.ts (13.7m)
  Consider running tests from slow files in parallel. See: https://playwright.dev/docs/test-parallel
  10 passed (13.8m)
