
Running 348 tests using 4 workers

  ok   1 tests\ae-link-audit.spec.ts:26:9 › AE Broken Link Fixes › Footer link /ae/services/arc-flash-study-analysis-ae/ should not 404 (5.0s)
  ok   2 tests\ae-post-fix-verify.spec.ts:20:9 › AE Post-Fix Verification — Zero Tolerance › Clean: /ae/ (5.0s)
  ok   3 tests\ae-content-quality.spec.ts:16:9 › AE Content Quality — No Formatting Artifacts › /ae/ — no stray ** markdown bold (5.4s)
  ok   5 tests\ae-link-audit.spec.ts:26:9 › AE Broken Link Fixes › Footer link /ae/services/short-circuit-study-analysis-ae/ should not 404 (956ms)
  ok   4 tests\ae-full-qa.spec.ts:36:9 › AE Full Site QA › QA: /ae/ (6.0s)
  ok   6 tests\ae-post-fix-verify.spec.ts:20:9 › AE Post-Fix Verification — Zero Tolerance › Clean: /ae/about/ (1.0s)
  ok   7 tests\ae-content-quality.spec.ts:23:9 › AE Content Quality — No Formatting Artifacts › /ae/ — no stray ## markdown headers in text (792ms)
  ok   8 tests\ae-link-audit.spec.ts:26:9 › AE Broken Link Fixes › Footer link /ae/services/load-flow-analysis-ae/ should not 404 (683ms)
  ok  11 tests\ae-content-quality.spec.ts:30:9 › AE Content Quality — No Formatting Artifacts › /ae/ — no HTML entities visible (703ms)
  ok   9 tests\ae-full-qa.spec.ts:36:9 › AE Full Site QA › QA: /ae/about/ (1.2s)
  ok  10 tests\ae-post-fix-verify.spec.ts:20:9 › AE Post-Fix Verification — Zero Tolerance › Clean: /ae/blog/ (1.3s)
  ok  12 tests\ae-link-audit.spec.ts:26:9 › AE Broken Link Fixes › Footer link /ae/services/relay-coordination-study-and-analysis-ae/ should not 404 (768ms)
  ok  13 tests\ae-content-quality.spec.ts:39:9 › AE Content Quality — No Formatting Artifacts › /ae/ — no null-prefixed emails (878ms)
  ok  15 tests\ae-link-audit.spec.ts:26:9 › AE Broken Link Fixes › Footer link /ae/services/protection-coordination-study-ae/ should not 404 (964ms)
  ok  17 tests\ae-content-quality.spec.ts:46:9 › AE Content Quality — No Formatting Artifacts › /ae/ — no Cloudflare email protection artifacts (882ms)
  ok  14 tests\ae-full-qa.spec.ts:36:9 › AE Full Site QA › QA: /ae/blog/ (1.5s)
  ok  16 tests\ae-post-fix-verify.spec.ts:20:9 › AE Post-Fix Verification — Zero Tolerance › Clean: /ae/blog/about-earth-fault-loop-impedence-test/ (1.4s)
  ok  18 tests\ae-link-audit.spec.ts:26:9 › AE Broken Link Fixes › Footer link /ae/services/cable-testing-ae/ should not 404 (687ms)
  ok  19 tests\ae-content-quality.spec.ts:52:9 › AE Content Quality — No Formatting Artifacts › /ae/ — no dead carelabs.me links (910ms)
  ok  21 tests\ae-post-fix-verify.spec.ts:20:9 › AE Post-Fix Verification — Zero Tolerance › Clean: /ae/blog/electrical-infrared-thermography-inspection-important/ (1.0s)
  ok  22 tests\ae-link-audit.spec.ts:32:7 › AE Broken Link Fixes › No /ae/contact-us/ links on about page (781ms)
  ok  20 tests\ae-full-qa.spec.ts:36:9 › AE Full Site QA › QA: /ae/blog/about-earth-fault-loop-impedence-test/ (1.4s)
  ok  25 tests\ae-link-audit.spec.ts:37:7 › AE Broken Link Fixes › No /ae/contact-us/ links on a service detail (860ms)
  ok  24 tests\ae-post-fix-verify.spec.ts:20:9 › AE Post-Fix Verification — Zero Tolerance › Clean: /ae/blog/electrical-installation-inspection-fulfilling-trakhees-guidelines-to-procure-operation-fitness-certificate-ofc/ (929ms)
  ok  23 tests\ae-content-quality.spec.ts:16:9 › AE Content Quality — No Formatting Artifacts › /ae/about/ — no stray ** markdown bold (1.1s)
  ok  26 tests\ae-full-qa.spec.ts:36:9 › AE Full Site QA › QA: /ae/blog/electrical-infrared-thermography-inspection-important/ (1.2s)
  ok  29 tests\ae-content-quality.spec.ts:23:9 › AE Content Quality — No Formatting Artifacts › /ae/about/ — no stray ## markdown headers in text (794ms)
  ok  28 tests\ae-post-fix-verify.spec.ts:20:9 › AE Post-Fix Verification — Zero Tolerance › Clean: /ae/blog/how-what-why-generator-load-bank-testing-done/ (816ms)
  ok  27 tests\ae-link-audit.spec.ts:44:7 › AE Broken Link Fixes › No nullinfo@ / nullmailto: anywhere on homepage (1.0s)
  ok  32 tests\ae-post-fix-verify.spec.ts:20:9 › AE Post-Fix Verification — Zero Tolerance › Clean: /ae/blog/learn-about-residual-current-device-testing-safety/ (843ms)
  ok  33 tests\ae-link-audit.spec.ts:51:7 › AE Broken Link Fixes › No /cdn-cgi/ links on Trakhees blog post (813ms)
  ok  31 tests\ae-content-quality.spec.ts:30:9 › AE Content Quality — No Formatting Artifacts › /ae/about/ — no HTML entities visible (1.1s)
  ok  30 tests\ae-full-qa.spec.ts:36:9 › AE Full Site QA › QA: /ae/blog/electrical-installation-inspection-fulfilling-trakhees-guidelines-to-procure-operation-fitness-certificate-ofc/ (1.4s)
  ok  35 tests\ae-link-audit.spec.ts:58:7 › AE Broken Link Fixes › No carelabs.me links on Megger Test blog (712ms)
  ok  34 tests\ae-post-fix-verify.spec.ts:20:9 › AE Post-Fix Verification — Zero Tolerance › Clean: /ae/blog/learn-continuity-testing-what-how/ (1.1s)
  ok  36 tests\ae-content-quality.spec.ts:39:9 › AE Content Quality — No Formatting Artifacts › /ae/about/ — no null-prefixed emails (919ms)
  ok  37 tests\ae-full-qa.spec.ts:36:9 › AE Full Site QA › QA: /ae/blog/how-what-why-generator-load-bank-testing-done/ (1.1s)
  ok  38 tests\ae-link-audit.spec.ts:65:7 › AE Broken Link Fixes › Footer renders 4 category hrefs on /ae/ (866ms)
  ok  39 tests\ae-post-fix-verify.spec.ts:20:9 › AE Post-Fix Verification — Zero Tolerance › Clean: /ae/blog/learn-how-insulation-resistance-test-done/ (797ms)
  ok  40 tests\ae-content-quality.spec.ts:46:9 › AE Content Quality — No Formatting Artifacts › /ae/about/ — no Cloudflare email protection artifacts (783ms)
  ok  41 tests\ae-full-qa.spec.ts:36:9 › AE Full Site QA › QA: /ae/blog/learn-about-residual-current-device-testing-safety/ (1.1s)
  ok  42 tests\ae-post-fix-verify.spec.ts:20:9 › AE Post-Fix Verification — Zero Tolerance › Clean: /ae/blog/learn-what-is-earth-ground-test-why-and-how-is-it-done/ (929ms)
  ok  43 tests\ae-content-quality.spec.ts:52:9 › AE Content Quality — No Formatting Artifacts › /ae/about/ — no dead carelabs.me links (1.0s)
  ok  45 tests\ae-post-fix-verify.spec.ts:20:9 › AE Post-Fix Verification — Zero Tolerance › Clean: /ae/blog/megger-test-performed/ (694ms)
  ok  44 tests\ae-full-qa.spec.ts:36:9 › AE Full Site QA › QA: /ae/blog/learn-continuity-testing-what-how/ (1.1s)
  ok  46 tests\ae-content-quality.spec.ts:16:9 › AE Content Quality — No Formatting Artifacts › /ae/contact/ — no stray ** markdown bold (1.1s)
  ok  47 tests\ae-post-fix-verify.spec.ts:20:9 › AE Post-Fix Verification — Zero Tolerance › Clean: /ae/blog/need-conduct-electrical-safety-testing/ (733ms)
  ok  48 tests\ae-full-qa.spec.ts:36:9 › AE Full Site QA › QA: /ae/blog/learn-how-insulation-resistance-test-done/ (1.1s)
  ok  50 tests\ae-post-fix-verify.spec.ts:20:9 › AE Post-Fix Verification — Zero Tolerance › Clean: /ae/blog/protecting-electrical-systems/ (752ms)
  ok  49 tests\ae-content-quality.spec.ts:23:9 › AE Content Quality — No Formatting Artifacts › /ae/contact/ — no stray ## markdown headers in text (1.1s)
  ok  51 tests\ae-full-qa.spec.ts:36:9 › AE Full Site QA › QA: /ae/blog/learn-what-is-earth-ground-test-why-and-how-is-it-done/ (1.1s)
  ok  52 tests\ae-post-fix-verify.spec.ts:20:9 › AE Post-Fix Verification — Zero Tolerance › Clean: /ae/blog/purpose-lightning-arrester-testing-necessary/ (769ms)
  ok  53 tests\ae-content-quality.spec.ts:30:9 › AE Content Quality — No Formatting Artifacts › /ae/contact/ — no HTML entities visible (874ms)
  ok  55 tests\ae-post-fix-verify.spec.ts:20:9 › AE Post-Fix Verification — Zero Tolerance › Clean: /ae/blog/thermography-test-of-electrical-panels/ (708ms)
  ok  54 tests\ae-full-qa.spec.ts:36:9 › AE Full Site QA › QA: /ae/blog/megger-test-performed/ (1.1s)
  ok  56 tests\ae-content-quality.spec.ts:39:9 › AE Content Quality — No Formatting Artifacts › /ae/contact/ — no null-prefixed emails (985ms)
  ok  57 tests\ae-post-fix-verify.spec.ts:20:9 › AE Post-Fix Verification — Zero Tolerance › Clean: /ae/blog/thermography-testing-of-electrical-equipment/ (793ms)
  ok  59 tests\ae-content-quality.spec.ts:46:9 › AE Content Quality — No Formatting Artifacts › /ae/contact/ — no Cloudflare email protection artifacts (879ms)
  ok  58 tests\ae-full-qa.spec.ts:36:9 › AE Full Site QA › QA: /ae/blog/need-conduct-electrical-safety-testing/ (1.1s)
  ok  60 tests\ae-post-fix-verify.spec.ts:20:9 › AE Post-Fix Verification — Zero Tolerance › Clean: /ae/blog/what-automatic-transfer-switch-testing-how-automatic-transfer-switch-testing-done/ (720ms)
  ok  63 tests\ae-post-fix-verify.spec.ts:20:9 › AE Post-Fix Verification — Zero Tolerance › Clean: /ae/blog/what-cable-testing-how-cable-testing-done/ (776ms)
  ok  61 tests\ae-content-quality.spec.ts:52:9 › AE Content Quality — No Formatting Artifacts › /ae/contact/ — no dead carelabs.me links (1.1s)
  ok  62 tests\ae-full-qa.spec.ts:36:9 › AE Full Site QA › QA: /ae/blog/protecting-electrical-systems/ (1.1s)
  ok  64 tests\ae-post-fix-verify.spec.ts:20:9 › AE Post-Fix Verification — Zero Tolerance › Clean: /ae/blog/what-capacitor-bank-testing-why-capacitor-bank-testing-done/ (738ms)
  ok  66 tests\ae-full-qa.spec.ts:36:9 › AE Full Site QA › QA: /ae/blog/purpose-lightning-arrester-testing-necessary/ (1.0s)
  ok  65 tests\ae-content-quality.spec.ts:16:9 › AE Content Quality — No Formatting Artifacts › /ae/services/ — no stray ** markdown bold (1.2s)
  ok  67 tests\ae-post-fix-verify.spec.ts:20:9 › AE Post-Fix Verification — Zero Tolerance › Clean: /ae/blog/what-circuit-breaker-testing-how-circuit-breaker-testing-done/ (992ms)
  ok  69 tests\ae-content-quality.spec.ts:23:9 › AE Content Quality — No Formatting Artifacts › /ae/services/ — no stray ## markdown headers in text (1.1s)
  ok  68 tests\ae-full-qa.spec.ts:36:9 › AE Full Site QA › QA: /ae/blog/thermography-test-of-electrical-panels/ (1.3s)
  ok  70 tests\ae-post-fix-verify.spec.ts:20:9 › AE Post-Fix Verification — Zero Tolerance › Clean: /ae/blog/what-contact-resistance-test-why-contact-resistance-testing-done/ (938ms)
  ok  73 tests\ae-post-fix-verify.spec.ts:20:9 › AE Post-Fix Verification — Zero Tolerance › Clean: /ae/blog/what-earth-grounding/ (755ms)
  ok  71 tests\ae-content-quality.spec.ts:30:9 › AE Content Quality — No Formatting Artifacts › /ae/services/ — no HTML entities visible (1.1s)
  ok  72 tests\ae-full-qa.spec.ts:36:9 › AE Full Site QA › QA: /ae/blog/thermography-testing-of-electrical-equipment/ (1.3s)
  ok  74 tests\ae-post-fix-verify.spec.ts:20:9 › AE Post-Fix Verification — Zero Tolerance › Clean: /ae/blog/what-factory-acceptance-testing-how-fat-done/ (756ms)
  ok  75 tests\ae-content-quality.spec.ts:39:9 › AE Content Quality — No Formatting Artifacts › /ae/services/ — no null-prefixed emails (968ms)
  ok  77 tests\ae-post-fix-verify.spec.ts:20:9 › AE Post-Fix Verification — Zero Tolerance › Clean: /ae/blog/what-ground-fault-testing-why-ground-fault-testing-important/ (772ms)
  ok  76 tests\ae-full-qa.spec.ts:36:9 › AE Full Site QA › QA: /ae/blog/what-automatic-transfer-switch-testing-how-automatic-transfer-switch-testing-done/ (1.2s)
  ok  78 tests\ae-content-quality.spec.ts:46:9 › AE Content Quality — No Formatting Artifacts › /ae/services/ — no Cloudflare email protection artifacts (920ms)
  ok  79 tests\ae-post-fix-verify.spec.ts:20:9 › AE Post-Fix Verification — Zero Tolerance › Clean: /ae/blog/what-how-grounding-design-planning/ (713ms)
  ok  81 tests\ae-content-quality.spec.ts:52:9 › AE Content Quality — No Formatting Artifacts › /ae/services/ — no dead carelabs.me links (882ms)
  ok  80 tests\ae-full-qa.spec.ts:36:9 › AE Full Site QA › QA: /ae/blog/what-cable-testing-how-cable-testing-done/ (1.4s)
  ok  82 tests\ae-post-fix-verify.spec.ts:20:9 › AE Post-Fix Verification — Zero Tolerance › Clean: /ae/blog/what-how-harmonic-study-analysis-done/ (796ms)
  ok  85 tests\ae-post-fix-verify.spec.ts:20:9 › AE Post-Fix Verification — Zero Tolerance › Clean: /ae/blog/what-is-electric-motor-testing-and-why-is-it-done/ (709ms)
  ok  83 tests\ae-content-quality.spec.ts:16:9 › AE Content Quality — No Formatting Artifacts › /ae/blog/ — no stray ** markdown bold (964ms)
  ok  84 tests\ae-full-qa.spec.ts:36:9 › AE Full Site QA › QA: /ae/blog/what-capacitor-bank-testing-why-capacitor-bank-testing-done/ (1.3s)
  x   86 tests\ae-post-fix-verify.spec.ts:20:9 › AE Post-Fix Verification — Zero Tolerance › Clean: /ae/blog/what-is-soil-resistivity-test-how-is-soil-resistivity-testing-done/ (841ms)
  ok  87 tests\ae-content-quality.spec.ts:23:9 › AE Content Quality — No Formatting Artifacts › /ae/blog/ — no stray ## markdown headers in text (1.0s)
  ok  88 tests\ae-full-qa.spec.ts:36:9 › AE Full Site QA › QA: /ae/blog/what-circuit-breaker-testing-how-circuit-breaker-testing-done/ (1.4s)
  ok  89 tests\ae-content-quality.spec.ts:30:9 › AE Content Quality — No Formatting Artifacts › /ae/blog/ — no HTML entities visible (1.3s)
  ok  90 tests\ae-full-qa.spec.ts:36:9 › AE Full Site QA › QA: /ae/blog/what-contact-resistance-test-why-contact-resistance-testing-done/ (1.5s)
  ok  91 tests\ae-content-quality.spec.ts:39:9 › AE Content Quality — No Formatting Artifacts › /ae/blog/ — no null-prefixed emails (1.0s)
  ok  92 tests\ae-post-fix-verify.spec.ts:20:9 › AE Post-Fix Verification — Zero Tolerance › Clean: /ae/blog/what-is-torque-testing-how-is-torque-testing-done/ (971ms)
  ok  93 tests\ae-full-qa.spec.ts:36:9 › AE Full Site QA › QA: /ae/blog/what-earth-grounding/ (1.0s)
  ok  94 tests\ae-content-quality.spec.ts:46:9 › AE Content Quality — No Formatting Artifacts › /ae/blog/ — no Cloudflare email protection artifacts (1.2s)
  ok  95 tests\ae-post-fix-verify.spec.ts:20:9 › AE Post-Fix Verification — Zero Tolerance › Clean: /ae/blog/what-leakage-current-testing-measuring-how-leakage-current-testing-measuring-done/ (792ms)
  ok  96 tests\ae-full-qa.spec.ts:36:9 › AE Full Site QA › QA: /ae/blog/what-factory-acceptance-testing-how-fat-done/ (1.1s)
  ok  97 tests\ae-content-quality.spec.ts:52:9 › AE Content Quality — No Formatting Artifacts › /ae/blog/ — no dead carelabs.me links (924ms)
  ok  98 tests\ae-post-fix-verify.spec.ts:20:9 › AE Post-Fix Verification — Zero Tolerance › Clean: /ae/blog/what-motor-acceleration-study-analysis/ (749ms)
  ok 101 tests\ae-post-fix-verify.spec.ts:20:9 › AE Post-Fix Verification — Zero Tolerance › Clean: /ae/blog/what-pat-test-why-pat-test-done/ (744ms)
  ok 100 tests\ae-content-quality.spec.ts:16:9 › AE Content Quality — No Formatting Artifacts › /ae/case-studies/ — no stray ** markdown bold (977ms)
  ok  99 tests\ae-full-qa.spec.ts:36:9 › AE Full Site QA › QA: /ae/blog/what-ground-fault-testing-why-ground-fault-testing-important/ (1.2s)
  ok 102 tests\ae-post-fix-verify.spec.ts:20:9 › AE Post-Fix Verification — Zero Tolerance › Clean: /ae/blog/what-polarity-test-why-conduct-polarity-test/ (704ms)
  ok 103 tests\ae-content-quality.spec.ts:23:9 › AE Content Quality — No Formatting Artifacts › /ae/case-studies/ — no stray ## markdown headers in text (681ms)
  ok 104 tests\ae-full-qa.spec.ts:36:9 › AE Full Site QA › QA: /ae/blog/what-how-grounding-design-planning/ (942ms)
  ok 105 tests\ae-post-fix-verify.spec.ts:20:9 › AE Post-Fix Verification — Zero Tolerance › Clean: /ae/blog/what-protective-device-testing-how-done/ (768ms)
  ok 106 tests\ae-content-quality.spec.ts:30:9 › AE Content Quality — No Formatting Artifacts › /ae/case-studies/ — no HTML entities visible (629ms)
  ok 109 tests\ae-content-quality.spec.ts:39:9 › AE Content Quality — No Formatting Artifacts › /ae/case-studies/ — no null-prefixed emails (725ms)
  x  108 tests\ae-post-fix-verify.spec.ts:20:9 › AE Post-Fix Verification — Zero Tolerance › Clean: /ae/blog/what-short-circuit-analysis-done-why/ (729ms)
  ok 107 tests\ae-full-qa.spec.ts:36:9 › AE Full Site QA › QA: /ae/blog/what-how-harmonic-study-analysis-done/ (1.2s)
  ok 110 tests\ae-content-quality.spec.ts:46:9 › AE Content Quality — No Formatting Artifacts › /ae/case-studies/ — no Cloudflare email protection artifacts (627ms)
  ok 111 tests\ae-full-qa.spec.ts:36:9 › AE Full Site QA › QA: /ae/blog/what-is-electric-motor-testing-and-why-is-it-done/ (1.1s)
  ok 112 tests\ae-content-quality.spec.ts:52:9 › AE Content Quality — No Formatting Artifacts › /ae/case-studies/ — no dead carelabs.me links (710ms)

[/ae/blog/what-is-soil-resistivity-test-how-is-soil-resistivity-testing-done/] 1 issues
  [ASTERISK] Note: Temperature and moisture content both become more stable as distance below the surface of the 
  ok 113 tests\ae-full-qa.spec.ts:36:9 › AE Full Site QA › QA: /ae/blog/what-is-soil-resistivity-test-how-is-soil-resistivity-testing-done/ (1.2s)
  ok 115 tests\ae-post-fix-verify.spec.ts:20:9 › AE Post-Fix Verification — Zero Tolerance › Clean: /ae/blog/what-voltage-drop-study-analysis/ (894ms)
  ok 117 tests\ae-post-fix-verify.spec.ts:20:9 › AE Post-Fix Verification — Zero Tolerance › Clean: /ae/blog/what-why-load-flow-analysis-power-flow-analysis-done/ (702ms)
  ok 116 tests\ae-full-qa.spec.ts:36:9 › AE Full Site QA › QA: /ae/blog/what-is-torque-testing-how-is-torque-testing-done/ (1.1s)
  ok 118 tests\ae-post-fix-verify.spec.ts:20:9 › AE Post-Fix Verification — Zero Tolerance › Clean: /ae/blog/what-you-need-to-know-about-arc-flash-hazard-study-and-analysis/ (650ms)
  ok 119 tests\ae-full-qa.spec.ts:36:9 › AE Full Site QA › QA: /ae/blog/what-leakage-current-testing-measuring-how-leakage-current-testing-measuring-done/ (981ms)
  ok 120 tests\ae-post-fix-verify.spec.ts:20:9 › AE Post-Fix Verification — Zero Tolerance › Clean: /ae/blog/what-you-need-to-know-about-arc-flash/ (775ms)
  ok 122 tests\ae-post-fix-verify.spec.ts:20:9 › AE Post-Fix Verification — Zero Tolerance › Clean: /ae/blog/why-how-what-automatic-transfer-switch-testing-done/ (683ms)
  ok 121 tests\ae-full-qa.spec.ts:36:9 › AE Full Site QA › QA: /ae/blog/what-motor-acceleration-study-analysis/ (964ms)
  ok 123 tests\ae-post-fix-verify.spec.ts:20:9 › AE Post-Fix Verification — Zero Tolerance › Clean: /ae/case-studies/ (646ms)
  ok 124 tests\ae-full-qa.spec.ts:36:9 › AE Full Site QA › QA: /ae/blog/what-pat-test-why-pat-test-done/ (1.0s)
  ok 125 tests\ae-post-fix-verify.spec.ts:20:9 › AE Post-Fix Verification — Zero Tolerance › Clean: /ae/case-studies/coca-cola-abu-dhabi-arc-flash-study/ (929ms)
  ok 126 tests\ae-full-qa.spec.ts:36:9 › AE Full Site QA › QA: /ae/blog/what-polarity-test-why-conduct-polarity-test/ (1.0s)
  ok 127 tests\ae-post-fix-verify.spec.ts:20:9 › AE Post-Fix Verification — Zero Tolerance › Clean: /ae/contact/ (950ms)
  ok 128 tests\ae-full-qa.spec.ts:36:9 › AE Full Site QA › QA: /ae/blog/what-protective-device-testing-how-done/ (969ms)
  ok 129 tests\ae-post-fix-verify.spec.ts:20:9 › AE Post-Fix Verification — Zero Tolerance › Clean: /ae/services/ (859ms)
  ok 131 tests\ae-post-fix-verify.spec.ts:20:9 › AE Post-Fix Verification — Zero Tolerance › Clean: /ae/services/arc-flash-study-analysis/ (718ms)

[/ae/blog/what-short-circuit-analysis-done-why/] 1 issues
  [ASTERISK] Short circuit analysis essentially consists of determining the steady state solution of a linear net
  ok 130 tests\ae-full-qa.spec.ts:36:9 › AE Full Site QA › QA: /ae/blog/what-short-circuit-analysis-done-why/ (1.1s)
  ok 132 tests\ae-post-fix-verify.spec.ts:20:9 › AE Post-Fix Verification — Zero Tolerance › Clean: /ae/services/arc-flash-study/ (707ms)
  ok 133 tests\ae-full-qa.spec.ts:36:9 › AE Full Site QA › QA: /ae/blog/what-voltage-drop-study-analysis/ (890ms)
  ok 134 tests\ae-post-fix-verify.spec.ts:20:9 › AE Post-Fix Verification — Zero Tolerance › Clean: /ae/services/automatic-transfer-switch-testing-service/ (707ms)
  ok 135 tests\ae-full-qa.spec.ts:36:9 › AE Full Site QA › QA: /ae/blog/what-why-load-flow-analysis-power-flow-analysis-done/ (932ms)
  ok 136 tests\ae-post-fix-verify.spec.ts:20:9 › AE Post-Fix Verification — Zero Tolerance › Clean: /ae/services/battery-test/ (668ms)
  ok 138 tests\ae-post-fix-verify.spec.ts:20:9 › AE Post-Fix Verification — Zero Tolerance › Clean: /ae/services/battery-testing-services-dubai-uae/ (712ms)
  ok 137 tests\ae-full-qa.spec.ts:36:9 › AE Full Site QA › QA: /ae/blog/what-you-need-to-know-about-arc-flash-hazard-study-and-analysis/ (1.1s)
  ok 139 tests\ae-post-fix-verify.spec.ts:20:9 › AE Post-Fix Verification — Zero Tolerance › Clean: /ae/services/biomedical-equipment-safety-inspection-services/ (727ms)
  ok 140 tests\ae-full-qa.spec.ts:36:9 › AE Full Site QA › QA: /ae/blog/what-you-need-to-know-about-arc-flash/ (950ms)
  ok 141 tests\ae-post-fix-verify.spec.ts:20:9 › AE Post-Fix Verification — Zero Tolerance › Clean: /ae/services/biomedical-equipment-safety-inspection/ (641ms)
  ok 143 tests\ae-post-fix-verify.spec.ts:20:9 › AE Post-Fix Verification — Zero Tolerance › Clean: /ae/services/biomedical-equipment-safety-testing-services/ (692ms)
  ok 142 tests\ae-full-qa.spec.ts:36:9 › AE Full Site QA › QA: /ae/blog/why-how-what-automatic-transfer-switch-testing-done/ (955ms)
  ok 144 tests\ae-post-fix-verify.spec.ts:20:9 › AE Post-Fix Verification — Zero Tolerance › Clean: /ae/services/blast-chiller-calibration/ (776ms)
  ok 145 tests\ae-full-qa.spec.ts:36:9 › AE Full Site QA › QA: /ae/case-studies/ (999ms)
  ok 146 tests\ae-post-fix-verify.spec.ts:20:9 › AE Post-Fix Verification — Zero Tolerance › Clean: /ae/services/building-envelope-infrared-thermography-inspection-service/ (966ms)
  ok 147 tests\ae-full-qa.spec.ts:36:9 › AE Full Site QA › QA: /ae/case-studies/coca-cola-abu-dhabi-arc-flash-study/ (1.2s)
  ok 148 tests\ae-post-fix-verify.spec.ts:20:9 › AE Post-Fix Verification — Zero Tolerance › Clean: /ae/services/cable-testing/ (797ms)
  x  114 tests\ae-content-quality.spec.ts:59:7 › AE Content Quality — No Formatting Artifacts › Service detail body has no ** artifacts (16.0s)
  ok 150 tests\ae-post-fix-verify.spec.ts:20:9 › AE Post-Fix Verification — Zero Tolerance › Clean: /ae/services/capacitor-bank-test/ (722ms)

[/ae/contact/] 4 issues
  [ELLIPSIS] Select a service...
  [ASTERISK] Full Name *
  [ASTERISK] Email Address *
  [ASTERISK] Message *
  ok 149 tests\ae-full-qa.spec.ts:36:9 › AE Full Site QA › QA: /ae/contact/ (1.3s)
  ok 151 tests\ae-post-fix-verify.spec.ts:20:9 › AE Post-Fix Verification — Zero Tolerance › Clean: /ae/services/category/calibration/ (993ms)
  ok 152 tests\ae-full-qa.spec.ts:36:9 › AE Full Site QA › QA: /ae/services/ (1.1s)
  ok 154 tests\ae-post-fix-verify.spec.ts:20:9 › AE Post-Fix Verification — Zero Tolerance › Clean: /ae/services/category/inspection/ (820ms)
  ok 155 tests\ae-full-qa.spec.ts:36:9 › AE Full Site QA › QA: /ae/services/arc-flash-study-analysis/ (1.0s)
  ok 153 tests\ae-content-quality.spec.ts:77:7 › AE Content Quality — No Formatting Artifacts › Blog detail body has no ** artifacts (1.6s)
  ok 156 tests\ae-post-fix-verify.spec.ts:20:9 › AE Post-Fix Verification — Zero Tolerance › Clean: /ae/services/category/study-and-analysis/ (948ms)
  ok 157 tests\ae-full-qa.spec.ts:36:9 › AE Full Site QA › QA: /ae/services/arc-flash-study/ (1.3s)
  ok 158 tests\ae-post-fix-verify.spec.ts:20:9 › AE Post-Fix Verification — Zero Tolerance › Clean: /ae/services/category/testing/ (968ms)
  ok 159 tests\ae-full-qa.spec.ts:36:9 › AE Full Site QA › QA: /ae/services/automatic-transfer-switch-testing-service/ (1.1s)
  ok 160 tests\ae-post-fix-verify.spec.ts:20:9 › AE Post-Fix Verification — Zero Tolerance › Clean: /ae/services/chiller-calibration/ (901ms)
  ok 162 tests\ae-post-fix-verify.spec.ts:20:9 › AE Post-Fix Verification — Zero Tolerance › Clean: /ae/services/circuit-breaker-testing/ (789ms)
  ok 161 tests\ae-full-qa.spec.ts:36:9 › AE Full Site QA › QA: /ae/services/battery-test/ (1.1s)
  ok 163 tests\ae-post-fix-verify.spec.ts:20:9 › AE Post-Fix Verification — Zero Tolerance › Clean: /ae/services/commercial-electrical-inspection/ (873ms)
  ok 164 tests\ae-full-qa.spec.ts:36:9 › AE Full Site QA › QA: /ae/services/battery-testing-services-dubai-uae/ (1.1s)
  ok 165 tests\ae-post-fix-verify.spec.ts:20:9 › AE Post-Fix Verification — Zero Tolerance › Clean: /ae/services/commercial-electrical-test/ (706ms)
  ok 167 tests\ae-post-fix-verify.spec.ts:20:9 › AE Post-Fix Verification — Zero Tolerance › Clean: /ae/services/commercial-electrical-testing/ (688ms)
  ok 166 tests\ae-full-qa.spec.ts:36:9 › AE Full Site QA › QA: /ae/services/biomedical-equipment-safety-inspection-services/ (1.1s)
  ok 168 tests\ae-post-fix-verify.spec.ts:20:9 › AE Post-Fix Verification — Zero Tolerance › Clean: /ae/services/compliance-as-a-service/ (962ms)
  ok 169 tests\ae-full-qa.spec.ts:36:9 › AE Full Site QA › QA: /ae/services/biomedical-equipment-safety-inspection/ (1.1s)
  ok 170 tests\ae-post-fix-verify.spec.ts:20:9 › AE Post-Fix Verification — Zero Tolerance › Clean: /ae/services/contact-resistance-test/ (691ms)
  ok 171 tests\ae-full-qa.spec.ts:36:9 › AE Full Site QA › QA: /ae/services/biomedical-equipment-safety-testing-services/ (1.2s)
  ok 172 tests\ae-post-fix-verify.spec.ts:20:9 › AE Post-Fix Verification — Zero Tolerance › Clean: /ae/services/contact-resistance-testing-service/ (880ms)
  ok 174 tests\ae-post-fix-verify.spec.ts:20:9 › AE Post-Fix Verification — Zero Tolerance › Clean: /ae/services/continuity-test/ (659ms)
  ok 173 tests\ae-full-qa.spec.ts:36:9 › AE Full Site QA › QA: /ae/services/blast-chiller-calibration/ (917ms)
  ok 175 tests\ae-post-fix-verify.spec.ts:20:9 › AE Post-Fix Verification — Zero Tolerance › Clean: /ae/services/continuity-testing/ (754ms)
  ok 176 tests\ae-full-qa.spec.ts:36:9 › AE Full Site QA › QA: /ae/services/building-envelope-infrared-thermography-inspection-service/ (1.0s)
  ok 177 tests\ae-post-fix-verify.spec.ts:20:9 › AE Post-Fix Verification — Zero Tolerance › Clean: /ae/services/digital-thermometer-calibration/ (657ms)
  ok 178 tests\ae-full-qa.spec.ts:36:9 › AE Full Site QA › QA: /ae/services/cable-testing/ (962ms)
  ok 179 tests\ae-post-fix-verify.spec.ts:20:9 › AE Post-Fix Verification — Zero Tolerance › Clean: /ae/services/earth-fault-loop-impedence-test/ (704ms)
  ok 181 tests\ae-post-fix-verify.spec.ts:20:9 › AE Post-Fix Verification — Zero Tolerance › Clean: /ae/services/earth-ground-test/ (645ms)
  ok 180 tests\ae-full-qa.spec.ts:36:9 › AE Full Site QA › QA: /ae/services/capacitor-bank-test/ (1.0s)
  ok 182 tests\ae-post-fix-verify.spec.ts:20:9 › AE Post-Fix Verification — Zero Tolerance › Clean: /ae/services/earth-ground-testing-service/ (694ms)
  ok 184 tests\ae-post-fix-verify.spec.ts:20:9 › AE Post-Fix Verification — Zero Tolerance › Clean: /ae/services/electric-motor-testing/ (710ms)
  ok 183 tests\ae-full-qa.spec.ts:36:9 › AE Full Site QA › QA: /ae/services/category/calibration/ (1.2s)
  ok 185 tests\ae-post-fix-verify.spec.ts:20:9 › AE Post-Fix Verification — Zero Tolerance › Clean: /ae/services/electric-switchgear-testing-services/ (660ms)
  ok 186 tests\ae-full-qa.spec.ts:36:9 › AE Full Site QA › QA: /ae/services/category/inspection/ (1.0s)
  ok 187 tests\ae-post-fix-verify.spec.ts:20:9 › AE Post-Fix Verification — Zero Tolerance › Clean: /ae/services/electrical-calibration/ (683ms)
  ok 189 tests\ae-post-fix-verify.spec.ts:20:9 › AE Post-Fix Verification — Zero Tolerance › Clean: /ae/services/electrical-compliance-inspection/ (723ms)
  ok 188 tests\ae-full-qa.spec.ts:36:9 › AE Full Site QA › QA: /ae/services/category/study-and-analysis/ (1.1s)
  ok 190 tests\ae-post-fix-verify.spec.ts:20:9 › AE Post-Fix Verification — Zero Tolerance › Clean: /ae/services/electrical-installations-certification-service/ (668ms)
  ok 192 tests\ae-post-fix-verify.spec.ts:20:9 › AE Post-Fix Verification — Zero Tolerance › Clean: /ae/services/electrical-installations-certification/ (668ms)
  ok 191 tests\ae-full-qa.spec.ts:36:9 › AE Full Site QA › QA: /ae/services/category/testing/ (1.4s)
  ok 193 tests\ae-post-fix-verify.spec.ts:20:9 › AE Post-Fix Verification — Zero Tolerance › Clean: /ae/services/electrical-safety-audit-service/ (673ms)
  ok 194 tests\ae-full-qa.spec.ts:36:9 › AE Full Site QA › QA: /ae/services/chiller-calibration/ (1.1s)
  ok 195 tests\ae-post-fix-verify.spec.ts:20:9 › AE Post-Fix Verification — Zero Tolerance › Clean: /ae/services/electrical-safety-audit/ (726ms)
  ok 197 tests\ae-post-fix-verify.spec.ts:20:9 › AE Post-Fix Verification — Zero Tolerance › Clean: /ae/services/electrical-safety-auditing-inspection-service/ (681ms)
  ok 196 tests\ae-full-qa.spec.ts:36:9 › AE Full Site QA › QA: /ae/services/circuit-breaker-testing/ (1.1s)
  ok 198 tests\ae-post-fix-verify.spec.ts:20:9 › AE Post-Fix Verification — Zero Tolerance › Clean: /ae/services/electrical-safety-test/ (722ms)
  ok 199 tests\ae-full-qa.spec.ts:36:9 › AE Full Site QA › QA: /ae/services/commercial-electrical-inspection/ (1.0s)
  ok 200 tests\ae-post-fix-verify.spec.ts:20:9 › AE Post-Fix Verification — Zero Tolerance › Clean: /ae/services/electrical-safety-testing/ (681ms)
  ok 202 tests\ae-post-fix-verify.spec.ts:20:9 › AE Post-Fix Verification — Zero Tolerance › Clean: /ae/services/electrical-switchgear-risk-assessment-study-hazard-analysis-service/ (731ms)
  ok 201 tests\ae-full-qa.spec.ts:36:9 › AE Full Site QA › QA: /ae/services/commercial-electrical-test/ (1.1s)
  ok 203 tests\ae-post-fix-verify.spec.ts:20:9 › AE Post-Fix Verification — Zero Tolerance › Clean: /ae/services/electrical-switchgear-risk-assessment/ (637ms)
  ok 204 tests\ae-full-qa.spec.ts:36:9 › AE Full Site QA › QA: /ae/services/commercial-electrical-testing/ (1.1s)
  ok 205 tests\ae-post-fix-verify.spec.ts:20:9 › AE Post-Fix Verification — Zero Tolerance › Clean: /ae/services/electrical-switchgear-safety-inspection-services/ (710ms)
  ok 207 tests\ae-post-fix-verify.spec.ts:20:9 › AE Post-Fix Verification — Zero Tolerance › Clean: /ae/services/electrical-switchgear-safety-inspection/ (619ms)
  ok 206 tests\ae-full-qa.spec.ts:36:9 › AE Full Site QA › QA: /ae/services/compliance-as-a-service/ (1.1s)
  ok 208 tests\ae-post-fix-verify.spec.ts:20:9 › AE Post-Fix Verification — Zero Tolerance › Clean: /ae/services/electrical-thermography-inspection/ (683ms)
  ok 209 tests\ae-full-qa.spec.ts:36:9 › AE Full Site QA › QA: /ae/services/contact-resistance-test/ (1.0s)
  ok 210 tests\ae-post-fix-verify.spec.ts:20:9 › AE Post-Fix Verification — Zero Tolerance › Clean: /ae/services/energy-auditing-service/ (689ms)
  ok 212 tests\ae-post-fix-verify.spec.ts:20:9 › AE Post-Fix Verification — Zero Tolerance › Clean: /ae/services/factory-acceptance-test/ (737ms)
  ok 211 tests\ae-full-qa.spec.ts:36:9 › AE Full Site QA › QA: /ae/services/contact-resistance-testing-service/ (1.0s)
  ok 213 tests\ae-post-fix-verify.spec.ts:20:9 › AE Post-Fix Verification — Zero Tolerance › Clean: /ae/services/factory-acceptance-testing-services/ (670ms)
  ok 214 tests\ae-full-qa.spec.ts:36:9 › AE Full Site QA › QA: /ae/services/continuity-test/ (930ms)
  ok 215 tests\ae-post-fix-verify.spec.ts:20:9 › AE Post-Fix Verification — Zero Tolerance › Clean: /ae/services/fixed-electrical-testing/ (720ms)
  ok 217 tests\ae-post-fix-verify.spec.ts:20:9 › AE Post-Fix Verification — Zero Tolerance › Clean: /ae/services/fixed-wire-testing/ (713ms)
  ok 216 tests\ae-full-qa.spec.ts:36:9 › AE Full Site QA › QA: /ae/services/continuity-testing/ (1.1s)
  ok 218 tests\ae-post-fix-verify.spec.ts:20:9 › AE Post-Fix Verification — Zero Tolerance › Clean: /ae/services/frequency-stability-analysis/ (714ms)
  ok 219 tests\ae-full-qa.spec.ts:36:9 › AE Full Site QA › QA: /ae/services/digital-thermometer-calibration/ (1.3s)
  ok 220 tests\ae-post-fix-verify.spec.ts:20:9 › AE Post-Fix Verification — Zero Tolerance › Clean: /ae/services/generator-load-bank-test/ (769ms)
  ok 222 tests\ae-post-fix-verify.spec.ts:20:9 › AE Post-Fix Verification — Zero Tolerance › Clean: /ae/services/generator-load-bank-testing/ (693ms)
  ok 221 tests\ae-full-qa.spec.ts:36:9 › AE Full Site QA › QA: /ae/services/earth-fault-loop-impedence-test/ (1.0s)
  ok 223 tests\ae-post-fix-verify.spec.ts:20:9 › AE Post-Fix Verification — Zero Tolerance › Clean: /ae/services/gfci-standard-inspection-service/ (796ms)
  ok 224 tests\ae-full-qa.spec.ts:36:9 › AE Full Site QA › QA: /ae/services/earth-ground-test/ (903ms)
  ok 225 tests\ae-post-fix-verify.spec.ts:20:9 › AE Post-Fix Verification — Zero Tolerance › Clean: /ae/services/gfci-standard-inspection/ (699ms)
  ok 227 tests\ae-post-fix-verify.spec.ts:20:9 › AE Post-Fix Verification — Zero Tolerance › Clean: /ae/services/ground-fault-testing/ (682ms)
  ok 226 tests\ae-full-qa.spec.ts:36:9 › AE Full Site QA › QA: /ae/services/earth-ground-testing-service/ (1.1s)
  ok 228 tests\ae-post-fix-verify.spec.ts:20:9 › AE Post-Fix Verification — Zero Tolerance › Clean: /ae/services/grounding-grid-study-analysis/ (745ms)
  ok 229 tests\ae-full-qa.spec.ts:36:9 › AE Full Site QA › QA: /ae/services/electric-motor-testing/ (1.2s)
  ok 230 tests\ae-post-fix-verify.spec.ts:20:9 › AE Post-Fix Verification — Zero Tolerance › Clean: /ae/services/grounding-system-design-and-planning/ (685ms)
  ok 232 tests\ae-post-fix-verify.spec.ts:20:9 › AE Post-Fix Verification — Zero Tolerance › Clean: /ae/services/harmonic-study-analysis/ (689ms)
  ok 231 tests\ae-full-qa.spec.ts:36:9 › AE Full Site QA › QA: /ae/services/electric-switchgear-testing-services/ (1.1s)
  ok 233 tests\ae-post-fix-verify.spec.ts:20:9 › AE Post-Fix Verification — Zero Tolerance › Clean: /ae/services/insulation-resistance-test-service/ (704ms)
  ok 234 tests\ae-full-qa.spec.ts:36:9 › AE Full Site QA › QA: /ae/services/electrical-calibration/ (1.1s)
  ok 235 tests\ae-post-fix-verify.spec.ts:20:9 › AE Post-Fix Verification — Zero Tolerance › Clean: /ae/services/insulation-resistance-test/ (677ms)
  ok 237 tests\ae-post-fix-verify.spec.ts:20:9 › AE Post-Fix Verification — Zero Tolerance › Clean: /ae/services/leakage-current-measurement/ (685ms)
  ok 236 tests\ae-full-qa.spec.ts:36:9 › AE Full Site QA › QA: /ae/services/electrical-compliance-inspection/ (1.2s)
  ok 238 tests\ae-post-fix-verify.spec.ts:20:9 › AE Post-Fix Verification — Zero Tolerance › Clean: /ae/services/lightning-arrester-test/ (647ms)
  ok 239 tests\ae-full-qa.spec.ts:36:9 › AE Full Site QA › QA: /ae/services/electrical-installations-certification-service/ (979ms)
  ok 240 tests\ae-post-fix-verify.spec.ts:20:9 › AE Post-Fix Verification — Zero Tolerance › Clean: /ae/services/lightning-arrester-testing-service/ (676ms)
  ok 242 tests\ae-post-fix-verify.spec.ts:20:9 › AE Post-Fix Verification — Zero Tolerance › Clean: /ae/services/lightning-arrester-testing/ (697ms)
  ok 241 tests\ae-full-qa.spec.ts:36:9 › AE Full Site QA › QA: /ae/services/electrical-installations-certification/ (984ms)
  ok 243 tests\ae-post-fix-verify.spec.ts:20:9 › AE Post-Fix Verification — Zero Tolerance › Clean: /ae/services/live-test/ (739ms)
  ok 244 tests\ae-full-qa.spec.ts:36:9 › AE Full Site QA › QA: /ae/services/electrical-safety-audit-service/ (1.1s)
  ok 245 tests\ae-post-fix-verify.spec.ts:20:9 › AE Post-Fix Verification — Zero Tolerance › Clean: /ae/services/live-testing/ (678ms)
  ok 247 tests\ae-post-fix-verify.spec.ts:20:9 › AE Post-Fix Verification — Zero Tolerance › Clean: /ae/services/load-flow-analysis/ (735ms)
  ok 246 tests\ae-full-qa.spec.ts:36:9 › AE Full Site QA › QA: /ae/services/electrical-safety-audit/ (1.3s)
  ok 248 tests\ae-post-fix-verify.spec.ts:20:9 › AE Post-Fix Verification — Zero Tolerance › Clean: /ae/services/lv-panel-inspection/ (899ms)
  ok 249 tests\ae-full-qa.spec.ts:36:9 › AE Full Site QA › QA: /ae/services/electrical-safety-auditing-inspection-service/ (989ms)
  ok 250 tests\ae-post-fix-verify.spec.ts:20:9 › AE Post-Fix Verification — Zero Tolerance › Clean: /ae/services/mcc-panel-operation-testing/ (670ms)
  ok 252 tests\ae-post-fix-verify.spec.ts:20:9 › AE Post-Fix Verification — Zero Tolerance › Clean: /ae/services/mcc-switchgear-assessment/ (723ms)
  ok 251 tests\ae-full-qa.spec.ts:36:9 › AE Full Site QA › QA: /ae/services/electrical-safety-test/ (1.0s)
  ok 253 tests\ae-post-fix-verify.spec.ts:20:9 › AE Post-Fix Verification — Zero Tolerance › Clean: /ae/services/megger-test/ (677ms)
  ok 254 tests\ae-full-qa.spec.ts:36:9 › AE Full Site QA › QA: /ae/services/electrical-safety-testing/ (1.0s)
  ok 255 tests\ae-post-fix-verify.spec.ts:20:9 › AE Post-Fix Verification — Zero Tolerance › Clean: /ae/services/motor-acceleration-study-analysis/ (640ms)
  ok 257 tests\ae-post-fix-verify.spec.ts:20:9 › AE Post-Fix Verification — Zero Tolerance › Clean: /ae/services/pfc-psc-test/ (677ms)
  ok 256 tests\ae-full-qa.spec.ts:36:9 › AE Full Site QA › QA: /ae/services/electrical-switchgear-risk-assessment-study-hazard-analysis-service/ (1.0s)
  ok 258 tests\ae-post-fix-verify.spec.ts:20:9 › AE Post-Fix Verification — Zero Tolerance › Clean: /ae/services/polarity-test-service/ (738ms)
  ok 259 tests\ae-full-qa.spec.ts:36:9 › AE Full Site QA › QA: /ae/services/electrical-switchgear-risk-assessment/ (920ms)
  ok 260 tests\ae-post-fix-verify.spec.ts:20:9 › AE Post-Fix Verification — Zero Tolerance › Clean: /ae/services/portable-appliance-test/ (624ms)
  ok 262 tests\ae-post-fix-verify.spec.ts:20:9 › AE Post-Fix Verification — Zero Tolerance › Clean: /ae/services/portable-appliance-testing-dubai-uae/ (708ms)
  ok 261 tests\ae-full-qa.spec.ts:36:9 › AE Full Site QA › QA: /ae/services/electrical-switchgear-safety-inspection-services/ (1.1s)
  ok 263 tests\ae-post-fix-verify.spec.ts:20:9 › AE Post-Fix Verification — Zero Tolerance › Clean: /ae/services/power-quality-study-analysis/ (705ms)
  ok 264 tests\ae-full-qa.spec.ts:36:9 › AE Full Site QA › QA: /ae/services/electrical-switchgear-safety-inspection/ (1.1s)
  ok 265 tests\ae-post-fix-verify.spec.ts:20:9 › AE Post-Fix Verification — Zero Tolerance › Clean: /ae/services/power-quality-study/ (912ms)
  ok 266 tests\ae-full-qa.spec.ts:36:9 › AE Full Site QA › QA: /ae/services/electrical-thermography-inspection/ (1.0s)
  ok 267 tests\ae-post-fix-verify.spec.ts:20:9 › AE Post-Fix Verification — Zero Tolerance › Clean: /ae/services/power-restoration-optimization/ (677ms)
  ok 269 tests\ae-post-fix-verify.spec.ts:20:9 › AE Post-Fix Verification — Zero Tolerance › Clean: /ae/services/power-system-study-analysis/ (685ms)
  ok 268 tests\ae-full-qa.spec.ts:36:9 › AE Full Site QA › QA: /ae/services/energy-auditing-service/ (1.1s)
  ok 270 tests\ae-post-fix-verify.spec.ts:20:9 › AE Post-Fix Verification — Zero Tolerance › Clean: /ae/services/primary-current-injection-test/ (671ms)
  ok 271 tests\ae-full-qa.spec.ts:36:9 › AE Full Site QA › QA: /ae/services/factory-acceptance-test/ (933ms)
  ok 272 tests\ae-post-fix-verify.spec.ts:20:9 › AE Post-Fix Verification — Zero Tolerance › Clean: /ae/services/prospective-short-circuit-test-prospective-fault-current-test/ (720ms)
  ok 274 tests\ae-post-fix-verify.spec.ts:20:9 › AE Post-Fix Verification — Zero Tolerance › Clean: /ae/services/protection-coordination-study/ (873ms)
  ok 273 tests\ae-full-qa.spec.ts:36:9 › AE Full Site QA › QA: /ae/services/factory-acceptance-testing-services/ (1.1s)
  ok 275 tests\ae-post-fix-verify.spec.ts:20:9 › AE Post-Fix Verification — Zero Tolerance › Clean: /ae/services/protection-relay-test/ (895ms)
  ok 276 tests\ae-full-qa.spec.ts:36:9 › AE Full Site QA › QA: /ae/services/fixed-electrical-testing/ (1.1s)
  ok 277 tests\ae-post-fix-verify.spec.ts:20:9 › AE Post-Fix Verification — Zero Tolerance › Clean: /ae/services/protection-relay-testing-services/ (699ms)
  ok 278 tests\ae-full-qa.spec.ts:36:9 › AE Full Site QA › QA: /ae/services/fixed-wire-testing/ (1.0s)
  ok 279 tests\ae-post-fix-verify.spec.ts:20:9 › AE Post-Fix Verification — Zero Tolerance › Clean: /ae/services/protective-devices-test/ (718ms)
  ok 280 tests\ae-full-qa.spec.ts:36:9 › AE Full Site QA › QA: /ae/services/frequency-stability-analysis/ (1.0s)
  ok 281 tests\ae-post-fix-verify.spec.ts:20:9 › AE Post-Fix Verification — Zero Tolerance › Clean: /ae/services/relay-coordination-study-and-analysis/ (891ms)
  ok 283 tests\ae-post-fix-verify.spec.ts:20:9 › AE Post-Fix Verification — Zero Tolerance › Clean: /ae/services/residual-current-device-testing-safety-2/ (731ms)
  ok 282 tests\ae-full-qa.spec.ts:36:9 › AE Full Site QA › QA: /ae/services/generator-load-bank-test/ (1.1s)
  ok 284 tests\ae-post-fix-verify.spec.ts:20:9 › AE Post-Fix Verification — Zero Tolerance › Clean: /ae/services/residual-current-device-testing-safety/ (713ms)
  ok 285 tests\ae-full-qa.spec.ts:36:9 › AE Full Site QA › QA: /ae/services/generator-load-bank-testing/ (964ms)
  ok 286 tests\ae-post-fix-verify.spec.ts:20:9 › AE Post-Fix Verification — Zero Tolerance › Clean: /ae/services/secondary-current-injection-test/ (842ms)
  ok 287 tests\ae-full-qa.spec.ts:36:9 › AE Full Site QA › QA: /ae/services/gfci-standard-inspection-service/ (917ms)
  ok 288 tests\ae-post-fix-verify.spec.ts:20:9 › AE Post-Fix Verification — Zero Tolerance › Clean: /ae/services/short-circuit-study-analysis/ (716ms)
  ok 289 tests\ae-full-qa.spec.ts:36:9 › AE Full Site QA › QA: /ae/services/gfci-standard-inspection/ (890ms)
  ok 290 tests\ae-post-fix-verify.spec.ts:20:9 › AE Post-Fix Verification — Zero Tolerance › Clean: /ae/services/thermographic-inspection/ (856ms)
  ok 292 tests\ae-post-fix-verify.spec.ts:20:9 › AE Post-Fix Verification — Zero Tolerance › Clean: /ae/services/thermography-test-of-electrical-panels/ (678ms)
  ok 291 tests\ae-full-qa.spec.ts:36:9 › AE Full Site QA › QA: /ae/services/ground-fault-testing/ (984ms)
  ok 293 tests\ae-post-fix-verify.spec.ts:20:9 › AE Post-Fix Verification — Zero Tolerance › Clean: /ae/services/thermography-testing-of-electrical-equipment/ (651ms)
  ok 294 tests\ae-full-qa.spec.ts:36:9 › AE Full Site QA › QA: /ae/services/grounding-grid-study-analysis/ (1.0s)
  ok 295 tests\ae-post-fix-verify.spec.ts:20:9 › AE Post-Fix Verification — Zero Tolerance › Clean: /ae/services/third-party-electrical-certification/ (671ms)
  ok 297 tests\ae-post-fix-verify.spec.ts:20:9 › AE Post-Fix Verification — Zero Tolerance › Clean: /ae/services/third-party-electrical-inspection-company-uae/ (732ms)
  ok 296 tests\ae-full-qa.spec.ts:36:9 › AE Full Site QA › QA: /ae/services/grounding-system-design-and-planning/ (1.0s)
  ok 298 tests\ae-post-fix-verify.spec.ts:20:9 › AE Post-Fix Verification — Zero Tolerance › Clean: /ae/services/third-party-inspection-electrical-installation/ (646ms)
  ok 299 tests\ae-full-qa.spec.ts:36:9 › AE Full Site QA › QA: /ae/services/harmonic-study-analysis/ (946ms)
  ok 300 tests\ae-post-fix-verify.spec.ts:20:9 › AE Post-Fix Verification — Zero Tolerance › Clean: /ae/services/torque-test/ (648ms)
  ok 302 tests\ae-post-fix-verify.spec.ts:20:9 › AE Post-Fix Verification — Zero Tolerance › Clean: /ae/services/unbalanced-load-flow-study-analysis/ (647ms)
  ok 301 tests\ae-full-qa.spec.ts:36:9 › AE Full Site QA › QA: /ae/services/insulation-resistance-test-service/ (1.1s)
  ok 303 tests\ae-post-fix-verify.spec.ts:20:9 › AE Post-Fix Verification — Zero Tolerance › Clean: /ae/services/vibration-study-and-analysis/ (690ms)
  ok 304 tests\ae-full-qa.spec.ts:36:9 › AE Full Site QA › QA: /ae/services/insulation-resistance-test/ (989ms)
  ok 305 tests\ae-post-fix-verify.spec.ts:20:9 › AE Post-Fix Verification — Zero Tolerance › Clean: /ae/services/voltage-drop-study-analysis/ (714ms)
  ok 307 tests\ae-post-fix-verify.spec.ts:20:9 › AE Post-Fix Verification — Zero Tolerance › Clean: /ae/services/voltage-imbalance-study/ (838ms)
  ok 306 tests\ae-full-qa.spec.ts:36:9 › AE Full Site QA › QA: /ae/services/leakage-current-measurement/ (1.0s)
  ok 308 tests\ae-full-qa.spec.ts:36:9 › AE Full Site QA › QA: /ae/services/lightning-arrester-test/ (1.1s)
  ok 309 tests\ae-full-qa.spec.ts:36:9 › AE Full Site QA › QA: /ae/services/lightning-arrester-testing-service/ (900ms)
  ok 310 tests\ae-full-qa.spec.ts:36:9 › AE Full Site QA › QA: /ae/services/lightning-arrester-testing/ (910ms)
  ok 311 tests\ae-full-qa.spec.ts:36:9 › AE Full Site QA › QA: /ae/services/live-test/ (894ms)
  ok 312 tests\ae-full-qa.spec.ts:36:9 › AE Full Site QA › QA: /ae/services/live-testing/ (911ms)
  ok 313 tests\ae-full-qa.spec.ts:36:9 › AE Full Site QA › QA: /ae/services/load-flow-analysis/ (922ms)
  ok 314 tests\ae-full-qa.spec.ts:36:9 › AE Full Site QA › QA: /ae/services/lv-panel-inspection/ (981ms)
  ok 315 tests\ae-full-qa.spec.ts:36:9 › AE Full Site QA › QA: /ae/services/mcc-panel-operation-testing/ (1.0s)
  ok 316 tests\ae-full-qa.spec.ts:36:9 › AE Full Site QA › QA: /ae/services/mcc-switchgear-assessment/ (1.2s)
  ok 317 tests\ae-full-qa.spec.ts:36:9 › AE Full Site QA › QA: /ae/services/megger-test/ (971ms)
  ok 318 tests\ae-full-qa.spec.ts:36:9 › AE Full Site QA › QA: /ae/services/motor-acceleration-study-analysis/ (1.0s)
  ok 319 tests\ae-full-qa.spec.ts:36:9 › AE Full Site QA › QA: /ae/services/pfc-psc-test/ (983ms)
  ok 320 tests\ae-full-qa.spec.ts:36:9 › AE Full Site QA › QA: /ae/services/polarity-test-service/ (971ms)
  ok 321 tests\ae-full-qa.spec.ts:36:9 › AE Full Site QA › QA: /ae/services/portable-appliance-test/ (949ms)
  ok 322 tests\ae-full-qa.spec.ts:36:9 › AE Full Site QA › QA: /ae/services/portable-appliance-testing-dubai-uae/ (947ms)
  ok 323 tests\ae-full-qa.spec.ts:36:9 › AE Full Site QA › QA: /ae/services/power-quality-study-analysis/ (1.0s)
  ok 324 tests\ae-full-qa.spec.ts:36:9 › AE Full Site QA › QA: /ae/services/power-quality-study/ (954ms)
  ok 325 tests\ae-full-qa.spec.ts:36:9 › AE Full Site QA › QA: /ae/services/power-restoration-optimization/ (1.0s)
  ok 326 tests\ae-full-qa.spec.ts:36:9 › AE Full Site QA › QA: /ae/services/power-system-study-analysis/ (963ms)
  ok 327 tests\ae-full-qa.spec.ts:36:9 › AE Full Site QA › QA: /ae/services/primary-current-injection-test/ (913ms)
  ok 328 tests\ae-full-qa.spec.ts:36:9 › AE Full Site QA › QA: /ae/services/prospective-short-circuit-test-prospective-fault-current-test/ (982ms)
  ok 329 tests\ae-full-qa.spec.ts:36:9 › AE Full Site QA › QA: /ae/services/protection-coordination-study/ (926ms)
  ok 330 tests\ae-full-qa.spec.ts:36:9 › AE Full Site QA › QA: /ae/services/protection-relay-test/ (971ms)
  ok 331 tests\ae-full-qa.spec.ts:36:9 › AE Full Site QA › QA: /ae/services/protection-relay-testing-services/ (1.1s)
  ok 332 tests\ae-full-qa.spec.ts:36:9 › AE Full Site QA › QA: /ae/services/protective-devices-test/ (1.0s)
  ok 333 tests\ae-full-qa.spec.ts:36:9 › AE Full Site QA › QA: /ae/services/relay-coordination-study-and-analysis/ (1.1s)
  ok 334 tests\ae-full-qa.spec.ts:36:9 › AE Full Site QA › QA: /ae/services/residual-current-device-testing-safety-2/ (1.1s)
  ok 335 tests\ae-full-qa.spec.ts:36:9 › AE Full Site QA › QA: /ae/services/residual-current-device-testing-safety/ (930ms)
  ok 336 tests\ae-full-qa.spec.ts:36:9 › AE Full Site QA › QA: /ae/services/secondary-current-injection-test/ (1.1s)
  ok 337 tests\ae-full-qa.spec.ts:36:9 › AE Full Site QA › QA: /ae/services/short-circuit-study-analysis/ (1.0s)
  ok 338 tests\ae-full-qa.spec.ts:36:9 › AE Full Site QA › QA: /ae/services/thermographic-inspection/ (1.1s)
  ok 339 tests\ae-full-qa.spec.ts:36:9 › AE Full Site QA › QA: /ae/services/thermography-test-of-electrical-panels/ (985ms)
  ok 340 tests\ae-full-qa.spec.ts:36:9 › AE Full Site QA › QA: /ae/services/thermography-testing-of-electrical-equipment/ (863ms)
  ok 341 tests\ae-full-qa.spec.ts:36:9 › AE Full Site QA › QA: /ae/services/third-party-electrical-certification/ (990ms)
  ok 342 tests\ae-full-qa.spec.ts:36:9 › AE Full Site QA › QA: /ae/services/third-party-electrical-inspection-company-uae/ (1.1s)
  ok 343 tests\ae-full-qa.spec.ts:36:9 › AE Full Site QA › QA: /ae/services/third-party-inspection-electrical-installation/ (978ms)
  ok 344 tests\ae-full-qa.spec.ts:36:9 › AE Full Site QA › QA: /ae/services/torque-test/ (1.1s)
  ok 345 tests\ae-full-qa.spec.ts:36:9 › AE Full Site QA › QA: /ae/services/unbalanced-load-flow-study-analysis/ (905ms)
  ok 346 tests\ae-full-qa.spec.ts:36:9 › AE Full Site QA › QA: /ae/services/vibration-study-and-analysis/ (980ms)

[/ae/services/voltage-drop-study-analysis/] 2 issues
  [ASTERISK] VD = 2 * K * Q * I * D/CM – Single Phase
  [ASTERISK] VD = 1.732 * K * Q * I * D/CM – Three Phase
  ok 347 tests\ae-full-qa.spec.ts:36:9 › AE Full Site QA › QA: /ae/services/voltage-drop-study-analysis/ (1.0s)
  ok 348 tests\ae-full-qa.spec.ts:36:9 › AE Full Site QA › QA: /ae/services/voltage-imbalance-study/ (1.2s)


  1) tests\ae-content-quality.spec.ts:59:7 › AE Content Quality — No Formatting Artifacts › Service detail body has no ** artifacts 

    TimeoutError: locator.getAttribute: Timeout 15000ms exceeded.
    Call log:
    [2m  - waiting for locator('a[href*="/ae/services/"][href$="-ae/"]').first()[22m


      60 |     await page.goto(`${BASE}/ae/services/`, { waitUntil: "domcontentloaded" });
      61 |     const firstLink = page.locator('a[href*="/ae/services/"][href$="-ae/"]').first();
    > 62 |     const href = await firstLink.getAttribute("href");
         |                                  ^
      63 |     if (href) {
      64 |       await page.goto(`${BASE}${href}`, { waitUntil: "domcontentloaded" });
      65 |       const body = await page.locator("body").innerText();
        at C:\Users\RidaShahariyar\OneDrive - Care Labs\Desktop\website_rebuild_project\tests\ae-content-quality.spec.ts:62:34

    Error Context: tests\results\ae-content-quality-AE-Cont-5c258-etail-body-has-no-artifacts\error-context.md

  2) tests\ae-post-fix-verify.spec.ts:20:9 › AE Post-Fix Verification — Zero Tolerance › Clean: /ae/blog/what-is-soil-resistivity-test-how-is-soil-resistivity-testing-done/ 

    Error: Stray asterisks on /ae/blog/what-is-soil-resistivity-test-how-is-soil-resistivity-testing-done/: Note: Temperature and moisture content both become more stable as distance below the surface of the 

    [2mexpect([22m[31mreceived[39m[2m).[22mtoBe[2m([22m[32mexpected[39m[2m) // Object.is equality[22m

    Expected: [32m0[39m
    Received: [31m1[39m

      49 |         asteriskLines.length,
      50 |         `Stray asterisks on ${urlPath}: ${asteriskLines[0]?.slice(0, 100)}`
    > 51 |       ).toBe(0);
         |         ^
      52 |
      53 |       // No ellipses indicating truncated content
      54 |       const ellipsisLines = bodyText
        at C:\Users\RidaShahariyar\OneDrive - Care Labs\Desktop\website_rebuild_project\tests\ae-post-fix-verify.spec.ts:51:9

    Error Context: tests\results\ae-post-fix-verify-AE-Post-045b4-l-resistivity-testing-done-\error-context.md

  3) tests\ae-post-fix-verify.spec.ts:20:9 › AE Post-Fix Verification — Zero Tolerance › Clean: /ae/blog/what-short-circuit-analysis-done-why/ 

    Error: Stray asterisks on /ae/blog/what-short-circuit-analysis-done-why/: Short circuit analysis essentially consists of determining the steady state solution of a linear net

    [2mexpect([22m[31mreceived[39m[2m).[22mtoBe[2m([22m[32mexpected[39m[2m) // Object.is equality[22m

    Expected: [32m0[39m
    Received: [31m1[39m

      49 |         asteriskLines.length,
      50 |         `Stray asterisks on ${urlPath}: ${asteriskLines[0]?.slice(0, 100)}`
    > 51 |       ).toBe(0);
         |         ^
      52 |
      53 |       // No ellipses indicating truncated content
      54 |       const ellipsisLines = bodyText
        at C:\Users\RidaShahariyar\OneDrive - Care Labs\Desktop\website_rebuild_project\tests\ae-post-fix-verify.spec.ts:51:9

    Error Context: tests\results\ae-post-fix-verify-AE-Post-e916f--circuit-analysis-done-why-\error-context.md

  3 failed
    tests\ae-content-quality.spec.ts:59:7 › AE Content Quality — No Formatting Artifacts › Service detail body has no ** artifacts 
    tests\ae-post-fix-verify.spec.ts:20:9 › AE Post-Fix Verification — Zero Tolerance › Clean: /ae/blog/what-is-soil-resistivity-test-how-is-soil-resistivity-testing-done/ 
    tests\ae-post-fix-verify.spec.ts:20:9 › AE Post-Fix Verification — Zero Tolerance › Clean: /ae/blog/what-short-circuit-analysis-done-why/ 
  345 passed (2.8m)
