
Running 348 tests using 4 workers

  ok   4 tests\ae-link-audit.spec.ts:26:9 › AE Broken Link Fixes › Footer link /ae/services/arc-flash-study-analysis-ae/ should not 404 (2.0s)
  ok   3 tests\ae-post-fix-verify.spec.ts:20:9 › AE Post-Fix Verification — Zero Tolerance › Clean: /ae/ (2.1s)
  ok   1 tests\ae-content-quality.spec.ts:16:9 › AE Content Quality — No Formatting Artifacts › /ae/ — no stray ** markdown bold (2.6s)
  ok   2 tests\ae-full-qa.spec.ts:36:9 › AE Full Site QA › QA: /ae/ (2.8s)
  ok   5 tests\ae-link-audit.spec.ts:26:9 › AE Broken Link Fixes › Footer link /ae/services/short-circuit-study-analysis-ae/ should not 404 (951ms)
  ok   6 tests\ae-post-fix-verify.spec.ts:20:9 › AE Post-Fix Verification — Zero Tolerance › Clean: /ae/about/ (1.1s)
  ok   7 tests\ae-content-quality.spec.ts:23:9 › AE Content Quality — No Formatting Artifacts › /ae/ — no stray ## markdown headers in text (885ms)
  ok   9 tests\ae-link-audit.spec.ts:26:9 › AE Broken Link Fixes › Footer link /ae/services/load-flow-analysis-ae/ should not 404 (670ms)
  ok   8 tests\ae-full-qa.spec.ts:36:9 › AE Full Site QA › QA: /ae/about/ (1.1s)
  ok  11 tests\ae-content-quality.spec.ts:30:9 › AE Content Quality — No Formatting Artifacts › /ae/ — no HTML entities visible (925ms)
  ok  12 tests\ae-link-audit.spec.ts:26:9 › AE Broken Link Fixes › Footer link /ae/services/relay-coordination-study-and-analysis-ae/ should not 404 (663ms)
  ok  10 tests\ae-post-fix-verify.spec.ts:20:9 › AE Post-Fix Verification — Zero Tolerance › Clean: /ae/blog/ (1.3s)
  ok  14 tests\ae-content-quality.spec.ts:39:9 › AE Content Quality — No Formatting Artifacts › /ae/ — no null-prefixed emails (775ms)
  ok  13 tests\ae-full-qa.spec.ts:36:9 › AE Full Site QA › QA: /ae/blog/ (1.3s)
  ok  15 tests\ae-link-audit.spec.ts:26:9 › AE Broken Link Fixes › Footer link /ae/services/protection-coordination-study-ae/ should not 404 (989ms)
  ok  16 tests\ae-post-fix-verify.spec.ts:20:9 › AE Post-Fix Verification — Zero Tolerance › Clean: /ae/blog/about-earth-fault-loop-impedence-test/ (1.0s)
  ok  17 tests\ae-content-quality.spec.ts:46:9 › AE Content Quality — No Formatting Artifacts › /ae/ — no Cloudflare email protection artifacts (698ms)
  ok  19 tests\ae-link-audit.spec.ts:26:9 › AE Broken Link Fixes › Footer link /ae/services/cable-testing-ae/ should not 404 (688ms)
  ok  18 tests\ae-full-qa.spec.ts:36:9 › AE Full Site QA › QA: /ae/blog/about-earth-fault-loop-impedence-test/ (1.2s)
  ok  20 tests\ae-post-fix-verify.spec.ts:20:9 › AE Post-Fix Verification — Zero Tolerance › Clean: /ae/blog/electrical-infrared-thermography-inspection-important/ (797ms)
  ok  21 tests\ae-content-quality.spec.ts:52:9 › AE Content Quality — No Formatting Artifacts › /ae/ — no dead carelabs.me links (877ms)
  ok  22 tests\ae-link-audit.spec.ts:32:7 › AE Broken Link Fixes › No /ae/contact-us/ links on about page (857ms)
  ok  24 tests\ae-post-fix-verify.spec.ts:20:9 › AE Post-Fix Verification — Zero Tolerance › Clean: /ae/blog/electrical-installation-inspection-fulfilling-trakhees-guidelines-to-procure-operation-fitness-certificate-ofc/ (939ms)
  ok  25 tests\ae-content-quality.spec.ts:16:9 › AE Content Quality — No Formatting Artifacts › /ae/about/ — no stray ** markdown bold (803ms)
  ok  23 tests\ae-full-qa.spec.ts:36:9 › AE Full Site QA › QA: /ae/blog/electrical-infrared-thermography-inspection-important/ (1.3s)
  ok  26 tests\ae-link-audit.spec.ts:37:7 › AE Broken Link Fixes › No /ae/contact-us/ links on a service detail (750ms)
  ok  27 tests\ae-post-fix-verify.spec.ts:20:9 › AE Post-Fix Verification — Zero Tolerance › Clean: /ae/blog/how-what-why-generator-load-bank-testing-done/ (955ms)
  ok  28 tests\ae-content-quality.spec.ts:23:9 › AE Content Quality — No Formatting Artifacts › /ae/about/ — no stray ## markdown headers in text (960ms)
  ok  30 tests\ae-link-audit.spec.ts:44:7 › AE Broken Link Fixes › No nullinfo@ / nullmailto: anywhere on homepage (804ms)
  ok  29 tests\ae-full-qa.spec.ts:36:9 › AE Full Site QA › QA: /ae/blog/electrical-installation-inspection-fulfilling-trakhees-guidelines-to-procure-operation-fitness-certificate-ofc/ (1.1s)
  ok  31 tests\ae-post-fix-verify.spec.ts:20:9 › AE Post-Fix Verification — Zero Tolerance › Clean: /ae/blog/learn-about-residual-current-device-testing-safety/ (1.0s)
  ok  33 tests\ae-link-audit.spec.ts:51:7 › AE Broken Link Fixes › No /cdn-cgi/ links on Trakhees blog post (742ms)
  ok  32 tests\ae-content-quality.spec.ts:30:9 › AE Content Quality — No Formatting Artifacts › /ae/about/ — no HTML entities visible (1.0s)
  ok  34 tests\ae-full-qa.spec.ts:36:9 › AE Full Site QA › QA: /ae/blog/how-what-why-generator-load-bank-testing-done/ (1.1s)
  ok  36 tests\ae-link-audit.spec.ts:58:7 › AE Broken Link Fixes › No carelabs.me links on Megger Test blog (744ms)
  ok  37 tests\ae-content-quality.spec.ts:39:9 › AE Content Quality — No Formatting Artifacts › /ae/about/ — no null-prefixed emails (719ms)
  ok  35 tests\ae-post-fix-verify.spec.ts:20:9 › AE Post-Fix Verification — Zero Tolerance › Clean: /ae/blog/learn-continuity-testing-what-how/ (960ms)
  ok  40 tests\ae-content-quality.spec.ts:46:9 › AE Content Quality — No Formatting Artifacts › /ae/about/ — no Cloudflare email protection artifacts (694ms)
  ok  38 tests\ae-full-qa.spec.ts:36:9 › AE Full Site QA › QA: /ae/blog/learn-about-residual-current-device-testing-safety/ (1.2s)
  ok  39 tests\ae-link-audit.spec.ts:65:7 › AE Broken Link Fixes › Footer renders 4 category hrefs on /ae/ (1.0s)
  ok  41 tests\ae-post-fix-verify.spec.ts:20:9 › AE Post-Fix Verification — Zero Tolerance › Clean: /ae/blog/learn-how-insulation-resistance-test-done/ (941ms)
  ok  42 tests\ae-content-quality.spec.ts:52:9 › AE Content Quality — No Formatting Artifacts › /ae/about/ — no dead carelabs.me links (729ms)
  ok  44 tests\ae-post-fix-verify.spec.ts:20:9 › AE Post-Fix Verification — Zero Tolerance › Clean: /ae/blog/learn-what-is-earth-ground-test-why-and-how-is-it-done/ (722ms)
  ok  43 tests\ae-full-qa.spec.ts:36:9 › AE Full Site QA › QA: /ae/blog/learn-continuity-testing-what-how/ (1.1s)
  ok  46 tests\ae-post-fix-verify.spec.ts:20:9 › AE Post-Fix Verification — Zero Tolerance › Clean: /ae/blog/megger-test-performed/ (719ms)
  ok  45 tests\ae-content-quality.spec.ts:16:9 › AE Content Quality — No Formatting Artifacts › /ae/contact/ — no stray ** markdown bold (1.3s)
  ok  47 tests\ae-full-qa.spec.ts:36:9 › AE Full Site QA › QA: /ae/blog/learn-how-insulation-resistance-test-done/ (1.0s)
  ok  48 tests\ae-post-fix-verify.spec.ts:20:9 › AE Post-Fix Verification — Zero Tolerance › Clean: /ae/blog/need-conduct-electrical-safety-testing/ (689ms)
  ok  49 tests\ae-content-quality.spec.ts:23:9 › AE Content Quality — No Formatting Artifacts › /ae/contact/ — no stray ## markdown headers in text (769ms)
  ok  51 tests\ae-post-fix-verify.spec.ts:20:9 › AE Post-Fix Verification — Zero Tolerance › Clean: /ae/blog/protecting-electrical-systems/ (672ms)
  ok  50 tests\ae-full-qa.spec.ts:36:9 › AE Full Site QA › QA: /ae/blog/learn-what-is-earth-ground-test-why-and-how-is-it-done/ (1.1s)
  ok  52 tests\ae-content-quality.spec.ts:30:9 › AE Content Quality — No Formatting Artifacts › /ae/contact/ — no HTML entities visible (797ms)
  ok  53 tests\ae-post-fix-verify.spec.ts:20:9 › AE Post-Fix Verification — Zero Tolerance › Clean: /ae/blog/purpose-lightning-arrester-testing-necessary/ (752ms)
  ok  54 tests\ae-full-qa.spec.ts:36:9 › AE Full Site QA › QA: /ae/blog/megger-test-performed/ (1.0s)
  ok  55 tests\ae-content-quality.spec.ts:39:9 › AE Content Quality — No Formatting Artifacts › /ae/contact/ — no null-prefixed emails (991ms)
  ok  56 tests\ae-post-fix-verify.spec.ts:20:9 › AE Post-Fix Verification — Zero Tolerance › Clean: /ae/blog/thermography-test-of-electrical-panels/ (745ms)
  ok  59 tests\ae-post-fix-verify.spec.ts:20:9 › AE Post-Fix Verification — Zero Tolerance › Clean: /ae/blog/thermography-testing-of-electrical-equipment/ (703ms)
  ok  57 tests\ae-full-qa.spec.ts:36:9 › AE Full Site QA › QA: /ae/blog/need-conduct-electrical-safety-testing/ (1.1s)
  ok  58 tests\ae-content-quality.spec.ts:46:9 › AE Content Quality — No Formatting Artifacts › /ae/contact/ — no Cloudflare email protection artifacts (1.0s)
  ok  60 tests\ae-post-fix-verify.spec.ts:20:9 › AE Post-Fix Verification — Zero Tolerance › Clean: /ae/blog/what-automatic-transfer-switch-testing-how-automatic-transfer-switch-testing-done/ (760ms)
  ok  61 tests\ae-full-qa.spec.ts:36:9 › AE Full Site QA › QA: /ae/blog/protecting-electrical-systems/ (925ms)
  ok  62 tests\ae-content-quality.spec.ts:52:9 › AE Content Quality — No Formatting Artifacts › /ae/contact/ — no dead carelabs.me links (930ms)
  ok  63 tests\ae-post-fix-verify.spec.ts:20:9 › AE Post-Fix Verification — Zero Tolerance › Clean: /ae/blog/what-cable-testing-how-cable-testing-done/ (797ms)
  ok  64 tests\ae-full-qa.spec.ts:36:9 › AE Full Site QA › QA: /ae/blog/purpose-lightning-arrester-testing-necessary/ (1.0s)
  ok  66 tests\ae-post-fix-verify.spec.ts:20:9 › AE Post-Fix Verification — Zero Tolerance › Clean: /ae/blog/what-capacitor-bank-testing-why-capacitor-bank-testing-done/ (729ms)
  ok  65 tests\ae-content-quality.spec.ts:16:9 › AE Content Quality — No Formatting Artifacts › /ae/services/ — no stray ** markdown bold (1.3s)
  ok  68 tests\ae-post-fix-verify.spec.ts:20:9 › AE Post-Fix Verification — Zero Tolerance › Clean: /ae/blog/what-circuit-breaker-testing-how-circuit-breaker-testing-done/ (713ms)
  ok  67 tests\ae-full-qa.spec.ts:36:9 › AE Full Site QA › QA: /ae/blog/thermography-test-of-electrical-panels/ (1.1s)
  ok  69 tests\ae-content-quality.spec.ts:23:9 › AE Content Quality — No Formatting Artifacts › /ae/services/ — no stray ## markdown headers in text (901ms)
  ok  70 tests\ae-post-fix-verify.spec.ts:20:9 › AE Post-Fix Verification — Zero Tolerance › Clean: /ae/blog/what-contact-resistance-test-why-contact-resistance-testing-done/ (742ms)
  ok  71 tests\ae-full-qa.spec.ts:36:9 › AE Full Site QA › QA: /ae/blog/thermography-testing-of-electrical-equipment/ (1.0s)
  ok  72 tests\ae-content-quality.spec.ts:30:9 › AE Content Quality — No Formatting Artifacts › /ae/services/ — no HTML entities visible (733ms)
  ok  73 tests\ae-post-fix-verify.spec.ts:20:9 › AE Post-Fix Verification — Zero Tolerance › Clean: /ae/blog/what-earth-grounding/ (691ms)
  ok  75 tests\ae-content-quality.spec.ts:39:9 › AE Content Quality — No Formatting Artifacts › /ae/services/ — no null-prefixed emails (771ms)
  ok  76 tests\ae-post-fix-verify.spec.ts:20:9 › AE Post-Fix Verification — Zero Tolerance › Clean: /ae/blog/what-factory-acceptance-testing-how-fat-done/ (760ms)
  ok  74 tests\ae-full-qa.spec.ts:36:9 › AE Full Site QA › QA: /ae/blog/what-automatic-transfer-switch-testing-how-automatic-transfer-switch-testing-done/ (1.3s)
  ok  78 tests\ae-post-fix-verify.spec.ts:20:9 › AE Post-Fix Verification — Zero Tolerance › Clean: /ae/blog/what-ground-fault-testing-why-ground-fault-testing-important/ (747ms)
  ok  77 tests\ae-content-quality.spec.ts:46:9 › AE Content Quality — No Formatting Artifacts › /ae/services/ — no Cloudflare email protection artifacts (1.0s)
  ok  79 tests\ae-full-qa.spec.ts:36:9 › AE Full Site QA › QA: /ae/blog/what-cable-testing-how-cable-testing-done/ (1.2s)
  ok  80 tests\ae-post-fix-verify.spec.ts:20:9 › AE Post-Fix Verification — Zero Tolerance › Clean: /ae/blog/what-how-grounding-design-planning/ (701ms)
  ok  81 tests\ae-content-quality.spec.ts:52:9 › AE Content Quality — No Formatting Artifacts › /ae/services/ — no dead carelabs.me links (732ms)
  ok  83 tests\ae-post-fix-verify.spec.ts:20:9 › AE Post-Fix Verification — Zero Tolerance › Clean: /ae/blog/what-how-harmonic-study-analysis-done/ (900ms)
  ok  84 tests\ae-content-quality.spec.ts:16:9 › AE Content Quality — No Formatting Artifacts › /ae/blog/ — no stray ** markdown bold (1.2s)
  ok  82 tests\ae-full-qa.spec.ts:36:9 › AE Full Site QA › QA: /ae/blog/what-capacitor-bank-testing-why-capacitor-bank-testing-done/ (1.5s)
  ok  85 tests\ae-post-fix-verify.spec.ts:20:9 › AE Post-Fix Verification — Zero Tolerance › Clean: /ae/blog/what-is-electric-motor-testing-and-why-is-it-done/ (1.1s)
  ok  86 tests\ae-content-quality.spec.ts:23:9 › AE Content Quality — No Formatting Artifacts › /ae/blog/ — no stray ## markdown headers in text (765ms)
  ok  87 tests\ae-full-qa.spec.ts:36:9 › AE Full Site QA › QA: /ae/blog/what-circuit-breaker-testing-how-circuit-breaker-testing-done/ (1.1s)
  x   88 tests\ae-post-fix-verify.spec.ts:20:9 › AE Post-Fix Verification — Zero Tolerance › Clean: /ae/blog/what-is-soil-resistivity-test-how-is-soil-resistivity-testing-done/ (837ms)
  ok  89 tests\ae-content-quality.spec.ts:30:9 › AE Content Quality — No Formatting Artifacts › /ae/blog/ — no HTML entities visible (946ms)
  ok  90 tests\ae-full-qa.spec.ts:36:9 › AE Full Site QA › QA: /ae/blog/what-contact-resistance-test-why-contact-resistance-testing-done/ (1.3s)
  ok  91 tests\ae-content-quality.spec.ts:39:9 › AE Content Quality — No Formatting Artifacts › /ae/blog/ — no null-prefixed emails (920ms)
  ok  93 tests\ae-content-quality.spec.ts:46:9 › AE Content Quality — No Formatting Artifacts › /ae/blog/ — no Cloudflare email protection artifacts (971ms)
  ok  92 tests\ae-full-qa.spec.ts:36:9 › AE Full Site QA › QA: /ae/blog/what-earth-grounding/ (1.1s)
  ok  94 tests\ae-post-fix-verify.spec.ts:20:9 › AE Post-Fix Verification — Zero Tolerance › Clean: /ae/blog/what-is-torque-testing-how-is-torque-testing-done/ (1.0s)
  ok  95 tests\ae-content-quality.spec.ts:52:9 › AE Content Quality — No Formatting Artifacts › /ae/blog/ — no dead carelabs.me links (751ms)
  ok  96 tests\ae-full-qa.spec.ts:36:9 › AE Full Site QA › QA: /ae/blog/what-factory-acceptance-testing-how-fat-done/ (1.1s)
  ok  97 tests\ae-post-fix-verify.spec.ts:20:9 › AE Post-Fix Verification — Zero Tolerance › Clean: /ae/blog/what-leakage-current-testing-measuring-how-leakage-current-testing-measuring-done/ (773ms)
  ok  98 tests\ae-content-quality.spec.ts:16:9 › AE Content Quality — No Formatting Artifacts › /ae/case-studies/ — no stray ** markdown bold (1.0s)
  ok 100 tests\ae-post-fix-verify.spec.ts:20:9 › AE Post-Fix Verification — Zero Tolerance › Clean: /ae/blog/what-motor-acceleration-study-analysis/ (885ms)
  ok  99 tests\ae-full-qa.spec.ts:36:9 › AE Full Site QA › QA: /ae/blog/what-ground-fault-testing-why-ground-fault-testing-important/ (1.3s)
  ok 101 tests\ae-content-quality.spec.ts:23:9 › AE Content Quality — No Formatting Artifacts › /ae/case-studies/ — no stray ## markdown headers in text (1.2s)
  ok 102 tests\ae-post-fix-verify.spec.ts:20:9 › AE Post-Fix Verification — Zero Tolerance › Clean: /ae/blog/what-pat-test-why-pat-test-done/ (883ms)
  ok 103 tests\ae-full-qa.spec.ts:36:9 › AE Full Site QA › QA: /ae/blog/what-how-grounding-design-planning/ (952ms)
  ok 104 tests\ae-content-quality.spec.ts:30:9 › AE Content Quality — No Formatting Artifacts › /ae/case-studies/ — no HTML entities visible (655ms)
  ok 105 tests\ae-post-fix-verify.spec.ts:20:9 › AE Post-Fix Verification — Zero Tolerance › Clean: /ae/blog/what-polarity-test-why-conduct-polarity-test/ (744ms)
  ok 107 tests\ae-content-quality.spec.ts:39:9 › AE Content Quality — No Formatting Artifacts › /ae/case-studies/ — no null-prefixed emails (642ms)
  ok 106 tests\ae-full-qa.spec.ts:36:9 › AE Full Site QA › QA: /ae/blog/what-how-harmonic-study-analysis-done/ (1.1s)
  ok 108 tests\ae-post-fix-verify.spec.ts:20:9 › AE Post-Fix Verification — Zero Tolerance › Clean: /ae/blog/what-protective-device-testing-how-done/ (806ms)
  ok 109 tests\ae-content-quality.spec.ts:46:9 › AE Content Quality — No Formatting Artifacts › /ae/case-studies/ — no Cloudflare email protection artifacts (684ms)
  ok 112 tests\ae-content-quality.spec.ts:52:9 › AE Content Quality — No Formatting Artifacts › /ae/case-studies/ — no dead carelabs.me links (644ms)
  x  111 tests\ae-post-fix-verify.spec.ts:20:9 › AE Post-Fix Verification — Zero Tolerance › Clean: /ae/blog/what-short-circuit-analysis-done-why/ (724ms)
  ok 110 tests\ae-full-qa.spec.ts:36:9 › AE Full Site QA › QA: /ae/blog/what-is-electric-motor-testing-and-why-is-it-done/ (1.1s)

[/ae/blog/what-is-soil-resistivity-test-how-is-soil-resistivity-testing-done/] 1 issues
  [ASTERISK] Note: Temperature and moisture content both become more stable as distance below the surface of the 
  ok 114 tests\ae-full-qa.spec.ts:36:9 › AE Full Site QA › QA: /ae/blog/what-is-soil-resistivity-test-how-is-soil-resistivity-testing-done/ (1.2s)
  ok 115 tests\ae-full-qa.spec.ts:36:9 › AE Full Site QA › QA: /ae/blog/what-is-torque-testing-how-is-torque-testing-done/ (1.1s)
  ok 116 tests\ae-post-fix-verify.spec.ts:20:9 › AE Post-Fix Verification — Zero Tolerance › Clean: /ae/blog/what-voltage-drop-study-analysis/ (827ms)
  ok 118 tests\ae-post-fix-verify.spec.ts:20:9 › AE Post-Fix Verification — Zero Tolerance › Clean: /ae/blog/what-why-load-flow-analysis-power-flow-analysis-done/ (653ms)
  ok 117 tests\ae-full-qa.spec.ts:36:9 › AE Full Site QA › QA: /ae/blog/what-leakage-current-testing-measuring-how-leakage-current-testing-measuring-done/ (1.2s)
  ok 119 tests\ae-post-fix-verify.spec.ts:20:9 › AE Post-Fix Verification — Zero Tolerance › Clean: /ae/blog/what-you-need-to-know-about-arc-flash-hazard-study-and-analysis/ (722ms)
  ok 120 tests\ae-full-qa.spec.ts:36:9 › AE Full Site QA › QA: /ae/blog/what-motor-acceleration-study-analysis/ (898ms)
  ok 121 tests\ae-post-fix-verify.spec.ts:20:9 › AE Post-Fix Verification — Zero Tolerance › Clean: /ae/blog/what-you-need-to-know-about-arc-flash/ (705ms)
  ok 123 tests\ae-post-fix-verify.spec.ts:20:9 › AE Post-Fix Verification — Zero Tolerance › Clean: /ae/blog/why-how-what-automatic-transfer-switch-testing-done/ (672ms)
  ok 122 tests\ae-full-qa.spec.ts:36:9 › AE Full Site QA › QA: /ae/blog/what-pat-test-why-pat-test-done/ (1.0s)
  ok 124 tests\ae-post-fix-verify.spec.ts:20:9 › AE Post-Fix Verification — Zero Tolerance › Clean: /ae/case-studies/ (715ms)
  ok 125 tests\ae-full-qa.spec.ts:36:9 › AE Full Site QA › QA: /ae/blog/what-polarity-test-why-conduct-polarity-test/ (1.2s)
  ok 126 tests\ae-post-fix-verify.spec.ts:20:9 › AE Post-Fix Verification — Zero Tolerance › Clean: /ae/case-studies/coca-cola-abu-dhabi-arc-flash-study/ (914ms)
  ok 127 tests\ae-full-qa.spec.ts:36:9 › AE Full Site QA › QA: /ae/blog/what-protective-device-testing-how-done/ (980ms)
  ok 128 tests\ae-post-fix-verify.spec.ts:20:9 › AE Post-Fix Verification — Zero Tolerance › Clean: /ae/contact/ (867ms)
  ok 130 tests\ae-post-fix-verify.spec.ts:20:9 › AE Post-Fix Verification — Zero Tolerance › Clean: /ae/services/ (711ms)

[/ae/blog/what-short-circuit-analysis-done-why/] 1 issues
  [ASTERISK] Short circuit analysis essentially consists of determining the steady state solution of a linear net
  ok 129 tests\ae-full-qa.spec.ts:36:9 › AE Full Site QA › QA: /ae/blog/what-short-circuit-analysis-done-why/ (993ms)
  ok 131 tests\ae-post-fix-verify.spec.ts:20:9 › AE Post-Fix Verification — Zero Tolerance › Clean: /ae/services/arc-flash-study-analysis/ (714ms)
  ok 132 tests\ae-full-qa.spec.ts:36:9 › AE Full Site QA › QA: /ae/blog/what-voltage-drop-study-analysis/ (898ms)
  ok 133 tests\ae-post-fix-verify.spec.ts:20:9 › AE Post-Fix Verification — Zero Tolerance › Clean: /ae/services/arc-flash-study/ (676ms)
  ok 134 tests\ae-full-qa.spec.ts:36:9 › AE Full Site QA › QA: /ae/blog/what-why-load-flow-analysis-power-flow-analysis-done/ (888ms)
  ok 135 tests\ae-post-fix-verify.spec.ts:20:9 › AE Post-Fix Verification — Zero Tolerance › Clean: /ae/services/automatic-transfer-switch-testing-service/ (719ms)
  ok 137 tests\ae-post-fix-verify.spec.ts:20:9 › AE Post-Fix Verification — Zero Tolerance › Clean: /ae/services/battery-test/ (641ms)
  ok 136 tests\ae-full-qa.spec.ts:36:9 › AE Full Site QA › QA: /ae/blog/what-you-need-to-know-about-arc-flash-hazard-study-and-analysis/ (1.1s)
  ok 138 tests\ae-post-fix-verify.spec.ts:20:9 › AE Post-Fix Verification — Zero Tolerance › Clean: /ae/services/battery-testing-services-dubai-uae/ (699ms)
  ok 139 tests\ae-full-qa.spec.ts:36:9 › AE Full Site QA › QA: /ae/blog/what-you-need-to-know-about-arc-flash/ (990ms)
  ok 140 tests\ae-post-fix-verify.spec.ts:20:9 › AE Post-Fix Verification — Zero Tolerance › Clean: /ae/services/biomedical-equipment-safety-inspection-services/ (700ms)
  ok 142 tests\ae-post-fix-verify.spec.ts:20:9 › AE Post-Fix Verification — Zero Tolerance › Clean: /ae/services/biomedical-equipment-safety-inspection/ (706ms)
  ok 141 tests\ae-full-qa.spec.ts:36:9 › AE Full Site QA › QA: /ae/blog/why-how-what-automatic-transfer-switch-testing-done/ (1.1s)
  ok 143 tests\ae-post-fix-verify.spec.ts:20:9 › AE Post-Fix Verification — Zero Tolerance › Clean: /ae/services/biomedical-equipment-safety-testing-services/ (851ms)
  ok 144 tests\ae-full-qa.spec.ts:36:9 › AE Full Site QA › QA: /ae/case-studies/ (813ms)
  ok 145 tests\ae-post-fix-verify.spec.ts:20:9 › AE Post-Fix Verification — Zero Tolerance › Clean: /ae/services/blast-chiller-calibration/ (633ms)
  ok 146 tests\ae-full-qa.spec.ts:36:9 › AE Full Site QA › QA: /ae/case-studies/coca-cola-abu-dhabi-arc-flash-study/ (1.1s)
  ok 147 tests\ae-post-fix-verify.spec.ts:20:9 › AE Post-Fix Verification — Zero Tolerance › Clean: /ae/services/building-envelope-infrared-thermography-inspection-service/ (733ms)
  x  113 tests\ae-content-quality.spec.ts:59:7 › AE Content Quality — No Formatting Artifacts › Service detail body has no ** artifacts (15.8s)
  ok 149 tests\ae-post-fix-verify.spec.ts:20:9 › AE Post-Fix Verification — Zero Tolerance › Clean: /ae/services/cable-testing/ (868ms)

[/ae/contact/] 4 issues
  [ELLIPSIS] Select a service...
  [ASTERISK] Full Name *
  [ASTERISK] Email Address *
  [ASTERISK] Message *
  ok 148 tests\ae-full-qa.spec.ts:36:9 › AE Full Site QA › QA: /ae/contact/ (1.4s)
  ok 150 tests\ae-post-fix-verify.spec.ts:20:9 › AE Post-Fix Verification — Zero Tolerance › Clean: /ae/services/capacitor-bank-test/ (812ms)
  ok 151 tests\ae-full-qa.spec.ts:36:9 › AE Full Site QA › QA: /ae/services/ (1.1s)
  x  152 tests\ae-post-fix-verify.spec.ts:20:9 › AE Post-Fix Verification — Zero Tolerance › Clean: /ae/services/category/calibration/ (945ms)
  ok 154 tests\ae-full-qa.spec.ts:36:9 › AE Full Site QA › QA: /ae/services/arc-flash-study-analysis/ (1.2s)
  ok 153 tests\ae-content-quality.spec.ts:77:7 › AE Content Quality — No Formatting Artifacts › Blog detail body has no ** artifacts (1.5s)
  ok 155 tests\ae-full-qa.spec.ts:36:9 › AE Full Site QA › QA: /ae/services/arc-flash-study/ (1.4s)
  x  156 tests\ae-post-fix-verify.spec.ts:20:9 › AE Post-Fix Verification — Zero Tolerance › Clean: /ae/services/category/inspection/ (1.1s)
  ok 157 tests\ae-full-qa.spec.ts:36:9 › AE Full Site QA › QA: /ae/services/automatic-transfer-switch-testing-service/ (1.1s)
  ok 158 tests\ae-full-qa.spec.ts:36:9 › AE Full Site QA › QA: /ae/services/battery-test/ (1.1s)
  ok 160 tests\ae-full-qa.spec.ts:36:9 › AE Full Site QA › QA: /ae/services/battery-testing-services-dubai-uae/ (1.1s)
  ok 159 tests\ae-post-fix-verify.spec.ts:20:9 › AE Post-Fix Verification — Zero Tolerance › Clean: /ae/services/category/study-and-analysis/ (973ms)
  x  162 tests\ae-post-fix-verify.spec.ts:20:9 › AE Post-Fix Verification — Zero Tolerance › Clean: /ae/services/category/testing/ (838ms)
  ok 161 tests\ae-full-qa.spec.ts:36:9 › AE Full Site QA › QA: /ae/services/biomedical-equipment-safety-inspection-services/ (1.1s)
  ok 163 tests\ae-full-qa.spec.ts:36:9 › AE Full Site QA › QA: /ae/services/biomedical-equipment-safety-inspection/ (982ms)
  ok 164 tests\ae-full-qa.spec.ts:36:9 › AE Full Site QA › QA: /ae/services/biomedical-equipment-safety-testing-services/ (1.1s)
  ok 165 tests\ae-post-fix-verify.spec.ts:20:9 › AE Post-Fix Verification — Zero Tolerance › Clean: /ae/services/chiller-calibration/ (1.0s)
  ok 166 tests\ae-full-qa.spec.ts:36:9 › AE Full Site QA › QA: /ae/services/blast-chiller-calibration/ (913ms)
  ok 167 tests\ae-post-fix-verify.spec.ts:20:9 › AE Post-Fix Verification — Zero Tolerance › Clean: /ae/services/circuit-breaker-testing/ (688ms)
  ok 169 tests\ae-post-fix-verify.spec.ts:20:9 › AE Post-Fix Verification — Zero Tolerance › Clean: /ae/services/commercial-electrical-inspection/ (666ms)
  ok 168 tests\ae-full-qa.spec.ts:36:9 › AE Full Site QA › QA: /ae/services/building-envelope-infrared-thermography-inspection-service/ (1.0s)
  ok 170 tests\ae-post-fix-verify.spec.ts:20:9 › AE Post-Fix Verification — Zero Tolerance › Clean: /ae/services/commercial-electrical-test/ (674ms)
  ok 171 tests\ae-full-qa.spec.ts:36:9 › AE Full Site QA › QA: /ae/services/cable-testing/ (1.0s)
  ok 172 tests\ae-post-fix-verify.spec.ts:20:9 › AE Post-Fix Verification — Zero Tolerance › Clean: /ae/services/commercial-electrical-testing/ (739ms)
  ok 174 tests\ae-post-fix-verify.spec.ts:20:9 › AE Post-Fix Verification — Zero Tolerance › Clean: /ae/services/compliance-as-a-service/ (885ms)
  ok 173 tests\ae-full-qa.spec.ts:36:9 › AE Full Site QA › QA: /ae/services/capacitor-bank-test/ (1.1s)
  ok 175 tests\ae-post-fix-verify.spec.ts:20:9 › AE Post-Fix Verification — Zero Tolerance › Clean: /ae/services/contact-resistance-test/ (703ms)

[/ae/services/category/calibration/] 4 issues
  [ELLIPSIS] Most temperature measuring appliance are calibrated by Bain Marie Calibration. For food preparation 
  [ELLIPSIS] Serial Blast Chillers lowers food temperature below 40°F which eliminates the bacterial contaminatio
  [ELLIPSIS] Blast Freezers is generally used for frosting bulkier products where spiral or tunnels cannot be use
  [ELLIPSIS] A Calibrator is a device use to regulate an instrument accuracy. These calibrator’s calibration supp
  ok 176 tests\ae-full-qa.spec.ts:36:9 › AE Full Site QA › QA: /ae/services/category/calibration/ (1.1s)
  ok 177 tests\ae-post-fix-verify.spec.ts:20:9 › AE Post-Fix Verification — Zero Tolerance › Clean: /ae/services/contact-resistance-testing-service/ (666ms)
  ok 179 tests\ae-post-fix-verify.spec.ts:20:9 › AE Post-Fix Verification — Zero Tolerance › Clean: /ae/services/continuity-test/ (703ms)

[/ae/services/category/inspection/] 2 issues
  [ELLIPSIS] Carelabs is authorized provider of Electrical Installation's Study, Analysis, Inspection, and Certif
  [ELLIPSIS] The purpose of an energy audit also known as energy assessment or energy study is to find out why, w
  ok 178 tests\ae-full-qa.spec.ts:36:9 › AE Full Site QA › QA: /ae/services/category/inspection/ (1.3s)
  ok 180 tests\ae-post-fix-verify.spec.ts:20:9 › AE Post-Fix Verification — Zero Tolerance › Clean: /ae/services/continuity-testing/ (669ms)
  ok 182 tests\ae-post-fix-verify.spec.ts:20:9 › AE Post-Fix Verification — Zero Tolerance › Clean: /ae/services/digital-thermometer-calibration/ (861ms)
  ok 181 tests\ae-full-qa.spec.ts:36:9 › AE Full Site QA › QA: /ae/services/category/study-and-analysis/ (1.2s)
  ok 183 tests\ae-post-fix-verify.spec.ts:20:9 › AE Post-Fix Verification — Zero Tolerance › Clean: /ae/services/earth-fault-loop-impedence-test/ (715ms)
  ok 185 tests\ae-post-fix-verify.spec.ts:20:9 › AE Post-Fix Verification — Zero Tolerance › Clean: /ae/services/earth-ground-test/ (644ms)

[/ae/services/category/testing/] 1 issues
  [ELLIPSIS] Soil resistivity testing and measurement is performed to attain a set of values which can be used to
  ok 184 tests\ae-full-qa.spec.ts:36:9 › AE Full Site QA › QA: /ae/services/category/testing/ (1.4s)
  ok 186 tests\ae-post-fix-verify.spec.ts:20:9 › AE Post-Fix Verification — Zero Tolerance › Clean: /ae/services/earth-ground-testing-service/ (701ms)
  ok 187 tests\ae-full-qa.spec.ts:36:9 › AE Full Site QA › QA: /ae/services/chiller-calibration/ (942ms)
  ok 188 tests\ae-post-fix-verify.spec.ts:20:9 › AE Post-Fix Verification — Zero Tolerance › Clean: /ae/services/electric-motor-testing/ (882ms)
  ok 189 tests\ae-full-qa.spec.ts:36:9 › AE Full Site QA › QA: /ae/services/circuit-breaker-testing/ (963ms)
  ok 190 tests\ae-post-fix-verify.spec.ts:20:9 › AE Post-Fix Verification — Zero Tolerance › Clean: /ae/services/electric-switchgear-testing-services/ (698ms)
  ok 192 tests\ae-post-fix-verify.spec.ts:20:9 › AE Post-Fix Verification — Zero Tolerance › Clean: /ae/services/electrical-calibration/ (694ms)
  ok 191 tests\ae-full-qa.spec.ts:36:9 › AE Full Site QA › QA: /ae/services/commercial-electrical-inspection/ (1.1s)
  ok 193 tests\ae-post-fix-verify.spec.ts:20:9 › AE Post-Fix Verification — Zero Tolerance › Clean: /ae/services/electrical-compliance-inspection/ (695ms)
  ok 194 tests\ae-full-qa.spec.ts:36:9 › AE Full Site QA › QA: /ae/services/commercial-electrical-test/ (926ms)
  ok 195 tests\ae-post-fix-verify.spec.ts:20:9 › AE Post-Fix Verification — Zero Tolerance › Clean: /ae/services/electrical-installations-certification-service/ (669ms)
  ok 196 tests\ae-full-qa.spec.ts:36:9 › AE Full Site QA › QA: /ae/services/commercial-electrical-testing/ (992ms)
  ok 197 tests\ae-post-fix-verify.spec.ts:20:9 › AE Post-Fix Verification — Zero Tolerance › Clean: /ae/services/electrical-installations-certification/ (720ms)
  ok 199 tests\ae-post-fix-verify.spec.ts:20:9 › AE Post-Fix Verification — Zero Tolerance › Clean: /ae/services/electrical-safety-audit-service/ (681ms)
  ok 198 tests\ae-full-qa.spec.ts:36:9 › AE Full Site QA › QA: /ae/services/compliance-as-a-service/ (1.3s)
  ok 200 tests\ae-post-fix-verify.spec.ts:20:9 › AE Post-Fix Verification — Zero Tolerance › Clean: /ae/services/electrical-safety-audit/ (945ms)
  ok 201 tests\ae-full-qa.spec.ts:36:9 › AE Full Site QA › QA: /ae/services/contact-resistance-test/ (973ms)
  ok 202 tests\ae-post-fix-verify.spec.ts:20:9 › AE Post-Fix Verification — Zero Tolerance › Clean: /ae/services/electrical-safety-auditing-inspection-service/ (660ms)
  ok 204 tests\ae-post-fix-verify.spec.ts:20:9 › AE Post-Fix Verification — Zero Tolerance › Clean: /ae/services/electrical-safety-test/ (644ms)
  ok 203 tests\ae-full-qa.spec.ts:36:9 › AE Full Site QA › QA: /ae/services/contact-resistance-testing-service/ (1.2s)
  ok 205 tests\ae-post-fix-verify.spec.ts:20:9 › AE Post-Fix Verification — Zero Tolerance › Clean: /ae/services/electrical-safety-testing/ (752ms)
  ok 206 tests\ae-full-qa.spec.ts:36:9 › AE Full Site QA › QA: /ae/services/continuity-test/ (1.0s)
  ok 207 tests\ae-post-fix-verify.spec.ts:20:9 › AE Post-Fix Verification — Zero Tolerance › Clean: /ae/services/electrical-switchgear-risk-assessment-study-hazard-analysis-service/ (758ms)
  ok 209 tests\ae-post-fix-verify.spec.ts:20:9 › AE Post-Fix Verification — Zero Tolerance › Clean: /ae/services/electrical-switchgear-risk-assessment/ (680ms)
  ok 208 tests\ae-full-qa.spec.ts:36:9 › AE Full Site QA › QA: /ae/services/continuity-testing/ (1.1s)
  ok 210 tests\ae-post-fix-verify.spec.ts:20:9 › AE Post-Fix Verification — Zero Tolerance › Clean: /ae/services/electrical-switchgear-safety-inspection-services/ (713ms)
  ok 211 tests\ae-full-qa.spec.ts:36:9 › AE Full Site QA › QA: /ae/services/digital-thermometer-calibration/ (1.1s)
  ok 212 tests\ae-post-fix-verify.spec.ts:20:9 › AE Post-Fix Verification — Zero Tolerance › Clean: /ae/services/electrical-switchgear-safety-inspection/ (738ms)
  ok 214 tests\ae-post-fix-verify.spec.ts:20:9 › AE Post-Fix Verification — Zero Tolerance › Clean: /ae/services/electrical-thermography-inspection/ (740ms)
  ok 213 tests\ae-full-qa.spec.ts:36:9 › AE Full Site QA › QA: /ae/services/earth-fault-loop-impedence-test/ (1.1s)
  ok 215 tests\ae-post-fix-verify.spec.ts:20:9 › AE Post-Fix Verification — Zero Tolerance › Clean: /ae/services/energy-auditing-service/ (771ms)
  ok 216 tests\ae-full-qa.spec.ts:36:9 › AE Full Site QA › QA: /ae/services/earth-ground-test/ (901ms)
  ok 217 tests\ae-post-fix-verify.spec.ts:20:9 › AE Post-Fix Verification — Zero Tolerance › Clean: /ae/services/factory-acceptance-test/ (648ms)
  ok 219 tests\ae-post-fix-verify.spec.ts:20:9 › AE Post-Fix Verification — Zero Tolerance › Clean: /ae/services/factory-acceptance-testing-services/ (705ms)
  ok 218 tests\ae-full-qa.spec.ts:36:9 › AE Full Site QA › QA: /ae/services/earth-ground-testing-service/ (1.0s)
  ok 220 tests\ae-post-fix-verify.spec.ts:20:9 › AE Post-Fix Verification — Zero Tolerance › Clean: /ae/services/fixed-electrical-testing/ (1.0s)
  ok 221 tests\ae-full-qa.spec.ts:36:9 › AE Full Site QA › QA: /ae/services/electric-motor-testing/ (970ms)
  ok 222 tests\ae-post-fix-verify.spec.ts:20:9 › AE Post-Fix Verification — Zero Tolerance › Clean: /ae/services/fixed-wire-testing/ (721ms)
  ok 223 tests\ae-full-qa.spec.ts:36:9 › AE Full Site QA › QA: /ae/services/electric-switchgear-testing-services/ (1.1s)
  ok 224 tests\ae-post-fix-verify.spec.ts:20:9 › AE Post-Fix Verification — Zero Tolerance › Clean: /ae/services/frequency-stability-analysis/ (701ms)
  ok 225 tests\ae-full-qa.spec.ts:36:9 › AE Full Site QA › QA: /ae/services/electrical-calibration/ (920ms)
  ok 226 tests\ae-post-fix-verify.spec.ts:20:9 › AE Post-Fix Verification — Zero Tolerance › Clean: /ae/services/generator-load-bank-test/ (699ms)
  ok 228 tests\ae-post-fix-verify.spec.ts:20:9 › AE Post-Fix Verification — Zero Tolerance › Clean: /ae/services/generator-load-bank-testing/ (642ms)
  ok 227 tests\ae-full-qa.spec.ts:36:9 › AE Full Site QA › QA: /ae/services/electrical-compliance-inspection/ (1.2s)
  ok 229 tests\ae-post-fix-verify.spec.ts:20:9 › AE Post-Fix Verification — Zero Tolerance › Clean: /ae/services/gfci-standard-inspection-service/ (720ms)
  ok 230 tests\ae-full-qa.spec.ts:36:9 › AE Full Site QA › QA: /ae/services/electrical-installations-certification-service/ (1.0s)
  ok 231 tests\ae-post-fix-verify.spec.ts:20:9 › AE Post-Fix Verification — Zero Tolerance › Clean: /ae/services/gfci-standard-inspection/ (773ms)
  ok 233 tests\ae-post-fix-verify.spec.ts:20:9 › AE Post-Fix Verification — Zero Tolerance › Clean: /ae/services/ground-fault-testing/ (691ms)
  ok 232 tests\ae-full-qa.spec.ts:36:9 › AE Full Site QA › QA: /ae/services/electrical-installations-certification/ (994ms)
  ok 234 tests\ae-post-fix-verify.spec.ts:20:9 › AE Post-Fix Verification — Zero Tolerance › Clean: /ae/services/grounding-grid-study-analysis/ (662ms)
  ok 235 tests\ae-full-qa.spec.ts:36:9 › AE Full Site QA › QA: /ae/services/electrical-safety-audit-service/ (952ms)
  ok 236 tests\ae-post-fix-verify.spec.ts:20:9 › AE Post-Fix Verification — Zero Tolerance › Clean: /ae/services/grounding-system-design-and-planning/ (658ms)
  ok 238 tests\ae-post-fix-verify.spec.ts:20:9 › AE Post-Fix Verification — Zero Tolerance › Clean: /ae/services/harmonic-study-analysis/ (853ms)
  ok 237 tests\ae-full-qa.spec.ts:36:9 › AE Full Site QA › QA: /ae/services/electrical-safety-audit/ (1.2s)
  ok 239 tests\ae-post-fix-verify.spec.ts:20:9 › AE Post-Fix Verification — Zero Tolerance › Clean: /ae/services/insulation-resistance-test-service/ (686ms)
  ok 240 tests\ae-full-qa.spec.ts:36:9 › AE Full Site QA › QA: /ae/services/electrical-safety-auditing-inspection-service/ (961ms)
  ok 241 tests\ae-post-fix-verify.spec.ts:20:9 › AE Post-Fix Verification — Zero Tolerance › Clean: /ae/services/insulation-resistance-test/ (667ms)
  ok 243 tests\ae-post-fix-verify.spec.ts:20:9 › AE Post-Fix Verification — Zero Tolerance › Clean: /ae/services/leakage-current-measurement/ (651ms)
  ok 242 tests\ae-full-qa.spec.ts:36:9 › AE Full Site QA › QA: /ae/services/electrical-safety-test/ (992ms)
  ok 244 tests\ae-post-fix-verify.spec.ts:20:9 › AE Post-Fix Verification — Zero Tolerance › Clean: /ae/services/lightning-arrester-test/ (682ms)
  ok 245 tests\ae-full-qa.spec.ts:36:9 › AE Full Site QA › QA: /ae/services/electrical-safety-testing/ (942ms)
  ok 246 tests\ae-post-fix-verify.spec.ts:20:9 › AE Post-Fix Verification — Zero Tolerance › Clean: /ae/services/lightning-arrester-testing-service/ (674ms)
  ok 248 tests\ae-post-fix-verify.spec.ts:20:9 › AE Post-Fix Verification — Zero Tolerance › Clean: /ae/services/lightning-arrester-testing/ (644ms)
  ok 247 tests\ae-full-qa.spec.ts:36:9 › AE Full Site QA › QA: /ae/services/electrical-switchgear-risk-assessment-study-hazard-analysis-service/ (1.2s)
  ok 249 tests\ae-post-fix-verify.spec.ts:20:9 › AE Post-Fix Verification — Zero Tolerance › Clean: /ae/services/live-test/ (646ms)
  ok 250 tests\ae-full-qa.spec.ts:36:9 › AE Full Site QA › QA: /ae/services/electrical-switchgear-risk-assessment/ (937ms)
  ok 251 tests\ae-post-fix-verify.spec.ts:20:9 › AE Post-Fix Verification — Zero Tolerance › Clean: /ae/services/live-testing/ (656ms)
  ok 253 tests\ae-post-fix-verify.spec.ts:20:9 › AE Post-Fix Verification — Zero Tolerance › Clean: /ae/services/load-flow-analysis/ (672ms)
  ok 252 tests\ae-full-qa.spec.ts:36:9 › AE Full Site QA › QA: /ae/services/electrical-switchgear-safety-inspection-services/ (984ms)
  ok 254 tests\ae-post-fix-verify.spec.ts:20:9 › AE Post-Fix Verification — Zero Tolerance › Clean: /ae/services/lv-panel-inspection/ (845ms)
  ok 255 tests\ae-full-qa.spec.ts:36:9 › AE Full Site QA › QA: /ae/services/electrical-switchgear-safety-inspection/ (1.1s)
  ok 256 tests\ae-post-fix-verify.spec.ts:20:9 › AE Post-Fix Verification — Zero Tolerance › Clean: /ae/services/mcc-panel-operation-testing/ (682ms)
  ok 257 tests\ae-full-qa.spec.ts:36:9 › AE Full Site QA › QA: /ae/services/electrical-thermography-inspection/ (1.2s)
  ok 258 tests\ae-post-fix-verify.spec.ts:20:9 › AE Post-Fix Verification — Zero Tolerance › Clean: /ae/services/mcc-switchgear-assessment/ (924ms)
  ok 260 tests\ae-post-fix-verify.spec.ts:20:9 › AE Post-Fix Verification — Zero Tolerance › Clean: /ae/services/megger-test/ (694ms)
  ok 259 tests\ae-full-qa.spec.ts:36:9 › AE Full Site QA › QA: /ae/services/energy-auditing-service/ (1.1s)
  ok 261 tests\ae-post-fix-verify.spec.ts:20:9 › AE Post-Fix Verification — Zero Tolerance › Clean: /ae/services/motor-acceleration-study-analysis/ (896ms)
  ok 262 tests\ae-full-qa.spec.ts:36:9 › AE Full Site QA › QA: /ae/services/factory-acceptance-test/ (976ms)
  ok 263 tests\ae-post-fix-verify.spec.ts:20:9 › AE Post-Fix Verification — Zero Tolerance › Clean: /ae/services/pfc-psc-test/ (921ms)
  ok 264 tests\ae-full-qa.spec.ts:36:9 › AE Full Site QA › QA: /ae/services/factory-acceptance-testing-services/ (1.0s)
  ok 265 tests\ae-post-fix-verify.spec.ts:20:9 › AE Post-Fix Verification — Zero Tolerance › Clean: /ae/services/polarity-test-service/ (696ms)
  ok 267 tests\ae-post-fix-verify.spec.ts:20:9 › AE Post-Fix Verification — Zero Tolerance › Clean: /ae/services/portable-appliance-test/ (705ms)
  ok 266 tests\ae-full-qa.spec.ts:36:9 › AE Full Site QA › QA: /ae/services/fixed-electrical-testing/ (1.0s)
  ok 268 tests\ae-post-fix-verify.spec.ts:20:9 › AE Post-Fix Verification — Zero Tolerance › Clean: /ae/services/portable-appliance-testing-dubai-uae/ (673ms)
  ok 269 tests\ae-full-qa.spec.ts:36:9 › AE Full Site QA › QA: /ae/services/fixed-wire-testing/ (941ms)
  ok 270 tests\ae-post-fix-verify.spec.ts:20:9 › AE Post-Fix Verification — Zero Tolerance › Clean: /ae/services/power-quality-study-analysis/ (633ms)
  ok 271 tests\ae-full-qa.spec.ts:36:9 › AE Full Site QA › QA: /ae/services/frequency-stability-analysis/ (938ms)
  ok 272 tests\ae-post-fix-verify.spec.ts:20:9 › AE Post-Fix Verification — Zero Tolerance › Clean: /ae/services/power-quality-study/ (697ms)
  ok 274 tests\ae-post-fix-verify.spec.ts:20:9 › AE Post-Fix Verification — Zero Tolerance › Clean: /ae/services/power-restoration-optimization/ (682ms)
  ok 273 tests\ae-full-qa.spec.ts:36:9 › AE Full Site QA › QA: /ae/services/generator-load-bank-test/ (1.0s)
  ok 275 tests\ae-post-fix-verify.spec.ts:20:9 › AE Post-Fix Verification — Zero Tolerance › Clean: /ae/services/power-system-study-analysis/ (713ms)
  ok 276 tests\ae-full-qa.spec.ts:36:9 › AE Full Site QA › QA: /ae/services/generator-load-bank-testing/ (967ms)
  ok 277 tests\ae-post-fix-verify.spec.ts:20:9 › AE Post-Fix Verification — Zero Tolerance › Clean: /ae/services/primary-current-injection-test/ (660ms)
  ok 279 tests\ae-post-fix-verify.spec.ts:20:9 › AE Post-Fix Verification — Zero Tolerance › Clean: /ae/services/prospective-short-circuit-test-prospective-fault-current-test/ (709ms)
  ok 278 tests\ae-full-qa.spec.ts:36:9 › AE Full Site QA › QA: /ae/services/gfci-standard-inspection-service/ (1.0s)
  ok 280 tests\ae-post-fix-verify.spec.ts:20:9 › AE Post-Fix Verification — Zero Tolerance › Clean: /ae/services/protection-coordination-study/ (875ms)
  ok 281 tests\ae-full-qa.spec.ts:36:9 › AE Full Site QA › QA: /ae/services/gfci-standard-inspection/ (945ms)
  ok 282 tests\ae-post-fix-verify.spec.ts:20:9 › AE Post-Fix Verification — Zero Tolerance › Clean: /ae/services/protection-relay-test/ (653ms)
  ok 283 tests\ae-full-qa.spec.ts:36:9 › AE Full Site QA › QA: /ae/services/ground-fault-testing/ (950ms)
  ok 284 tests\ae-post-fix-verify.spec.ts:20:9 › AE Post-Fix Verification — Zero Tolerance › Clean: /ae/services/protection-relay-testing-services/ (682ms)
  ok 286 tests\ae-post-fix-verify.spec.ts:20:9 › AE Post-Fix Verification — Zero Tolerance › Clean: /ae/services/protective-devices-test/ (678ms)
  ok 285 tests\ae-full-qa.spec.ts:36:9 › AE Full Site QA › QA: /ae/services/grounding-grid-study-analysis/ (1.0s)
  ok 287 tests\ae-post-fix-verify.spec.ts:20:9 › AE Post-Fix Verification — Zero Tolerance › Clean: /ae/services/relay-coordination-study-and-analysis/ (843ms)
  ok 288 tests\ae-full-qa.spec.ts:36:9 › AE Full Site QA › QA: /ae/services/grounding-system-design-and-planning/ (923ms)
  ok 289 tests\ae-post-fix-verify.spec.ts:20:9 › AE Post-Fix Verification — Zero Tolerance › Clean: /ae/services/residual-current-device-testing-safety-2/ (679ms)
  ok 291 tests\ae-post-fix-verify.spec.ts:20:9 › AE Post-Fix Verification — Zero Tolerance › Clean: /ae/services/residual-current-device-testing-safety/ (685ms)
  ok 290 tests\ae-full-qa.spec.ts:36:9 › AE Full Site QA › QA: /ae/services/harmonic-study-analysis/ (1.2s)
  ok 292 tests\ae-post-fix-verify.spec.ts:20:9 › AE Post-Fix Verification — Zero Tolerance › Clean: /ae/services/secondary-current-injection-test/ (889ms)
  ok 293 tests\ae-full-qa.spec.ts:36:9 › AE Full Site QA › QA: /ae/services/insulation-resistance-test-service/ (972ms)
  ok 294 tests\ae-post-fix-verify.spec.ts:20:9 › AE Post-Fix Verification — Zero Tolerance › Clean: /ae/services/short-circuit-study-analysis/ (745ms)
  ok 295 tests\ae-full-qa.spec.ts:36:9 › AE Full Site QA › QA: /ae/services/insulation-resistance-test/ (951ms)
  ok 296 tests\ae-post-fix-verify.spec.ts:20:9 › AE Post-Fix Verification — Zero Tolerance › Clean: /ae/services/thermographic-inspection/ (840ms)
  ok 297 tests\ae-full-qa.spec.ts:36:9 › AE Full Site QA › QA: /ae/services/leakage-current-measurement/ (978ms)
  ok 298 tests\ae-post-fix-verify.spec.ts:20:9 › AE Post-Fix Verification — Zero Tolerance › Clean: /ae/services/thermography-test-of-electrical-panels/ (724ms)
  ok 300 tests\ae-post-fix-verify.spec.ts:20:9 › AE Post-Fix Verification — Zero Tolerance › Clean: /ae/services/thermography-testing-of-electrical-equipment/ (692ms)
  ok 299 tests\ae-full-qa.spec.ts:36:9 › AE Full Site QA › QA: /ae/services/lightning-arrester-test/ (1.1s)
  ok 301 tests\ae-post-fix-verify.spec.ts:20:9 › AE Post-Fix Verification — Zero Tolerance › Clean: /ae/services/third-party-electrical-certification/ (667ms)
  ok 303 tests\ae-post-fix-verify.spec.ts:20:9 › AE Post-Fix Verification — Zero Tolerance › Clean: /ae/services/third-party-electrical-inspection-company-uae/ (676ms)
  ok 302 tests\ae-full-qa.spec.ts:36:9 › AE Full Site QA › QA: /ae/services/lightning-arrester-testing-service/ (1.0s)
  ok 304 tests\ae-post-fix-verify.spec.ts:20:9 › AE Post-Fix Verification — Zero Tolerance › Clean: /ae/services/third-party-inspection-electrical-installation/ (802ms)
  ok 305 tests\ae-full-qa.spec.ts:36:9 › AE Full Site QA › QA: /ae/services/lightning-arrester-testing/ (1.0s)
  ok 306 tests\ae-post-fix-verify.spec.ts:20:9 › AE Post-Fix Verification — Zero Tolerance › Clean: /ae/services/torque-test/ (657ms)
  ok 307 tests\ae-full-qa.spec.ts:36:9 › AE Full Site QA › QA: /ae/services/live-test/ (893ms)
  ok 308 tests\ae-post-fix-verify.spec.ts:20:9 › AE Post-Fix Verification — Zero Tolerance › Clean: /ae/services/unbalanced-load-flow-study-analysis/ (831ms)
  ok 309 tests\ae-full-qa.spec.ts:36:9 › AE Full Site QA › QA: /ae/services/live-testing/ (1.1s)
  ok 310 tests\ae-post-fix-verify.spec.ts:20:9 › AE Post-Fix Verification — Zero Tolerance › Clean: /ae/services/vibration-study-and-analysis/ (712ms)
  ok 312 tests\ae-post-fix-verify.spec.ts:20:9 › AE Post-Fix Verification — Zero Tolerance › Clean: /ae/services/voltage-drop-study-analysis/ (706ms)
  ok 311 tests\ae-full-qa.spec.ts:36:9 › AE Full Site QA › QA: /ae/services/load-flow-analysis/ (1.0s)
  ok 313 tests\ae-post-fix-verify.spec.ts:20:9 › AE Post-Fix Verification — Zero Tolerance › Clean: /ae/services/voltage-imbalance-study/ (860ms)
  ok 314 tests\ae-full-qa.spec.ts:36:9 › AE Full Site QA › QA: /ae/services/lv-panel-inspection/ (1.2s)
  ok 315 tests\ae-full-qa.spec.ts:36:9 › AE Full Site QA › QA: /ae/services/mcc-panel-operation-testing/ (969ms)
  ok 316 tests\ae-full-qa.spec.ts:36:9 › AE Full Site QA › QA: /ae/services/mcc-switchgear-assessment/ (1.4s)
  ok 317 tests\ae-full-qa.spec.ts:36:9 › AE Full Site QA › QA: /ae/services/megger-test/ (1.1s)
  ok 318 tests\ae-full-qa.spec.ts:36:9 › AE Full Site QA › QA: /ae/services/motor-acceleration-study-analysis/ (1.0s)
  ok 319 tests\ae-full-qa.spec.ts:36:9 › AE Full Site QA › QA: /ae/services/pfc-psc-test/ (929ms)
  ok 320 tests\ae-full-qa.spec.ts:36:9 › AE Full Site QA › QA: /ae/services/polarity-test-service/ (949ms)
  ok 321 tests\ae-full-qa.spec.ts:36:9 › AE Full Site QA › QA: /ae/services/portable-appliance-test/ (915ms)
  ok 322 tests\ae-full-qa.spec.ts:36:9 › AE Full Site QA › QA: /ae/services/portable-appliance-testing-dubai-uae/ (1.0s)
  ok 323 tests\ae-full-qa.spec.ts:36:9 › AE Full Site QA › QA: /ae/services/power-quality-study-analysis/ (1.0s)
  ok 324 tests\ae-full-qa.spec.ts:36:9 › AE Full Site QA › QA: /ae/services/power-quality-study/ (1.1s)
  ok 325 tests\ae-full-qa.spec.ts:36:9 › AE Full Site QA › QA: /ae/services/power-restoration-optimization/ (1.1s)
  ok 326 tests\ae-full-qa.spec.ts:36:9 › AE Full Site QA › QA: /ae/services/power-system-study-analysis/ (957ms)
  ok 327 tests\ae-full-qa.spec.ts:36:9 › AE Full Site QA › QA: /ae/services/primary-current-injection-test/ (912ms)
  ok 328 tests\ae-full-qa.spec.ts:36:9 › AE Full Site QA › QA: /ae/services/prospective-short-circuit-test-prospective-fault-current-test/ (1.1s)
  ok 329 tests\ae-full-qa.spec.ts:36:9 › AE Full Site QA › QA: /ae/services/protection-coordination-study/ (991ms)
  ok 330 tests\ae-full-qa.spec.ts:36:9 › AE Full Site QA › QA: /ae/services/protection-relay-test/ (952ms)
  ok 331 tests\ae-full-qa.spec.ts:36:9 › AE Full Site QA › QA: /ae/services/protection-relay-testing-services/ (1.2s)
  ok 332 tests\ae-full-qa.spec.ts:36:9 › AE Full Site QA › QA: /ae/services/protective-devices-test/ (880ms)
  ok 333 tests\ae-full-qa.spec.ts:36:9 › AE Full Site QA › QA: /ae/services/relay-coordination-study-and-analysis/ (1.2s)
  ok 334 tests\ae-full-qa.spec.ts:36:9 › AE Full Site QA › QA: /ae/services/residual-current-device-testing-safety-2/ (1.0s)
  ok 335 tests\ae-full-qa.spec.ts:36:9 › AE Full Site QA › QA: /ae/services/residual-current-device-testing-safety/ (947ms)
  ok 336 tests\ae-full-qa.spec.ts:36:9 › AE Full Site QA › QA: /ae/services/secondary-current-injection-test/ (936ms)
  ok 337 tests\ae-full-qa.spec.ts:36:9 › AE Full Site QA › QA: /ae/services/short-circuit-study-analysis/ (989ms)
  ok 338 tests\ae-full-qa.spec.ts:36:9 › AE Full Site QA › QA: /ae/services/thermographic-inspection/ (974ms)
  ok 339 tests\ae-full-qa.spec.ts:36:9 › AE Full Site QA › QA: /ae/services/thermography-test-of-electrical-panels/ (928ms)
  ok 340 tests\ae-full-qa.spec.ts:36:9 › AE Full Site QA › QA: /ae/services/thermography-testing-of-electrical-equipment/ (915ms)
  ok 341 tests\ae-full-qa.spec.ts:36:9 › AE Full Site QA › QA: /ae/services/third-party-electrical-certification/ (971ms)
  ok 342 tests\ae-full-qa.spec.ts:36:9 › AE Full Site QA › QA: /ae/services/third-party-electrical-inspection-company-uae/ (1.2s)
  ok 343 tests\ae-full-qa.spec.ts:36:9 › AE Full Site QA › QA: /ae/services/third-party-inspection-electrical-installation/ (981ms)
  ok 344 tests\ae-full-qa.spec.ts:36:9 › AE Full Site QA › QA: /ae/services/torque-test/ (980ms)
  ok 345 tests\ae-full-qa.spec.ts:36:9 › AE Full Site QA › QA: /ae/services/unbalanced-load-flow-study-analysis/ (938ms)
  ok 346 tests\ae-full-qa.spec.ts:36:9 › AE Full Site QA › QA: /ae/services/vibration-study-and-analysis/ (968ms)

[/ae/services/voltage-drop-study-analysis/] 2 issues
  [ASTERISK] VD = 2 * K * Q * I * D/CM – Single Phase
  [ASTERISK] VD = 1.732 * K * Q * I * D/CM – Three Phase
  ok 347 tests\ae-full-qa.spec.ts:36:9 › AE Full Site QA › QA: /ae/services/voltage-drop-study-analysis/ (985ms)
  ok 348 tests\ae-full-qa.spec.ts:36:9 › AE Full Site QA › QA: /ae/services/voltage-imbalance-study/ (1.1s)


  1) tests\ae-content-quality.spec.ts:59:7 › AE Content Quality — No Formatting Artifacts › Service detail body has no ** artifacts 

    TimeoutError: locator.getAttribute: Timeout 15000ms exceeded.
    Call log:
    [2m  - waiting for locator('a[href*="/ae/services/"][href$="-ae/"]').first()[22m


      60 |     await page.goto(`${BASE}/ae/services/`, { waitUntil: "domcontentloaded" });
      61 |     const firstLink = page.locator('a[href*="/ae/services/"][href$="-ae/"]').first();
    > 62 |     const href = await firstLink.getAttribute("href");
         |                                  ^
      63 |     if (href) {
      64 |       await page.goto(`${BASE}${href}`, { waitUntil: "domcontentloaded" });
      65 |       const body = await page.locator("body").innerText();
        at C:\Users\RidaShahariyar\OneDrive - Care Labs\Desktop\website_rebuild_project\tests\ae-content-quality.spec.ts:62:34

    Error Context: tests\results\ae-content-quality-AE-Cont-5c258-etail-body-has-no-artifacts\error-context.md

  2) tests\ae-post-fix-verify.spec.ts:20:9 › AE Post-Fix Verification — Zero Tolerance › Clean: /ae/blog/what-is-soil-resistivity-test-how-is-soil-resistivity-testing-done/ 

    Error: Stray asterisks on /ae/blog/what-is-soil-resistivity-test-how-is-soil-resistivity-testing-done/: Note: Temperature and moisture content both become more stable as distance below the surface of the 

    [2mexpect([22m[31mreceived[39m[2m).[22mtoBe[2m([22m[32mexpected[39m[2m) // Object.is equality[22m

    Expected: [32m0[39m
    Received: [31m1[39m

      49 |         asteriskLines.length,
      50 |         `Stray asterisks on ${urlPath}: ${asteriskLines[0]?.slice(0, 100)}`
    > 51 |       ).toBe(0);
         |         ^
      52 |
      53 |       // No ellipses indicating truncated content
      54 |       const ellipsisLines = bodyText
        at C:\Users\RidaShahariyar\OneDrive - Care Labs\Desktop\website_rebuild_project\tests\ae-post-fix-verify.spec.ts:51:9

    Error Context: tests\results\ae-post-fix-verify-AE-Post-045b4-l-resistivity-testing-done-\error-context.md

  3) tests\ae-post-fix-verify.spec.ts:20:9 › AE Post-Fix Verification — Zero Tolerance › Clean: /ae/blog/what-short-circuit-analysis-done-why/ 

    Error: Stray asterisks on /ae/blog/what-short-circuit-analysis-done-why/: Short circuit analysis essentially consists of determining the steady state solution of a linear net

    [2mexpect([22m[31mreceived[39m[2m).[22mtoBe[2m([22m[32mexpected[39m[2m) // Object.is equality[22m

    Expected: [32m0[39m
    Received: [31m1[39m

      49 |         asteriskLines.length,
      50 |         `Stray asterisks on ${urlPath}: ${asteriskLines[0]?.slice(0, 100)}`
    > 51 |       ).toBe(0);
         |         ^
      52 |
      53 |       // No ellipses indicating truncated content
      54 |       const ellipsisLines = bodyText
        at C:\Users\RidaShahariyar\OneDrive - Care Labs\Desktop\website_rebuild_project\tests\ae-post-fix-verify.spec.ts:51:9

    Error Context: tests\results\ae-post-fix-verify-AE-Post-e916f--circuit-analysis-done-why-\error-context.md

  4) tests\ae-post-fix-verify.spec.ts:20:9 › AE Post-Fix Verification — Zero Tolerance › Clean: /ae/services/category/calibration/ 

    Error: Truncated content on /ae/services/category/calibration/: Most temperature measuring appliance are calibrated by Bain Marie Calibration. For food preparation 

    [2mexpect([22m[31mreceived[39m[2m).[22mtoBe[2m([22m[32mexpected[39m[2m) // Object.is equality[22m

    Expected: [32m0[39m
    Received: [31m4[39m

      64 |         ellipsisLines.length,
      65 |         `Truncated content on ${urlPath}: ${ellipsisLines[0]?.slice(0, 100)}`
    > 66 |       ).toBe(0);
         |         ^
      67 |
      68 |       // No markdown headers visible as text
      69 |       const mdHeaders = bodyText
        at C:\Users\RidaShahariyar\OneDrive - Care Labs\Desktop\website_rebuild_project\tests\ae-post-fix-verify.spec.ts:66:9

    Error Context: tests\results\ae-post-fix-verify-AE-Post-a4705-vices-category-calibration-\error-context.md

  5) tests\ae-post-fix-verify.spec.ts:20:9 › AE Post-Fix Verification — Zero Tolerance › Clean: /ae/services/category/inspection/ 

    Error: Truncated content on /ae/services/category/inspection/: Carelabs is authorized provider of Electrical Installation's Study, Analysis, Inspection, and Certif

    [2mexpect([22m[31mreceived[39m[2m).[22mtoBe[2m([22m[32mexpected[39m[2m) // Object.is equality[22m

    Expected: [32m0[39m
    Received: [31m2[39m

      64 |         ellipsisLines.length,
      65 |         `Truncated content on ${urlPath}: ${ellipsisLines[0]?.slice(0, 100)}`
    > 66 |       ).toBe(0);
         |         ^
      67 |
      68 |       // No markdown headers visible as text
      69 |       const mdHeaders = bodyText
        at C:\Users\RidaShahariyar\OneDrive - Care Labs\Desktop\website_rebuild_project\tests\ae-post-fix-verify.spec.ts:66:9

    Error Context: tests\results\ae-post-fix-verify-AE-Post-a3c96-rvices-category-inspection-\error-context.md

  6) tests\ae-post-fix-verify.spec.ts:20:9 › AE Post-Fix Verification — Zero Tolerance › Clean: /ae/services/category/testing/ 

    Error: Truncated content on /ae/services/category/testing/: Soil resistivity testing and measurement is performed to attain a set of values which can be used to

    [2mexpect([22m[31mreceived[39m[2m).[22mtoBe[2m([22m[32mexpected[39m[2m) // Object.is equality[22m

    Expected: [32m0[39m
    Received: [31m1[39m

      64 |         ellipsisLines.length,
      65 |         `Truncated content on ${urlPath}: ${ellipsisLines[0]?.slice(0, 100)}`
    > 66 |       ).toBe(0);
         |         ^
      67 |
      68 |       // No markdown headers visible as text
      69 |       const mdHeaders = bodyText
        at C:\Users\RidaShahariyar\OneDrive - Care Labs\Desktop\website_rebuild_project\tests\ae-post-fix-verify.spec.ts:66:9

    Error Context: tests\results\ae-post-fix-verify-AE-Post-83930--services-category-testing-\error-context.md

  6 failed
    tests\ae-content-quality.spec.ts:59:7 › AE Content Quality — No Formatting Artifacts › Service detail body has no ** artifacts 
    tests\ae-post-fix-verify.spec.ts:20:9 › AE Post-Fix Verification — Zero Tolerance › Clean: /ae/blog/what-is-soil-resistivity-test-how-is-soil-resistivity-testing-done/ 
    tests\ae-post-fix-verify.spec.ts:20:9 › AE Post-Fix Verification — Zero Tolerance › Clean: /ae/blog/what-short-circuit-analysis-done-why/ 
    tests\ae-post-fix-verify.spec.ts:20:9 › AE Post-Fix Verification — Zero Tolerance › Clean: /ae/services/category/calibration/ 
    tests\ae-post-fix-verify.spec.ts:20:9 › AE Post-Fix Verification — Zero Tolerance › Clean: /ae/services/category/inspection/ 
    tests\ae-post-fix-verify.spec.ts:20:9 › AE Post-Fix Verification — Zero Tolerance › Clean: /ae/services/category/testing/ 
  342 passed (2.7m)
