
Running 129 tests using 1 worker

  ok   1 tests\ae-post-fix-verify.spec.ts:20:9 › AE Post-Fix Verification — Zero Tolerance › Clean: /ae/ (3.8s)
  ok   2 tests\ae-post-fix-verify.spec.ts:20:9 › AE Post-Fix Verification — Zero Tolerance › Clean: /ae/about/ (837ms)
  ok   3 tests\ae-post-fix-verify.spec.ts:20:9 › AE Post-Fix Verification — Zero Tolerance › Clean: /ae/blog/ (648ms)
  x    4 tests\ae-post-fix-verify.spec.ts:20:9 › AE Post-Fix Verification — Zero Tolerance › Clean: /ae/blog/about-earth-fault-loop-impedence-test/ (721ms)
  ok   5 tests\ae-post-fix-verify.spec.ts:20:9 › AE Post-Fix Verification — Zero Tolerance › Clean: /ae/blog/electrical-infrared-thermography-inspection-important/ (933ms)
  ok   6 tests\ae-post-fix-verify.spec.ts:20:9 › AE Post-Fix Verification — Zero Tolerance › Clean: /ae/blog/electrical-installation-inspection-fulfilling-trakhees-guidelines-to-procure-operation-fitness-certificate-ofc/ (848ms)
  ok   7 tests\ae-post-fix-verify.spec.ts:20:9 › AE Post-Fix Verification — Zero Tolerance › Clean: /ae/blog/how-what-why-generator-load-bank-testing-done/ (736ms)
  ok   8 tests\ae-post-fix-verify.spec.ts:20:9 › AE Post-Fix Verification — Zero Tolerance › Clean: /ae/blog/learn-about-residual-current-device-testing-safety/ (682ms)
  ok   9 tests\ae-post-fix-verify.spec.ts:20:9 › AE Post-Fix Verification — Zero Tolerance › Clean: /ae/blog/learn-continuity-testing-what-how/ (1.0s)
  ok  10 tests\ae-post-fix-verify.spec.ts:20:9 › AE Post-Fix Verification — Zero Tolerance › Clean: /ae/blog/learn-how-insulation-resistance-test-done/ (693ms)
  x   11 tests\ae-post-fix-verify.spec.ts:20:9 › AE Post-Fix Verification — Zero Tolerance › Clean: /ae/blog/learn-what-is-earth-ground-test-why-and-how-is-it-done/ (816ms)
  ok  12 tests\ae-post-fix-verify.spec.ts:20:9 › AE Post-Fix Verification — Zero Tolerance › Clean: /ae/blog/megger-test-performed/ (774ms)
  x   13 tests\ae-post-fix-verify.spec.ts:20:9 › AE Post-Fix Verification — Zero Tolerance › Clean: /ae/blog/need-conduct-electrical-safety-testing/ (696ms)
  ok  14 tests\ae-post-fix-verify.spec.ts:20:9 › AE Post-Fix Verification — Zero Tolerance › Clean: /ae/blog/protecting-electrical-systems/ (825ms)
  ok  15 tests\ae-post-fix-verify.spec.ts:20:9 › AE Post-Fix Verification — Zero Tolerance › Clean: /ae/blog/purpose-lightning-arrester-testing-necessary/ (632ms)
  ok  16 tests\ae-post-fix-verify.spec.ts:20:9 › AE Post-Fix Verification — Zero Tolerance › Clean: /ae/blog/thermography-test-of-electrical-panels/ (680ms)
  ok  17 tests\ae-post-fix-verify.spec.ts:20:9 › AE Post-Fix Verification — Zero Tolerance › Clean: /ae/blog/thermography-testing-of-electrical-equipment/ (631ms)
  ok  18 tests\ae-post-fix-verify.spec.ts:20:9 › AE Post-Fix Verification — Zero Tolerance › Clean: /ae/blog/what-automatic-transfer-switch-testing-how-automatic-transfer-switch-testing-done/ (660ms)
  ok  19 tests\ae-post-fix-verify.spec.ts:20:9 › AE Post-Fix Verification — Zero Tolerance › Clean: /ae/blog/what-cable-testing-how-cable-testing-done/ (694ms)
  ok  20 tests\ae-post-fix-verify.spec.ts:20:9 › AE Post-Fix Verification — Zero Tolerance › Clean: /ae/blog/what-capacitor-bank-testing-why-capacitor-bank-testing-done/ (683ms)
  ok  21 tests\ae-post-fix-verify.spec.ts:20:9 › AE Post-Fix Verification — Zero Tolerance › Clean: /ae/blog/what-circuit-breaker-testing-how-circuit-breaker-testing-done/ (652ms)
  ok  22 tests\ae-post-fix-verify.spec.ts:20:9 › AE Post-Fix Verification — Zero Tolerance › Clean: /ae/blog/what-contact-resistance-test-why-contact-resistance-testing-done/ (624ms)
  ok  23 tests\ae-post-fix-verify.spec.ts:20:9 › AE Post-Fix Verification — Zero Tolerance › Clean: /ae/blog/what-earth-grounding/ (664ms)
  ok  24 tests\ae-post-fix-verify.spec.ts:20:9 › AE Post-Fix Verification — Zero Tolerance › Clean: /ae/blog/what-factory-acceptance-testing-how-fat-done/ (678ms)
  ok  25 tests\ae-post-fix-verify.spec.ts:20:9 › AE Post-Fix Verification — Zero Tolerance › Clean: /ae/blog/what-ground-fault-testing-why-ground-fault-testing-important/ (663ms)
  ok  26 tests\ae-post-fix-verify.spec.ts:20:9 › AE Post-Fix Verification — Zero Tolerance › Clean: /ae/blog/what-how-grounding-design-planning/ (755ms)
  ok  27 tests\ae-post-fix-verify.spec.ts:20:9 › AE Post-Fix Verification — Zero Tolerance › Clean: /ae/blog/what-how-harmonic-study-analysis-done/ (746ms)
  x   28 tests\ae-post-fix-verify.spec.ts:20:9 › AE Post-Fix Verification — Zero Tolerance › Clean: /ae/blog/what-is-electric-motor-testing-and-why-is-it-done/ (688ms)
  ok  29 tests\ae-post-fix-verify.spec.ts:20:9 › AE Post-Fix Verification — Zero Tolerance › Clean: /ae/blog/what-is-soil-resistivity-test-how-is-soil-resistivity-testing-done/ (1.0s)
  ok  30 tests\ae-post-fix-verify.spec.ts:20:9 › AE Post-Fix Verification — Zero Tolerance › Clean: /ae/blog/what-is-torque-testing-how-is-torque-testing-done/ (820ms)
  x   31 tests\ae-post-fix-verify.spec.ts:20:9 › AE Post-Fix Verification — Zero Tolerance › Clean: /ae/blog/what-leakage-current-testing-measuring-how-leakage-current-testing-measuring-done/ (944ms)
  ok  32 tests\ae-post-fix-verify.spec.ts:20:9 › AE Post-Fix Verification — Zero Tolerance › Clean: /ae/blog/what-motor-acceleration-study-analysis/ (797ms)
  ok  33 tests\ae-post-fix-verify.spec.ts:20:9 › AE Post-Fix Verification — Zero Tolerance › Clean: /ae/blog/what-pat-test-why-pat-test-done/ (658ms)
  ok  34 tests\ae-post-fix-verify.spec.ts:20:9 › AE Post-Fix Verification — Zero Tolerance › Clean: /ae/blog/what-polarity-test-why-conduct-polarity-test/ (679ms)
  ok  35 tests\ae-post-fix-verify.spec.ts:20:9 › AE Post-Fix Verification — Zero Tolerance › Clean: /ae/blog/what-protective-device-testing-how-done/ (691ms)
  x   36 tests\ae-post-fix-verify.spec.ts:20:9 › AE Post-Fix Verification — Zero Tolerance › Clean: /ae/blog/what-short-circuit-analysis-done-why/ (672ms)
  ok  37 tests\ae-post-fix-verify.spec.ts:20:9 › AE Post-Fix Verification — Zero Tolerance › Clean: /ae/blog/what-voltage-drop-study-analysis/ (872ms)
  ok  38 tests\ae-post-fix-verify.spec.ts:20:9 › AE Post-Fix Verification — Zero Tolerance › Clean: /ae/blog/what-why-load-flow-analysis-power-flow-analysis-done/ (663ms)
  ok  39 tests\ae-post-fix-verify.spec.ts:20:9 › AE Post-Fix Verification — Zero Tolerance › Clean: /ae/blog/what-you-need-to-know-about-arc-flash-hazard-study-and-analysis/ (631ms)
  ok  40 tests\ae-post-fix-verify.spec.ts:20:9 › AE Post-Fix Verification — Zero Tolerance › Clean: /ae/blog/what-you-need-to-know-about-arc-flash/ (699ms)
  ok  41 tests\ae-post-fix-verify.spec.ts:20:9 › AE Post-Fix Verification — Zero Tolerance › Clean: /ae/blog/why-how-what-automatic-transfer-switch-testing-done/ (695ms)
  ok  42 tests\ae-post-fix-verify.spec.ts:20:9 › AE Post-Fix Verification — Zero Tolerance › Clean: /ae/case-studies/ (659ms)
  ok  43 tests\ae-post-fix-verify.spec.ts:20:9 › AE Post-Fix Verification — Zero Tolerance › Clean: /ae/case-studies/coca-cola-abu-dhabi-arc-flash-study/ (631ms)
  x   44 tests\ae-post-fix-verify.spec.ts:20:9 › AE Post-Fix Verification — Zero Tolerance › Clean: /ae/contact/ (940ms)
  ok  45 tests\ae-post-fix-verify.spec.ts:20:9 › AE Post-Fix Verification — Zero Tolerance › Clean: /ae/services/ (1.1s)
  ok  46 tests\ae-post-fix-verify.spec.ts:20:9 › AE Post-Fix Verification — Zero Tolerance › Clean: /ae/services/arc-flash-study-analysis/ (1.0s)
  ok  47 tests\ae-post-fix-verify.spec.ts:20:9 › AE Post-Fix Verification — Zero Tolerance › Clean: /ae/services/arc-flash-study/ (869ms)
  ok  48 tests\ae-post-fix-verify.spec.ts:20:9 › AE Post-Fix Verification — Zero Tolerance › Clean: /ae/services/automatic-transfer-switch-testing-service/ (694ms)
  ok  49 tests\ae-post-fix-verify.spec.ts:20:9 › AE Post-Fix Verification — Zero Tolerance › Clean: /ae/services/bain-marie-calibration/ (871ms)
  ok  50 tests\ae-post-fix-verify.spec.ts:20:9 › AE Post-Fix Verification — Zero Tolerance › Clean: /ae/services/battery-testing-services-dubai-uae/ (722ms)
  ok  51 tests\ae-post-fix-verify.spec.ts:20:9 › AE Post-Fix Verification — Zero Tolerance › Clean: /ae/services/biomedical-equipment-safety-inspection-services/ (807ms)
  ok  52 tests\ae-post-fix-verify.spec.ts:20:9 › AE Post-Fix Verification — Zero Tolerance › Clean: /ae/services/biomedical-equipment-safety-testing-services/ (729ms)
  ok  53 tests\ae-post-fix-verify.spec.ts:20:9 › AE Post-Fix Verification — Zero Tolerance › Clean: /ae/services/blast-chiller-calibration/ (879ms)
  ok  54 tests\ae-post-fix-verify.spec.ts:20:9 › AE Post-Fix Verification — Zero Tolerance › Clean: /ae/services/blast-freezer-calibration/ (907ms)
  x   55 tests\ae-post-fix-verify.spec.ts:20:9 › AE Post-Fix Verification — Zero Tolerance › Clean: /ae/services/building-envelope-infrared-thermography-inspection-service/ (849ms)
  ok  56 tests\ae-post-fix-verify.spec.ts:20:9 › AE Post-Fix Verification — Zero Tolerance › Clean: /ae/services/cable-testing/ (858ms)
  ok  57 tests\ae-post-fix-verify.spec.ts:20:9 › AE Post-Fix Verification — Zero Tolerance › Clean: /ae/services/calibrator-calibration/ (641ms)
  ok  58 tests\ae-post-fix-verify.spec.ts:20:9 › AE Post-Fix Verification — Zero Tolerance › Clean: /ae/services/capacitor-bank-test/ (713ms)
  x   59 tests\ae-post-fix-verify.spec.ts:20:9 › AE Post-Fix Verification — Zero Tolerance › Clean: /ae/services/chiller-calibration/ (666ms)
  ok  60 tests\ae-post-fix-verify.spec.ts:20:9 › AE Post-Fix Verification — Zero Tolerance › Clean: /ae/services/circuit-breaker-testing/ (795ms)
  ok  61 tests\ae-post-fix-verify.spec.ts:20:9 › AE Post-Fix Verification — Zero Tolerance › Clean: /ae/services/commercial-electrical-inspection-services-dubai-uae/ (884ms)
  ok  62 tests\ae-post-fix-verify.spec.ts:20:9 › AE Post-Fix Verification — Zero Tolerance › Clean: /ae/services/commercial-electrical-testing/ (668ms)
  ok  63 tests\ae-post-fix-verify.spec.ts:20:9 › AE Post-Fix Verification — Zero Tolerance › Clean: /ae/services/compliance-as-a-service/ (842ms)
  ok  64 tests\ae-post-fix-verify.spec.ts:20:9 › AE Post-Fix Verification — Zero Tolerance › Clean: /ae/services/contact-resistance-testing-service/ (661ms)
  ok  65 tests\ae-post-fix-verify.spec.ts:20:9 › AE Post-Fix Verification — Zero Tolerance › Clean: /ae/services/continuity-testing/ (650ms)
  x   66 tests\ae-post-fix-verify.spec.ts:20:9 › AE Post-Fix Verification — Zero Tolerance › Clean: /ae/services/digital-thermometer-calibration/ (824ms)
  x   67 tests\ae-post-fix-verify.spec.ts:20:9 › AE Post-Fix Verification — Zero Tolerance › Clean: /ae/services/earth-fault-loop-impedence-test/ (833ms)
  ok  68 tests\ae-post-fix-verify.spec.ts:20:9 › AE Post-Fix Verification — Zero Tolerance › Clean: /ae/services/earth-ground-testing-service/ (832ms)
  ok  69 tests\ae-post-fix-verify.spec.ts:20:9 › AE Post-Fix Verification — Zero Tolerance › Clean: /ae/services/electric-motor-testing/ (822ms)
  ok  70 tests\ae-post-fix-verify.spec.ts:20:9 › AE Post-Fix Verification — Zero Tolerance › Clean: /ae/services/electric-switchgear-testing-services/ (712ms)
  ok  71 tests\ae-post-fix-verify.spec.ts:20:9 › AE Post-Fix Verification — Zero Tolerance › Clean: /ae/services/electrical-calibration/ (875ms)
  ok  72 tests\ae-post-fix-verify.spec.ts:20:9 › AE Post-Fix Verification — Zero Tolerance › Clean: /ae/services/electrical-compliance-inspection/ (868ms)
  ok  73 tests\ae-post-fix-verify.spec.ts:20:9 › AE Post-Fix Verification — Zero Tolerance › Clean: /ae/services/electrical-installations-certification-service/ (660ms)
  x   74 tests\ae-post-fix-verify.spec.ts:20:9 › AE Post-Fix Verification — Zero Tolerance › Clean: /ae/services/electrical-safety-audit-service/ (676ms)
  ok  75 tests\ae-post-fix-verify.spec.ts:20:9 › AE Post-Fix Verification — Zero Tolerance › Clean: /ae/services/electrical-safety-audit/ (874ms)
  ok  76 tests\ae-post-fix-verify.spec.ts:20:9 › AE Post-Fix Verification — Zero Tolerance › Clean: /ae/services/electrical-safety-auditing-inspection-service/ (798ms)
  ok  77 tests\ae-post-fix-verify.spec.ts:20:9 › AE Post-Fix Verification — Zero Tolerance › Clean: /ae/services/electrical-safety-testing/ (696ms)
  ok  78 tests\ae-post-fix-verify.spec.ts:20:9 › AE Post-Fix Verification — Zero Tolerance › Clean: /ae/services/electrical-switchgear-risk-assessment-study-hazard-analysis-service/ (701ms)
  ok  79 tests\ae-post-fix-verify.spec.ts:20:9 › AE Post-Fix Verification — Zero Tolerance › Clean: /ae/services/electrical-switchgear-safety-inspection-services/ (714ms)
  ok  80 tests\ae-post-fix-verify.spec.ts:20:9 › AE Post-Fix Verification — Zero Tolerance › Clean: /ae/services/electrical-thermography-inspection/ (667ms)
  ok  81 tests\ae-post-fix-verify.spec.ts:20:9 › AE Post-Fix Verification — Zero Tolerance › Clean: /ae/services/energy-auditing-service/ (626ms)
  ok  82 tests\ae-post-fix-verify.spec.ts:20:9 › AE Post-Fix Verification — Zero Tolerance › Clean: /ae/services/factory-acceptance-testing-services/ (662ms)
  ok  83 tests\ae-post-fix-verify.spec.ts:20:9 › AE Post-Fix Verification — Zero Tolerance › Clean: /ae/services/fixed-electrical-testing/ (728ms)
  ok  84 tests\ae-post-fix-verify.spec.ts:20:9 › AE Post-Fix Verification — Zero Tolerance › Clean: /ae/services/fixed-wire-testing/ (662ms)
  ok  85 tests\ae-post-fix-verify.spec.ts:20:9 › AE Post-Fix Verification — Zero Tolerance › Clean: /ae/services/frequency-stability-analysis/ (902ms)
  ok  86 tests\ae-post-fix-verify.spec.ts:20:9 › AE Post-Fix Verification — Zero Tolerance › Clean: /ae/services/generator-load-bank-testing/ (705ms)
  ok  87 tests\ae-post-fix-verify.spec.ts:20:9 › AE Post-Fix Verification — Zero Tolerance › Clean: /ae/services/gfci-standard-inspection-service/ (605ms)
  x   88 tests\ae-post-fix-verify.spec.ts:20:9 › AE Post-Fix Verification — Zero Tolerance › Clean: /ae/services/ground-fault-testing/ (841ms)
  ok  89 tests\ae-post-fix-verify.spec.ts:20:9 › AE Post-Fix Verification — Zero Tolerance › Clean: /ae/services/grounding-grid-study-analysis/ (822ms)
  ok  90 tests\ae-post-fix-verify.spec.ts:20:9 › AE Post-Fix Verification — Zero Tolerance › Clean: /ae/services/grounding-system-design-and-planning/ (874ms)
  ok  91 tests\ae-post-fix-verify.spec.ts:20:9 › AE Post-Fix Verification — Zero Tolerance › Clean: /ae/services/harmonic-study-analysis/ (662ms)
  ok  92 tests\ae-post-fix-verify.spec.ts:20:9 › AE Post-Fix Verification — Zero Tolerance › Clean: /ae/services/insulation-resistance-test-service/ (679ms)
  ok  93 tests\ae-post-fix-verify.spec.ts:20:9 › AE Post-Fix Verification — Zero Tolerance › Clean: /ae/services/leakage-current-measurement/ (683ms)
  ok  94 tests\ae-post-fix-verify.spec.ts:20:9 › AE Post-Fix Verification — Zero Tolerance › Clean: /ae/services/lightning-arrester-testing-service/ (691ms)
  ok  95 tests\ae-post-fix-verify.spec.ts:20:9 › AE Post-Fix Verification — Zero Tolerance › Clean: /ae/services/lightning-arrester-testing/ (667ms)
  ok  96 tests\ae-post-fix-verify.spec.ts:20:9 › AE Post-Fix Verification — Zero Tolerance › Clean: /ae/services/live-testing/ (705ms)
  ok  97 tests\ae-post-fix-verify.spec.ts:20:9 › AE Post-Fix Verification — Zero Tolerance › Clean: /ae/services/load-flow-analysis/ (637ms)
  ok  98 tests\ae-post-fix-verify.spec.ts:20:9 › AE Post-Fix Verification — Zero Tolerance › Clean: /ae/services/lv-panel-inspection/ (888ms)
  ok  99 tests\ae-post-fix-verify.spec.ts:20:9 › AE Post-Fix Verification — Zero Tolerance › Clean: /ae/services/mcc-panel-operation-testing/ (701ms)
  ok 100 tests\ae-post-fix-verify.spec.ts:20:9 › AE Post-Fix Verification — Zero Tolerance › Clean: /ae/services/mcc-switchgear-assessment/ (895ms)
  x  101 tests\ae-post-fix-verify.spec.ts:20:9 › AE Post-Fix Verification — Zero Tolerance › Clean: /ae/services/megger-test/ (666ms)
  ok 102 tests\ae-post-fix-verify.spec.ts:20:9 › AE Post-Fix Verification — Zero Tolerance › Clean: /ae/services/motor-acceleration-study-analysis/ (820ms)
  ok 103 tests\ae-post-fix-verify.spec.ts:20:9 › AE Post-Fix Verification — Zero Tolerance › Clean: /ae/services/pfc-psc-test/ (689ms)
  ok 104 tests\ae-post-fix-verify.spec.ts:20:9 › AE Post-Fix Verification — Zero Tolerance › Clean: /ae/services/polarity-test-service/ (688ms)
  x  105 tests\ae-post-fix-verify.spec.ts:20:9 › AE Post-Fix Verification — Zero Tolerance › Clean: /ae/services/portable-appliance-testing-dubai-uae/ (660ms)
  ok 106 tests\ae-post-fix-verify.spec.ts:20:9 › AE Post-Fix Verification — Zero Tolerance › Clean: /ae/services/power-quality-study-analysis/ (845ms)
  ok 107 tests\ae-post-fix-verify.spec.ts:20:9 › AE Post-Fix Verification — Zero Tolerance › Clean: /ae/services/power-quality-study/ (844ms)
  ok 108 tests\ae-post-fix-verify.spec.ts:20:9 › AE Post-Fix Verification — Zero Tolerance › Clean: /ae/services/power-restoration-optimization/ (768ms)
  x  109 tests\ae-post-fix-verify.spec.ts:20:9 › AE Post-Fix Verification — Zero Tolerance › Clean: /ae/services/power-system-study-analysis/ (658ms)
  ok 110 tests\ae-post-fix-verify.spec.ts:20:9 › AE Post-Fix Verification — Zero Tolerance › Clean: /ae/services/primary-current-injection-test/ (954ms)
  x  111 tests\ae-post-fix-verify.spec.ts:20:9 › AE Post-Fix Verification — Zero Tolerance › Clean: /ae/services/prospective-short-circuit-test-prospective-fault-current-test/ (763ms)
  ok 112 tests\ae-post-fix-verify.spec.ts:20:9 › AE Post-Fix Verification — Zero Tolerance › Clean: /ae/services/protection-coordination-study/ (792ms)
  ok 113 tests\ae-post-fix-verify.spec.ts:20:9 › AE Post-Fix Verification — Zero Tolerance › Clean: /ae/services/protection-relay-testing-services/ (664ms)
  ok 114 tests\ae-post-fix-verify.spec.ts:20:9 › AE Post-Fix Verification — Zero Tolerance › Clean: /ae/services/protective-devices-testing-services/ (677ms)
  ok 115 tests\ae-post-fix-verify.spec.ts:20:9 › AE Post-Fix Verification — Zero Tolerance › Clean: /ae/services/relay-coordination-study-and-analysis/ (789ms)
  ok 116 tests\ae-post-fix-verify.spec.ts:20:9 › AE Post-Fix Verification — Zero Tolerance › Clean: /ae/services/residual-current-device-testing-safety-2/ (752ms)
  ok 117 tests\ae-post-fix-verify.spec.ts:20:9 › AE Post-Fix Verification — Zero Tolerance › Clean: /ae/services/residual-current-device-testing-safety/ (737ms)
  ok 118 tests\ae-post-fix-verify.spec.ts:20:9 › AE Post-Fix Verification — Zero Tolerance › Clean: /ae/services/secondary-current-injection-test/ (904ms)
  ok 119 tests\ae-post-fix-verify.spec.ts:20:9 › AE Post-Fix Verification — Zero Tolerance › Clean: /ae/services/short-circuit-study-analysis/ (691ms)
  ok 120 tests\ae-post-fix-verify.spec.ts:20:9 › AE Post-Fix Verification — Zero Tolerance › Clean: /ae/services/soil-resistivity-test/ (740ms)
  ok 121 tests\ae-post-fix-verify.spec.ts:20:9 › AE Post-Fix Verification — Zero Tolerance › Clean: /ae/services/thermographic-inspection/ (724ms)
  ok 122 tests\ae-post-fix-verify.spec.ts:20:9 › AE Post-Fix Verification — Zero Tolerance › Clean: /ae/services/third-party-electrical-certification/ (692ms)
  x  123 tests\ae-post-fix-verify.spec.ts:20:9 › AE Post-Fix Verification — Zero Tolerance › Clean: /ae/services/third-party-electrical-inspection-company-uae/ (702ms)
  ok 124 tests\ae-post-fix-verify.spec.ts:20:9 › AE Post-Fix Verification — Zero Tolerance › Clean: /ae/services/third-party-inspection-electrical-installation/ (781ms)
  ok 125 tests\ae-post-fix-verify.spec.ts:20:9 › AE Post-Fix Verification — Zero Tolerance › Clean: /ae/services/torque-test/ (863ms)
  ok 126 tests\ae-post-fix-verify.spec.ts:20:9 › AE Post-Fix Verification — Zero Tolerance › Clean: /ae/services/unbalanced-load-flow-study-analysis/ (726ms)
  ok 127 tests\ae-post-fix-verify.spec.ts:20:9 › AE Post-Fix Verification — Zero Tolerance › Clean: /ae/services/vibration-study-and-analysis/ (699ms)
  ok 128 tests\ae-post-fix-verify.spec.ts:20:9 › AE Post-Fix Verification — Zero Tolerance › Clean: /ae/services/voltage-drop-study-analysis/ (672ms)
  ok 129 tests\ae-post-fix-verify.spec.ts:20:9 › AE Post-Fix Verification — Zero Tolerance › Clean: /ae/services/voltage-imbalance-study/ (657ms)


  1) tests\ae-post-fix-verify.spec.ts:20:9 › AE Post-Fix Verification — Zero Tolerance › Clean: /ae/blog/about-earth-fault-loop-impedence-test/ 

    Error: Stray asterisks on /ae/blog/about-earth-fault-loop-impedence-test/: **Step 1:**Use an Earth Fault Loop Tester or select the Earth Fault Loop Test option on a multifunct

    [2mexpect([22m[31mreceived[39m[2m).[22mtoBe[2m([22m[32mexpected[39m[2m) // Object.is equality[22m

    Expected: [32m0[39m
    Received: [31m5[39m

      47 |         asteriskLines.length,
      48 |         `Stray asterisks on ${urlPath}: ${asteriskLines[0]?.slice(0, 100)}`
    > 49 |       ).toBe(0);
         |         ^
      50 |
      51 |       // No ellipses indicating truncated content
      52 |       const ellipsisLines = bodyText
        at C:\Users\RidaShahariyar\OneDrive - Care Labs\Desktop\website_rebuild_project\tests\ae-post-fix-verify.spec.ts:49:9

    Error Context: tests\results\ae-post-fix-verify-AE-Post-e4cc9--fault-loop-impedence-test-\error-context.md

  2) tests\ae-post-fix-verify.spec.ts:20:9 › AE Post-Fix Verification — Zero Tolerance › Clean: /ae/blog/learn-what-is-earth-ground-test-why-and-how-is-it-done/ 

    Error: Stray asterisks on /ae/blog/learn-what-is-earth-ground-test-why-and-how-is-it-done/: **THERE ARE FIVE BASIC TEST METHODS AS NOTED BELOWSOIL RESISTIVITY TESTING:**WENNER FOUR-POLE EQUAL 

    [2mexpect([22m[31mreceived[39m[2m).[22mtoBe[2m([22m[32mexpected[39m[2m) // Object.is equality[22m

    Expected: [32m0[39m
    Received: [31m1[39m

      47 |         asteriskLines.length,
      48 |         `Stray asterisks on ${urlPath}: ${asteriskLines[0]?.slice(0, 100)}`
    > 49 |       ).toBe(0);
         |         ^
      50 |
      51 |       // No ellipses indicating truncated content
      52 |       const ellipsisLines = bodyText
        at C:\Users\RidaShahariyar\OneDrive - Care Labs\Desktop\website_rebuild_project\tests\ae-post-fix-verify.spec.ts:49:9

    Error Context: tests\results\ae-post-fix-verify-AE-Post-05b21-est-why-and-how-is-it-done-\error-context.md

  3) tests\ae-post-fix-verify.spec.ts:20:9 › AE Post-Fix Verification — Zero Tolerance › Clean: /ae/blog/need-conduct-electrical-safety-testing/ 

    Error: Stray asterisks on /ae/blog/need-conduct-electrical-safety-testing/: **Electric shock:**Electrical shock is caused by flow of current through human body. This kind of el

    [2mexpect([22m[31mreceived[39m[2m).[22mtoBe[2m([22m[32mexpected[39m[2m) // Object.is equality[22m

    Expected: [32m0[39m
    Received: [31m2[39m

      47 |         asteriskLines.length,
      48 |         `Stray asterisks on ${urlPath}: ${asteriskLines[0]?.slice(0, 100)}`
    > 49 |       ).toBe(0);
         |         ^
      50 |
      51 |       // No ellipses indicating truncated content
      52 |       const ellipsisLines = bodyText
        at C:\Users\RidaShahariyar\OneDrive - Care Labs\Desktop\website_rebuild_project\tests\ae-post-fix-verify.spec.ts:49:9

    Error Context: tests\results\ae-post-fix-verify-AE-Post-b8321--electrical-safety-testing-\error-context.md

  4) tests\ae-post-fix-verify.spec.ts:20:9 › AE Post-Fix Verification — Zero Tolerance › Clean: /ae/blog/what-is-electric-motor-testing-and-why-is-it-done/ 

    Error: Stray asterisks on /ae/blog/what-is-electric-motor-testing-and-why-is-it-done/: *The above-mentioned tests are offline tests.Dynamic Motor Testing or online Testing A more recent a

    [2mexpect([22m[31mreceived[39m[2m).[22mtoBe[2m([22m[32mexpected[39m[2m) // Object.is equality[22m

    Expected: [32m0[39m
    Received: [31m1[39m

      47 |         asteriskLines.length,
      48 |         `Stray asterisks on ${urlPath}: ${asteriskLines[0]?.slice(0, 100)}`
    > 49 |       ).toBe(0);
         |         ^
      50 |
      51 |       // No ellipses indicating truncated content
      52 |       const ellipsisLines = bodyText
        at C:\Users\RidaShahariyar\OneDrive - Care Labs\Desktop\website_rebuild_project\tests\ae-post-fix-verify.spec.ts:49:9

    Error Context: tests\results\ae-post-fix-verify-AE-Post-2d369-testing-and-why-is-it-done-\error-context.md

  5) tests\ae-post-fix-verify.spec.ts:20:9 › AE Post-Fix Verification — Zero Tolerance › Clean: /ae/blog/what-leakage-current-testing-measuring-how-leakage-current-testing-measuring-done/ 

    Error: Stray asterisks on /ae/blog/what-leakage-current-testing-measuring-how-leakage-current-testing-measuring-done/: A copper foil of a specific dimension is placed on the housing, for a nonconductive housings, and th

    [2mexpect([22m[31mreceived[39m[2m).[22mtoBe[2m([22m[32mexpected[39m[2m) // Object.is equality[22m

    Expected: [32m0[39m
    Received: [31m1[39m

      47 |         asteriskLines.length,
      48 |         `Stray asterisks on ${urlPath}: ${asteriskLines[0]?.slice(0, 100)}`
    > 49 |       ).toBe(0);
         |         ^
      50 |
      51 |       // No ellipses indicating truncated content
      52 |       const ellipsisLines = bodyText
        at C:\Users\RidaShahariyar\OneDrive - Care Labs\Desktop\website_rebuild_project\tests\ae-post-fix-verify.spec.ts:49:9

    Error Context: tests\results\ae-post-fix-verify-AE-Post-2b858-ent-testing-measuring-done-\error-context.md

  6) tests\ae-post-fix-verify.spec.ts:20:9 › AE Post-Fix Verification — Zero Tolerance › Clean: /ae/blog/what-short-circuit-analysis-done-why/ 

    Error: Stray asterisks on /ae/blog/what-short-circuit-analysis-done-why/: Short circuit analysis essentially consists of determining the steady state solution of a linear net

    [2mexpect([22m[31mreceived[39m[2m).[22mtoBe[2m([22m[32mexpected[39m[2m) // Object.is equality[22m

    Expected: [32m0[39m
    Received: [31m1[39m

      47 |         asteriskLines.length,
      48 |         `Stray asterisks on ${urlPath}: ${asteriskLines[0]?.slice(0, 100)}`
    > 49 |       ).toBe(0);
         |         ^
      50 |
      51 |       // No ellipses indicating truncated content
      52 |       const ellipsisLines = bodyText
        at C:\Users\RidaShahariyar\OneDrive - Care Labs\Desktop\website_rebuild_project\tests\ae-post-fix-verify.spec.ts:49:9

    Error Context: tests\results\ae-post-fix-verify-AE-Post-e916f--circuit-analysis-done-why-\error-context.md

  7) tests\ae-post-fix-verify.spec.ts:20:9 › AE Post-Fix Verification — Zero Tolerance › Clean: /ae/contact/ 

    Error: Stray asterisks on /ae/contact/: Full Name *

    [2mexpect([22m[31mreceived[39m[2m).[22mtoBe[2m([22m[32mexpected[39m[2m) // Object.is equality[22m

    Expected: [32m0[39m
    Received: [31m3[39m

      47 |         asteriskLines.length,
      48 |         `Stray asterisks on ${urlPath}: ${asteriskLines[0]?.slice(0, 100)}`
    > 49 |       ).toBe(0);
         |         ^
      50 |
      51 |       // No ellipses indicating truncated content
      52 |       const ellipsisLines = bodyText
        at C:\Users\RidaShahariyar\OneDrive - Care Labs\Desktop\website_rebuild_project\tests\ae-post-fix-verify.spec.ts:49:9

    Error Context: tests\results\ae-post-fix-verify-AE-Post-3ae76-Tolerance-Clean-ae-contact-\error-context.md

  8) tests\ae-post-fix-verify.spec.ts:20:9 › AE Post-Fix Verification — Zero Tolerance › Clean: /ae/services/building-envelope-infrared-thermography-inspection-service/ 

    Error: Stray asterisks on /ae/services/building-envelope-infrared-thermography-inspection-service/: *Carelabs is authorized provider of Electrical Installation’s Study, Analysis, Inspection, and Certi

    [2mexpect([22m[31mreceived[39m[2m).[22mtoBe[2m([22m[32mexpected[39m[2m) // Object.is equality[22m

    Expected: [32m0[39m
    Received: [31m1[39m

      47 |         asteriskLines.length,
      48 |         `Stray asterisks on ${urlPath}: ${asteriskLines[0]?.slice(0, 100)}`
    > 49 |       ).toBe(0);
         |         ^
      50 |
      51 |       // No ellipses indicating truncated content
      52 |       const ellipsisLines = bodyText
        at C:\Users\RidaShahariyar\OneDrive - Care Labs\Desktop\website_rebuild_project\tests\ae-post-fix-verify.spec.ts:49:9

    Error Context: tests\results\ae-post-fix-verify-AE-Post-b6d26-ography-inspection-service-\error-context.md

  9) tests\ae-post-fix-verify.spec.ts:20:9 › AE Post-Fix Verification — Zero Tolerance › Clean: /ae/services/chiller-calibration/ 

    Error: Stray asterisks on /ae/services/chiller-calibration/: Chilled water is cooled by industrial chiller. Industrial absorption chillers provides specific cool

    [2mexpect([22m[31mreceived[39m[2m).[22mtoBe[2m([22m[32mexpected[39m[2m) // Object.is equality[22m

    Expected: [32m0[39m
    Received: [31m1[39m

      47 |         asteriskLines.length,
      48 |         `Stray asterisks on ${urlPath}: ${asteriskLines[0]?.slice(0, 100)}`
    > 49 |       ).toBe(0);
         |         ^
      50 |
      51 |       // No ellipses indicating truncated content
      52 |       const ellipsisLines = bodyText
        at C:\Users\RidaShahariyar\OneDrive - Care Labs\Desktop\website_rebuild_project\tests\ae-post-fix-verify.spec.ts:49:9

    Error Context: tests\results\ae-post-fix-verify-AE-Post-0eef7-rvices-chiller-calibration-\error-context.md

  10) tests\ae-post-fix-verify.spec.ts:20:9 › AE Post-Fix Verification — Zero Tolerance › Clean: /ae/services/digital-thermometer-calibration/ 

    Error: Stray asterisks on /ae/services/digital-thermometer-calibration/: Digital pipe thermometer measures the pipe or liquids and solids in one unit**.** Standard products 

    [2mexpect([22m[31mreceived[39m[2m).[22mtoBe[2m([22m[32mexpected[39m[2m) // Object.is equality[22m

    Expected: [32m0[39m
    Received: [31m1[39m

      47 |         asteriskLines.length,
      48 |         `Stray asterisks on ${urlPath}: ${asteriskLines[0]?.slice(0, 100)}`
    > 49 |       ).toBe(0);
         |         ^
      50 |
      51 |       // No ellipses indicating truncated content
      52 |       const ellipsisLines = bodyText
        at C:\Users\RidaShahariyar\OneDrive - Care Labs\Desktop\website_rebuild_project\tests\ae-post-fix-verify.spec.ts:49:9

    Error Context: tests\results\ae-post-fix-verify-AE-Post-601b1-al-thermometer-calibration-\error-context.md

  11) tests\ae-post-fix-verify.spec.ts:20:9 › AE Post-Fix Verification — Zero Tolerance › Clean: /ae/services/earth-fault-loop-impedence-test/ 

    Error: Stray asterisks on /ae/services/earth-fault-loop-impedence-test/: **Step 1:**Earth Fault Loop Tester or Earth Fault Loop Test option is selected on a multifunctional 

    [2mexpect([22m[31mreceived[39m[2m).[22mtoBe[2m([22m[32mexpected[39m[2m) // Object.is equality[22m

    Expected: [32m0[39m
    Received: [31m4[39m

      47 |         asteriskLines.length,
      48 |         `Stray asterisks on ${urlPath}: ${asteriskLines[0]?.slice(0, 100)}`
    > 49 |       ).toBe(0);
         |         ^
      50 |
      51 |       // No ellipses indicating truncated content
      52 |       const ellipsisLines = bodyText
        at C:\Users\RidaShahariyar\OneDrive - Care Labs\Desktop\website_rebuild_project\tests\ae-post-fix-verify.spec.ts:49:9

    Error Context: tests\results\ae-post-fix-verify-AE-Post-e98a9--fault-loop-impedence-test-\error-context.md

  12) tests\ae-post-fix-verify.spec.ts:20:9 › AE Post-Fix Verification — Zero Tolerance › Clean: /ae/services/electrical-safety-audit-service/ 

    Error: Stray asterisks on /ae/services/electrical-safety-audit-service/: Carelabs is authorized provider of Electrical Installation’s Study, Analysis, Inspection, and Certif

    [2mexpect([22m[31mreceived[39m[2m).[22mtoBe[2m([22m[32mexpected[39m[2m) // Object.is equality[22m

    Expected: [32m0[39m
    Received: [31m1[39m

      47 |         asteriskLines.length,
      48 |         `Stray asterisks on ${urlPath}: ${asteriskLines[0]?.slice(0, 100)}`
    > 49 |       ).toBe(0);
         |         ^
      50 |
      51 |       // No ellipses indicating truncated content
      52 |       const ellipsisLines = bodyText
        at C:\Users\RidaShahariyar\OneDrive - Care Labs\Desktop\website_rebuild_project\tests\ae-post-fix-verify.spec.ts:49:9

    Error Context: tests\results\ae-post-fix-verify-AE-Post-327b0-rical-safety-audit-service-\error-context.md

  13) tests\ae-post-fix-verify.spec.ts:20:9 › AE Post-Fix Verification — Zero Tolerance › Clean: /ae/services/ground-fault-testing/ 

    Error: Stray asterisks on /ae/services/ground-fault-testing/: **Testing neutral insulation resistance:**Testing the insulation resistance is crucial, as issues ar

    [2mexpect([22m[31mreceived[39m[2m).[22mtoBe[2m([22m[32mexpected[39m[2m) // Object.is equality[22m

    Expected: [32m0[39m
    Received: [31m3[39m

      47 |         asteriskLines.length,
      48 |         `Stray asterisks on ${urlPath}: ${asteriskLines[0]?.slice(0, 100)}`
    > 49 |       ).toBe(0);
         |         ^
      50 |
      51 |       // No ellipses indicating truncated content
      52 |       const ellipsisLines = bodyText
        at C:\Users\RidaShahariyar\OneDrive - Care Labs\Desktop\website_rebuild_project\tests\ae-post-fix-verify.spec.ts:49:9

    Error Context: tests\results\ae-post-fix-verify-AE-Post-fd0f1-vices-ground-fault-testing-\error-context.md

  14) tests\ae-post-fix-verify.spec.ts:20:9 › AE Post-Fix Verification — Zero Tolerance › Clean: /ae/services/megger-test/ 

    Error: Stray asterisks on /ae/services/megger-test/: Megger Testing is a spot insulation test which uses an applied DC voltage, either 250Vdc, 500Vdc 1,0

    [2mexpect([22m[31mreceived[39m[2m).[22mtoBe[2m([22m[32mexpected[39m[2m) // Object.is equality[22m

    Expected: [32m0[39m
    Received: [31m1[39m

      47 |         asteriskLines.length,
      48 |         `Stray asterisks on ${urlPath}: ${asteriskLines[0]?.slice(0, 100)}`
    > 49 |       ).toBe(0);
         |         ^
      50 |
      51 |       // No ellipses indicating truncated content
      52 |       const ellipsisLines = bodyText
        at C:\Users\RidaShahariyar\OneDrive - Care Labs\Desktop\website_rebuild_project\tests\ae-post-fix-verify.spec.ts:49:9

    Error Context: tests\results\ae-post-fix-verify-AE-Post-2a66c-an-ae-services-megger-test-\error-context.md

  15) tests\ae-post-fix-verify.spec.ts:20:9 › AE Post-Fix Verification — Zero Tolerance › Clean: /ae/services/portable-appliance-testing-dubai-uae/ 

    Error: Stray asterisks on /ae/services/portable-appliance-testing-dubai-uae/: *WHY PAT IS DONE?THE KEYWORD IS LIABILITY. AN EMPLOYER OR MANUFACTURER SHOULD SHOW AS MUCH CONCERN A

    [2mexpect([22m[31mreceived[39m[2m).[22mtoBe[2m([22m[32mexpected[39m[2m) // Object.is equality[22m

    Expected: [32m0[39m
    Received: [31m1[39m

      47 |         asteriskLines.length,
      48 |         `Stray asterisks on ${urlPath}: ${asteriskLines[0]?.slice(0, 100)}`
    > 49 |       ).toBe(0);
         |         ^
      50 |
      51 |       // No ellipses indicating truncated content
      52 |       const ellipsisLines = bodyText
        at C:\Users\RidaShahariyar\OneDrive - Care Labs\Desktop\website_rebuild_project\tests\ae-post-fix-verify.spec.ts:49:9

    Error Context: tests\results\ae-post-fix-verify-AE-Post-92df3-ppliance-testing-dubai-uae-\error-context.md

  16) tests\ae-post-fix-verify.spec.ts:20:9 › AE Post-Fix Verification — Zero Tolerance › Clean: /ae/services/power-system-study-analysis/ 

    Error: Stray asterisks on /ae/services/power-system-study-analysis/: **Carelabs is competent provider of Power System Study, Analysis, and Certification services in Midd

    [2mexpect([22m[31mreceived[39m[2m).[22mtoBe[2m([22m[32mexpected[39m[2m) // Object.is equality[22m

    Expected: [32m0[39m
    Received: [31m2[39m

      47 |         asteriskLines.length,
      48 |         `Stray asterisks on ${urlPath}: ${asteriskLines[0]?.slice(0, 100)}`
    > 49 |       ).toBe(0);
         |         ^
      50 |
      51 |       // No ellipses indicating truncated content
      52 |       const ellipsisLines = bodyText
        at C:\Users\RidaShahariyar\OneDrive - Care Labs\Desktop\website_rebuild_project\tests\ae-post-fix-verify.spec.ts:49:9

    Error Context: tests\results\ae-post-fix-verify-AE-Post-d5615-ower-system-study-analysis-\error-context.md

  17) tests\ae-post-fix-verify.spec.ts:20:9 › AE Post-Fix Verification — Zero Tolerance › Clean: /ae/services/prospective-short-circuit-test-prospective-fault-current-test/ 

    Error: Stray asterisks on /ae/services/prospective-short-circuit-test-prospective-fault-current-test/: PSC will be greater than the PFC. Prospective fault current and short circuit current of a circuit i

    [2mexpect([22m[31mreceived[39m[2m).[22mtoBe[2m([22m[32mexpected[39m[2m) // Object.is equality[22m

    Expected: [32m0[39m
    Received: [31m1[39m

      47 |         asteriskLines.length,
      48 |         `Stray asterisks on ${urlPath}: ${asteriskLines[0]?.slice(0, 100)}`
    > 49 |       ).toBe(0);
         |         ^
      50 |
      51 |       // No ellipses indicating truncated content
      52 |       const ellipsisLines = bodyText
        at C:\Users\RidaShahariyar\OneDrive - Care Labs\Desktop\website_rebuild_project\tests\ae-post-fix-verify.spec.ts:49:9

    Error Context: tests\results\ae-post-fix-verify-AE-Post-3535e-pective-fault-current-test-\error-context.md

  18) tests\ae-post-fix-verify.spec.ts:20:9 › AE Post-Fix Verification — Zero Tolerance › Clean: /ae/services/third-party-electrical-inspection-company-uae/ 

    Error: Stray asterisks on /ae/services/third-party-electrical-inspection-company-uae/: *Carelabs is authorized provider of Electrical Installation’s Study, Analysis, Inspection, and Certi

    [2mexpect([22m[31mreceived[39m[2m).[22mtoBe[2m([22m[32mexpected[39m[2m) // Object.is equality[22m

    Expected: [32m0[39m
    Received: [31m1[39m

      47 |         asteriskLines.length,
      48 |         `Stray asterisks on ${urlPath}: ${asteriskLines[0]?.slice(0, 100)}`
    > 49 |       ).toBe(0);
         |         ^
      50 |
      51 |       // No ellipses indicating truncated content
      52 |       const ellipsisLines = bodyText
        at C:\Users\RidaShahariyar\OneDrive - Care Labs\Desktop\website_rebuild_project\tests\ae-post-fix-verify.spec.ts:49:9

    Error Context: tests\results\ae-post-fix-verify-AE-Post-1f03f-cal-inspection-company-uae-\error-context.md

  18 failed
    tests\ae-post-fix-verify.spec.ts:20:9 › AE Post-Fix Verification — Zero Tolerance › Clean: /ae/blog/about-earth-fault-loop-impedence-test/ 
    tests\ae-post-fix-verify.spec.ts:20:9 › AE Post-Fix Verification — Zero Tolerance › Clean: /ae/blog/learn-what-is-earth-ground-test-why-and-how-is-it-done/ 
    tests\ae-post-fix-verify.spec.ts:20:9 › AE Post-Fix Verification — Zero Tolerance › Clean: /ae/blog/need-conduct-electrical-safety-testing/ 
    tests\ae-post-fix-verify.spec.ts:20:9 › AE Post-Fix Verification — Zero Tolerance › Clean: /ae/blog/what-is-electric-motor-testing-and-why-is-it-done/ 
    tests\ae-post-fix-verify.spec.ts:20:9 › AE Post-Fix Verification — Zero Tolerance › Clean: /ae/blog/what-leakage-current-testing-measuring-how-leakage-current-testing-measuring-done/ 
    tests\ae-post-fix-verify.spec.ts:20:9 › AE Post-Fix Verification — Zero Tolerance › Clean: /ae/blog/what-short-circuit-analysis-done-why/ 
    tests\ae-post-fix-verify.spec.ts:20:9 › AE Post-Fix Verification — Zero Tolerance › Clean: /ae/contact/ 
    tests\ae-post-fix-verify.spec.ts:20:9 › AE Post-Fix Verification — Zero Tolerance › Clean: /ae/services/building-envelope-infrared-thermography-inspection-service/ 
    tests\ae-post-fix-verify.spec.ts:20:9 › AE Post-Fix Verification — Zero Tolerance › Clean: /ae/services/chiller-calibration/ 
    tests\ae-post-fix-verify.spec.ts:20:9 › AE Post-Fix Verification — Zero Tolerance › Clean: /ae/services/digital-thermometer-calibration/ 
    tests\ae-post-fix-verify.spec.ts:20:9 › AE Post-Fix Verification — Zero Tolerance › Clean: /ae/services/earth-fault-loop-impedence-test/ 
    tests\ae-post-fix-verify.spec.ts:20:9 › AE Post-Fix Verification — Zero Tolerance › Clean: /ae/services/electrical-safety-audit-service/ 
    tests\ae-post-fix-verify.spec.ts:20:9 › AE Post-Fix Verification — Zero Tolerance › Clean: /ae/services/ground-fault-testing/ 
    tests\ae-post-fix-verify.spec.ts:20:9 › AE Post-Fix Verification — Zero Tolerance › Clean: /ae/services/megger-test/ 
    tests\ae-post-fix-verify.spec.ts:20:9 › AE Post-Fix Verification — Zero Tolerance › Clean: /ae/services/portable-appliance-testing-dubai-uae/ 
    tests\ae-post-fix-verify.spec.ts:20:9 › AE Post-Fix Verification — Zero Tolerance › Clean: /ae/services/power-system-study-analysis/ 
    tests\ae-post-fix-verify.spec.ts:20:9 › AE Post-Fix Verification — Zero Tolerance › Clean: /ae/services/prospective-short-circuit-test-prospective-fault-current-test/ 
    tests\ae-post-fix-verify.spec.ts:20:9 › AE Post-Fix Verification — Zero Tolerance › Clean: /ae/services/third-party-electrical-inspection-company-uae/ 
  111 passed (2.2m)
