Loaded 110 payloads

  ENR   about-earth-fault-loop-impedence-test-ae (body 7974c -> 14698c)
  NEW   arc-flash-study-analysis-ae -> qiobo2slhkiv4yikw798woj2 (published)
  NEW   automatic-transfer-switch-testing-service-ae -> iqun101yxl87kumhbpzhjvjz (published)
  NEW   bain-marie-calibration-ae -> qo31o7zchhrf2qwxh53zidc0 (published)
  NEW   battery-testing-services-dubai-uae-ae -> oxy4vjhem0i3duen7gjdw3oy (published)
  NEW   biomedical-equipment-safety-inspection-services-ae -> rj0kpm8bef8wln4bacid7n6k (published)
  NEW   biomedical-equipment-safety-testing-services-ae -> x4jci0m951dzpuf8e7fo8bhp (published)
  NEW   blast-chiller-calibration-ae -> b8xccka0oz6am9o6dkyz969h (published)
  NEW   blast-freezer-calibration-ae -> i8749zpm6tbhcvyzj2c4aiwi (published)
  NEW   building-envelope-infrared-thermography-inspection-service-ae -> d1nku81wdit4qovly4xmvbp4 (published)
  NEW   cable-testing-ae -> gtl3t5qcvlj13ly03nwcbf7d (published)
  NEW   calibrator-calibration-ae -> obg1fsmbx8fl91fwtxk2wvz5 (published)
  NEW   capacitor-bank-test-ae -> p5qnodry4z4f15xd8iboyrh6 (published)
  NEW   chiller-calibration-ae -> vziijjduod97n3kcbk0xo8z3 (published)
  NEW   circuit-breaker-testing-ae -> jgi4u5dret4hq9vsddew2n03 (published)
  NEW   commercial-electrical-inspection-services-dubai-uae-ae -> ieagw7snjfqzoxv1ithhfndr (published)
  NEW   commercial-electrical-testing-ae -> kqegak48k8aus4flc1zipjtz (published)
  NEW   contact-resistance-testing-service-ae -> ptgj7dkt9f8xkjbgj8omgdj4 (published)
  NEW   continuity-testing-ae -> zjuzuk2ubl04sead0eqgxlkl (published)
  NEW   digital-thermometer-calibration-ae -> cjq5xfoes6k4l8h7wav347yc (published)
  NEW   earth-fault-loop-impedence-test-ae -> h71gp59y02wr59sr0tpk4do2 (published)
  NEW   earth-ground-testing-service-ae -> djajv72u6uxoy1zhoapj25ev (published)
  NEW   electric-motor-testing-ae -> kg85tmx8apjr2ty2q04e1xa2 (published)
  NEW   electric-switchgear-testing-services-ae -> t4jg3xbe38h5m5szh99g84vo (published)
  NEW   electrical-calibration-ae -> ezb7mlevuclfwmzzw1sw1avx (published)
  NEW   electrical-compliance-inspection-ae -> f4oj6wp8b6ivpodef3hhzjb9 (published)
  SKIP  electrical-infrared-thermography-inspection-important-ae (existing body 5732c, new 5824c)
  SKIP  electrical-installation-inspection-fulfilling-trakhees-guidelines-to-procure-operation-fitness-certificate-ofc-ae (existing body 5667c, new 5735c)
  NEW   electrical-installations-certification-service-ae -> q237zmnnbtqp099ei61jujkb (published)
  NEW   electrical-safety-audit-service-ae -> gjse22opwclleh01i14dw5fm (published)
  NEW   electrical-safety-testing-ae -> j1yogah3zec2xfqhl9442ztf (published)
  NEW   electrical-switchgear-risk-assessment-study-hazard-analysis-service-ae -> ozlruoab8qm1cy3uxy0fp7vl (published)
  NEW   electrical-switchgear-safety-inspection-services-ae -> ykuhzgt6j3h97uy9wjxh1sd2 (published)
  NEW   electrical-thermography-inspection-ae -> d1qx8rlaguhlbbpp5iveomew (published)
  NEW   energy-auditing-service-ae -> ur5nm1zy2t1csjjhooa3qvgw (published)
  NEW   factory-acceptance-testing-services-ae -> xxkcrpjjy42dexlyryh337w9 (published)
  NEW   fixed-electrical-testing-ae -> suprgh4utspn4dhkxmcap7an (published)
  NEW   fixed-wire-testing-ae -> o0uuwfsmh18wd9zy59vydlbi (published)
  NEW   frequency-stability-analysis-ae -> zzf0i66wzuxicw88649ys7r1 (published)
  NEW   generator-load-bank-testing-ae -> okqsrwe41r21i14r4xkddmbd (published)
  NEW   gfci-standard-inspection-service-ae -> hl6h8rijwc33v5tc75d6nesb (published)
  NEW   ground-fault-testing-ae -> gebspl9bwtirtkddtqv8s7xq (published)
  NEW   grounding-grid-study-analysis-ae -> yw7hy76f7n0ic5a0fm09txex (published)
  NEW   grounding-system-design-and-planning-ae -> v1658mkjgdf6g69al0raq82q (published)
  NEW   harmonic-study-analysis-ae -> dnw6tc0ilynnyvgjzhb56xe3 (published)
  ENR   how-what-why-generator-load-bank-testing-done-ae (body 7990c -> 16692c)
  NEW   insulation-resistance-test-service-ae -> ivb5kr4nebbqkldbw56gon5k (published)
  NEW   leakage-current-measurement-ae -> ni4oiwsv9utxyty2jcx4d83z (published)
  ENR   learn-about-residual-current-device-testing-safety-ae (body 7969c -> 14507c)
  ENR   learn-continuity-testing-what-how-ae (body 7922c -> 10461c)
  ENR   learn-how-insulation-resistance-test-done-ae (body 7984c -> 15406c)
  ENR   learn-what-is-earth-ground-test-why-and-how-is-it-done-ae (body 7987c -> 16014c)
  NEW   lightning-arrester-testing-service-ae -> jgimh1kuea7vjjv1hjfmcu4i (published)
  NEW   live-testing-ae -> yi9l4dojs7womkc8tdulxdln (published)
  NEW   load-flow-analysis-ae -> sivt1ltu10xwdy01f06xkqiu (published)
  NEW   mcc-panel-operation-testing-ae -> obzufnqangvsuctd3lmmcq3l (published)
  ENR   megger-test-performed-ae (body 7977c -> 12045c)
  NEW   megger-test-ae -> ry8mxebmjbuf9n9cnfivyojr (published)
  NEW   motor-acceleration-study-analysis-ae -> b2zneljix58an8274r7mkoyx (published)
  ENR   need-conduct-electrical-safety-testing-ae (body 7963c -> 22112c)
  NEW   pfc-psc-test-ae -> hjqjgk6n30bfueelsqaswcvm (published)
  NEW   polarity-test-service-ae -> q21gr3urbqwurse49x2eabub (published)
  NEW   portable-appliance-testing-dubai-uae-ae -> krrz9itu6ofvl60pt064is9k (published)
  NEW   power-quality-study-analysis-ae -> m5k28ghmqist1czzbrnkdynq (published)
  NEW   primary-current-injection-test-ae -> nj38sri5gm06e50oc2ynfuur (published)
  NEW   prospective-short-circuit-test-prospective-fault-current-test-ae -> d71okaz8l6eceqr600q7ab9u (published)
  SKIP  protecting-electrical-systems-ae (existing body 4636c, new 4796c)
  NEW   protection-relay-testing-services-ae -> fdg0pzl7nloy5yqna56rwet0 (published)
  NEW   protective-devices-testing-services-ae -> kfhfo2bd3pglqlku9qz8119u (published)
  ENR   purpose-lightning-arrester-testing-necessary-ae (body 7969c -> 14992c)
  NEW   relay-coordination-study-and-analysis-ae -> hxndv1jrvr236u8bhi777mfh (published)
  NEW   residual-current-device-testing-safety-2-ae -> hurxbssqjechgaxqtrokoo0p (published)
  NEW   residual-current-device-testing-safety-ae -> jctfdw2m2mip9vww1glsmff9 (published)
  NEW   secondary-current-injection-test-ae -> dizczwd7cnu260qmqsdddv9q (published)
  NEW   short-circuit-study-analysis-ae -> z1wcv5jwkr6yed4f0h958r57 (published)
  NEW   soil-resistivity-test-ae -> q88y75ho54x00lmf3wsej1s2 (published)
  SKIP  thermography-test-of-electrical-panels-ae (existing body 7657c, new 7749c)
  SKIP  thermography-testing-of-electrical-equipment-ae (existing body 7340c, new 7443c)
  NEW   third-party-electrical-certification-ae -> gkpzn9i7hypkjtygn1xcjwkk (published)
  NEW   third-party-electrical-inspection-company-uae-ae -> e6ps1nrvu650rzzyu0j3r9dy (published)
  NEW   third-party-inspection-electrical-installation-ae -> wolnjtpc4dme8gxsyupk40wt (published)
  NEW   torque-test-ae -> qxl7d4mr3s8fia0oa1ua2uez (published)
  NEW   unbalanced-load-flow-study-analysis-ae -> tb1y4horlxpkqilfmrjobwex (published)
  NEW   vibration-study-and-analysis-ae -> m7xby8q76aasunnbgjqjord3 (published)
  NEW   voltage-drop-study-analysis-ae -> wo42msitn3vcqp7o7t26h1hd (published)
  NEW   voltage-imbalance-study-ae -> im9palhpmijiohoj6b81ufoz (published)
  ENR   what-automatic-transfer-switch-testing-how-automatic-transfer-switch-testing-done-ae (body 8000c -> 11694c)
  ENR   what-cable-testing-how-cable-testing-done-ae (body 7979c -> 10566c)
  ENR   what-capacitor-bank-testing-why-capacitor-bank-testing-done-ae (body 7997c -> 15141c)
  ENR   what-circuit-breaker-testing-how-circuit-breaker-testing-done-ae (body 7968c -> 12881c)
  ENR   what-contact-resistance-test-why-contact-resistance-testing-done-ae (body 7986c -> 11592c)
  SKIP  what-earth-grounding-ae (existing body 4886c, new 4983c)
  ENR   what-factory-acceptance-testing-how-fat-done-ae (body 7984c -> 22076c)
  ENR   what-ground-fault-testing-why-ground-fault-testing-important-ae (body 7999c -> 12656c)
  SKIP  what-how-grounding-design-planning-ae (existing body 4783c, new 4918c)
  SKIP  what-how-harmonic-study-analysis-done-ae (existing body 7551c, new 7646c)
  ENR   what-is-electric-motor-testing-and-why-is-it-done-ae (body 7961c -> 12005c)
  SKIP  what-is-soil-resistivity-test-how-is-soil-resistivity-testing-done-ae (existing body 7959c, new 9044c)
  SKIP  what-is-torque-testing-how-is-torque-testing-done-ae (existing body 7977c, new 8652c)
  ENR   what-leakage-current-testing-measuring-how-leakage-current-testing-measuring-done-ae (body 7992c -> 12246c)
  SKIP  what-motor-acceleration-study-analysis-ae (existing body 4852c, new 4957c)
  ENR   what-pat-test-why-pat-test-done-ae (body 7998c -> 23621c)
  ENR   what-polarity-test-why-conduct-polarity-test-ae (body 7962c -> 10632c)
  ENR   what-protective-device-testing-how-done-ae (body 7876c -> 20998c)
  ENR   what-short-circuit-analysis-done-why-ae (body 7995c -> 16873c)
  SKIP  what-voltage-drop-study-analysis-ae (existing body 5385c, new 5480c)
  SKIP  what-why-load-flow-analysis-power-flow-analysis-done-ae (existing body 5842c, new 5938c)
  ENR   what-you-need-to-know-about-arc-flash-hazard-study-and-analysis-ae (body 8000c -> 15231c)
  ENR   what-you-need-to-know-about-arc-flash-ae (body 7999c -> 13863c)
  ENR   why-how-what-automatic-transfer-switch-testing-done-ae (body 8000c -> 16118c)

=== DONE ===
Created: 72
Enriched: 25
Skipped: 13
Failed: 0
