Fetching existing Strapi media list...
  15 files already uploaded

  OK    about-earth-fault-loop-impedence-test -> https://rational-cheese-8e8c4f80ea.media.strapiapp.com/blog_about_earth_fault_loop_impedence_test_2c68296fee.jpg
  OK    arc-flash-study-analysis -> https://rational-cheese-8e8c4f80ea.media.strapiapp.com/blog_arc_flash_study_analysis_343a605212.jpeg
  OK    automatic-transfer-switch-testing-service -> https://rational-cheese-8e8c4f80ea.media.strapiapp.com/blog_automatic_transfer_switch_testing_service_1a8f5f2a07.jpg
  OK    bain-marie-calibration -> https://rational-cheese-8e8c4f80ea.media.strapiapp.com/blog_bain_marie_calibration_494b5974eb.jpg
  OK    battery-testing-services-dubai-uae -> https://rational-cheese-8e8c4f80ea.media.strapiapp.com/blog_battery_testing_services_dubai_uae_e8109be9bd.jpg
  OK    biomedical-equipment-safety-inspection-services -> https://rational-cheese-8e8c4f80ea.media.strapiapp.com/blog_biomedical_equipment_safety_inspection_services_f638b5b184.jpg
  OK    biomedical-equipment-safety-testing-services -> https://rational-cheese-8e8c4f80ea.media.strapiapp.com/blog_biomedical_equipment_safety_testing_services_d06c757efe.jpg
  OK    blast-chiller-calibration -> https://rational-cheese-8e8c4f80ea.media.strapiapp.com/blog_blast_chiller_calibration_1625242365.jpg
  OK    blast-freezer-calibration -> https://rational-cheese-8e8c4f80ea.media.strapiapp.com/blog_blast_freezer_calibration_9b9ca09548.jpg
  OK    building-envelope-infrared-thermography-inspection-service -> https://rational-cheese-8e8c4f80ea.media.strapiapp.com/blog_building_envelope_infrared_thermography_inspection_service_4e7a4aef64.jpg
  OK    cable-testing -> https://rational-cheese-8e8c4f80ea.media.strapiapp.com/blog_cable_testing_23cfa07250.jpg
  OK    calibrator-calibration -> https://rational-cheese-8e8c4f80ea.media.strapiapp.com/blog_calibrator_calibration_fb9e30a7d4.jpg
  OK    capacitor-bank-test -> https://rational-cheese-8e8c4f80ea.media.strapiapp.com/blog_capacitor_bank_test_4e8ced2148.jpg
  OK    chiller-calibration -> https://rational-cheese-8e8c4f80ea.media.strapiapp.com/blog_chiller_calibration_2ee646dce7.jpg
  OK    circuit-breaker-testing -> https://rational-cheese-8e8c4f80ea.media.strapiapp.com/blog_circuit_breaker_testing_648ff30585.jpg
  OK    commercial-electrical-inspection-services-dubai-uae -> https://rational-cheese-8e8c4f80ea.media.strapiapp.com/blog_commercial_electrical_inspection_services_dubai_uae_a1cde3b279.jpg
  OK    commercial-electrical-testing -> https://rational-cheese-8e8c4f80ea.media.strapiapp.com/blog_commercial_electrical_testing_9611dcbd18.jpg
  OK    contact-resistance-testing-service -> https://rational-cheese-8e8c4f80ea.media.strapiapp.com/blog_contact_resistance_testing_service_4e29eda3ea.jpg
  OK    continuity-testing -> https://rational-cheese-8e8c4f80ea.media.strapiapp.com/blog_continuity_testing_49beee1d9d.jpg
  OK    digital-thermometer-calibration -> https://rational-cheese-8e8c4f80ea.media.strapiapp.com/blog_digital_thermometer_calibration_f9fe7b26cd.jpg
  OK    earth-fault-loop-impedence-test -> https://rational-cheese-8e8c4f80ea.media.strapiapp.com/blog_earth_fault_loop_impedence_test_910c01e0af.jpg
  OK    earth-ground-testing-service -> https://rational-cheese-8e8c4f80ea.media.strapiapp.com/blog_earth_ground_testing_service_b550306918.jpg
  OK    electric-motor-testing -> https://rational-cheese-8e8c4f80ea.media.strapiapp.com/blog_electric_motor_testing_fb952f7079.jpg
  OK    electric-switchgear-testing-services -> https://rational-cheese-8e8c4f80ea.media.strapiapp.com/blog_electric_switchgear_testing_services_158e92313d.jpg
  OK    electrical-calibration -> https://rational-cheese-8e8c4f80ea.media.strapiapp.com/blog_electrical_calibration_f1abf8faac.jpg
  OK    electrical-compliance-inspection -> https://rational-cheese-8e8c4f80ea.media.strapiapp.com/blog_electrical_compliance_inspection_e0461d84b6.jpg
  OK    electrical-infrared-thermography-inspection-important -> https://rational-cheese-8e8c4f80ea.media.strapiapp.com/blog_electrical_infrared_thermography_inspection_important_c672f083ef.jpg
  OK    electrical-installation-inspection-fulfilling-trakhees-guidelines-to-procure-operation-fitness-certificate-ofc -> https://rational-cheese-8e8c4f80ea.media.strapiapp.com/blog_electrical_installation_inspection_fulfilling_trakhees_guidelines_to_procure_operation_fitness_certificate_ofc_9a9271d04e.jpg
  OK    electrical-installations-certification-service -> https://rational-cheese-8e8c4f80ea.media.strapiapp.com/blog_electrical_installations_certification_service_74e11eebef.jpg
  OK    electrical-safety-audit-service -> https://rational-cheese-8e8c4f80ea.media.strapiapp.com/blog_electrical_safety_audit_service_355e619558.jpg
  OK    electrical-safety-testing -> https://rational-cheese-8e8c4f80ea.media.strapiapp.com/blog_electrical_safety_testing_be95c534dc.jpg
  OK    electrical-switchgear-risk-assessment-study-hazard-analysis-service -> https://rational-cheese-8e8c4f80ea.media.strapiapp.com/blog_electrical_switchgear_risk_assessment_study_hazard_analysis_service_a10300973d.jpg
  OK    electrical-switchgear-safety-inspection-services -> https://rational-cheese-8e8c4f80ea.media.strapiapp.com/blog_electrical_switchgear_safety_inspection_services_316c33979a.jpg
  OK    electrical-thermography-inspection -> https://rational-cheese-8e8c4f80ea.media.strapiapp.com/blog_electrical_thermography_inspection_d0a8e78217.jpg
  OK    energy-auditing-service -> https://rational-cheese-8e8c4f80ea.media.strapiapp.com/blog_energy_auditing_service_0470772fd5.jpg
  OK    factory-acceptance-testing-services -> https://rational-cheese-8e8c4f80ea.media.strapiapp.com/blog_factory_acceptance_testing_services_d338164f23.jpg
  OK    fixed-electrical-testing -> https://rational-cheese-8e8c4f80ea.media.strapiapp.com/blog_fixed_electrical_testing_b9839e5a31.jpg
  OK    fixed-wire-testing -> https://rational-cheese-8e8c4f80ea.media.strapiapp.com/blog_fixed_wire_testing_07a96cc5e6.jpg
  OK    frequency-stability-analysis -> https://rational-cheese-8e8c4f80ea.media.strapiapp.com/blog_frequency_stability_analysis_11365e840f.jpg
  OK    generator-load-bank-testing -> https://rational-cheese-8e8c4f80ea.media.strapiapp.com/blog_generator_load_bank_testing_06baa2e1e1.jpg
  OK    gfci-standard-inspection-service -> https://rational-cheese-8e8c4f80ea.media.strapiapp.com/blog_gfci_standard_inspection_service_d022b8ace5.jpg
  OK    ground-fault-testing -> https://rational-cheese-8e8c4f80ea.media.strapiapp.com/blog_ground_fault_testing_b34cc40cca.jpg
  OK    grounding-grid-study-analysis -> https://rational-cheese-8e8c4f80ea.media.strapiapp.com/blog_grounding_grid_study_analysis_f123faa6c0.jpg
  OK    grounding-system-design-and-planning -> https://rational-cheese-8e8c4f80ea.media.strapiapp.com/blog_grounding_system_design_and_planning_19b0591835.jpeg
  OK    harmonic-study-analysis -> https://rational-cheese-8e8c4f80ea.media.strapiapp.com/blog_harmonic_study_analysis_9ef6d5f214.jpg
  OK    how-what-why-generator-load-bank-testing-done -> https://rational-cheese-8e8c4f80ea.media.strapiapp.com/blog_how_what_why_generator_load_bank_testing_done_6e322d40f9.jpg
  OK    insulation-resistance-test-service -> https://rational-cheese-8e8c4f80ea.media.strapiapp.com/blog_insulation_resistance_test_service_1d72b0506e.jpg
  OK    leakage-current-measurement -> https://rational-cheese-8e8c4f80ea.media.strapiapp.com/blog_leakage_current_measurement_08e58b71fb.jpg
  OK    learn-about-residual-current-device-testing-safety -> https://rational-cheese-8e8c4f80ea.media.strapiapp.com/blog_learn_about_residual_current_device_testing_safety_c6d7a88671.jpg
  OK    learn-continuity-testing-what-how -> https://rational-cheese-8e8c4f80ea.media.strapiapp.com/blog_learn_continuity_testing_what_how_8f30d2dba0.jpg
  OK    learn-how-insulation-resistance-test-done -> https://rational-cheese-8e8c4f80ea.media.strapiapp.com/blog_learn_how_insulation_resistance_test_done_c0e1e54a3c.jpg
  OK    learn-what-is-earth-ground-test-why-and-how-is-it-done -> https://rational-cheese-8e8c4f80ea.media.strapiapp.com/blog_learn_what_is_earth_ground_test_why_and_how_is_it_done_a034586cdb.jpg
  OK    lightning-arrester-testing-service -> https://rational-cheese-8e8c4f80ea.media.strapiapp.com/blog_lightning_arrester_testing_service_56b7019d9d.jpg
  OK    live-testing -> https://rational-cheese-8e8c4f80ea.media.strapiapp.com/blog_live_testing_a1ad281df0.jpg
  OK    load-flow-analysis -> https://rational-cheese-8e8c4f80ea.media.strapiapp.com/blog_load_flow_analysis_a5af8d9494.jpg
  OK    mcc-panel-operation-testing -> https://rational-cheese-8e8c4f80ea.media.strapiapp.com/blog_mcc_panel_operation_testing_be1fba6b79.jpg
  OK    megger-test-performed -> https://rational-cheese-8e8c4f80ea.media.strapiapp.com/blog_megger_test_performed_a0bdd1b524.jpg
  OK    megger-test -> https://rational-cheese-8e8c4f80ea.media.strapiapp.com/blog_megger_test_3b30e04512.jpg
  OK    motor-acceleration-study-analysis -> https://rational-cheese-8e8c4f80ea.media.strapiapp.com/blog_motor_acceleration_study_analysis_b0bfaaa159.jpg
  OK    need-conduct-electrical-safety-testing -> https://rational-cheese-8e8c4f80ea.media.strapiapp.com/blog_need_conduct_electrical_safety_testing_12133034e7.jpg
  OK    pfc-psc-test -> https://rational-cheese-8e8c4f80ea.media.strapiapp.com/blog_pfc_psc_test_399072d3c9.jpg
  OK    polarity-test-service -> https://rational-cheese-8e8c4f80ea.media.strapiapp.com/blog_polarity_test_service_5e0eb299f0.jpg
  OK    portable-appliance-testing-dubai-uae -> https://rational-cheese-8e8c4f80ea.media.strapiapp.com/blog_portable_appliance_testing_dubai_uae_c6f2f9a2eb.jpg
  OK    power-quality-study-analysis -> https://rational-cheese-8e8c4f80ea.media.strapiapp.com/blog_power_quality_study_analysis_2ec96265e1.jpg
  OK    primary-current-injection-test -> https://rational-cheese-8e8c4f80ea.media.strapiapp.com/blog_primary_current_injection_test_f949c16f92.jpg
  OK    prospective-short-circuit-test-prospective-fault-current-test -> https://rational-cheese-8e8c4f80ea.media.strapiapp.com/blog_prospective_short_circuit_test_prospective_fault_current_test_4a5e8bd74c.jpg
  OK    protecting-electrical-systems -> https://rational-cheese-8e8c4f80ea.media.strapiapp.com/blog_protecting_electrical_systems_53db820e6d.png
  OK    protection-relay-testing-services -> https://rational-cheese-8e8c4f80ea.media.strapiapp.com/blog_protection_relay_testing_services_c808de1d15.jpg
  OK    protective-devices-testing-services -> https://rational-cheese-8e8c4f80ea.media.strapiapp.com/blog_protective_devices_testing_services_87222f9120.jpg
  OK    purpose-lightning-arrester-testing-necessary -> https://rational-cheese-8e8c4f80ea.media.strapiapp.com/blog_purpose_lightning_arrester_testing_necessary_54aa9563d7.jpg
  OK    relay-coordination-study-and-analysis -> https://rational-cheese-8e8c4f80ea.media.strapiapp.com/blog_relay_coordination_study_and_analysis_83543b7135.jpg
  OK    residual-current-device-testing-safety-2 -> https://rational-cheese-8e8c4f80ea.media.strapiapp.com/blog_residual_current_device_testing_safety_2_02082ea9df.jpg
  OK    residual-current-device-testing-safety -> https://rational-cheese-8e8c4f80ea.media.strapiapp.com/blog_residual_current_device_testing_safety_f5b974c8bc.jpg
  OK    secondary-current-injection-test -> https://rational-cheese-8e8c4f80ea.media.strapiapp.com/blog_secondary_current_injection_test_df8f07e579.jpg
  OK    short-circuit-study-analysis -> https://rational-cheese-8e8c4f80ea.media.strapiapp.com/blog_short_circuit_study_analysis_497b0dd746.jpg
  OK    soil-resistivity-test -> https://rational-cheese-8e8c4f80ea.media.strapiapp.com/blog_soil_resistivity_test_917c6f0c5e.jpg
  OK    thermography-test-of-electrical-panels -> https://rational-cheese-8e8c4f80ea.media.strapiapp.com/blog_thermography_test_of_electrical_panels_f9f7d25ef0.jpg
  OK    thermography-testing-of-electrical-equipment -> https://rational-cheese-8e8c4f80ea.media.strapiapp.com/blog_thermography_testing_of_electrical_equipment_5387926ff9.jpg
  OK    third-party-electrical-certification -> https://rational-cheese-8e8c4f80ea.media.strapiapp.com/blog_third_party_electrical_certification_f92760242d.jpg
  OK    third-party-electrical-inspection-company-uae -> https://rational-cheese-8e8c4f80ea.media.strapiapp.com/blog_third_party_electrical_inspection_company_uae_0c8833637f.jpg
  OK    third-party-inspection-electrical-installation -> https://rational-cheese-8e8c4f80ea.media.strapiapp.com/blog_third_party_inspection_electrical_installation_306de95378.jpg
  OK    torque-test -> https://rational-cheese-8e8c4f80ea.media.strapiapp.com/blog_torque_test_330f3f7d8e.jpg
  OK    unbalanced-load-flow-study-analysis -> https://rational-cheese-8e8c4f80ea.media.strapiapp.com/blog_unbalanced_load_flow_study_analysis_18290ef372.jpeg
  OK    vibration-study-and-analysis -> https://rational-cheese-8e8c4f80ea.media.strapiapp.com/blog_vibration_study_and_analysis_bf2d4d59e6.jpg
  OK    voltage-drop-study-analysis -> https://rational-cheese-8e8c4f80ea.media.strapiapp.com/blog_voltage_drop_study_analysis_ad72c37760.jpg
  OK    voltage-imbalance-study -> https://rational-cheese-8e8c4f80ea.media.strapiapp.com/blog_voltage_imbalance_study_bbedc8efe2.jpg
  OK    what-automatic-transfer-switch-testing-how-automatic-transfer-switch-testing-done -> https://rational-cheese-8e8c4f80ea.media.strapiapp.com/blog_what_automatic_transfer_switch_testing_how_automatic_transfer_switch_testing_done_c50836be63.jpg
  OK    what-cable-testing-how-cable-testing-done -> https://rational-cheese-8e8c4f80ea.media.strapiapp.com/blog_what_cable_testing_how_cable_testing_done_8e48367a94.jpg
  OK    what-capacitor-bank-testing-why-capacitor-bank-testing-done -> https://rational-cheese-8e8c4f80ea.media.strapiapp.com/blog_what_capacitor_bank_testing_why_capacitor_bank_testing_done_b32e8e2fd1.jpg
  OK    what-circuit-breaker-testing-how-circuit-breaker-testing-done -> https://rational-cheese-8e8c4f80ea.media.strapiapp.com/blog_what_circuit_breaker_testing_how_circuit_breaker_testing_done_97fce9e88f.jpg
  OK    what-contact-resistance-test-why-contact-resistance-testing-done -> https://rational-cheese-8e8c4f80ea.media.strapiapp.com/blog_what_contact_resistance_test_why_contact_resistance_testing_done_1a7bbe783d.jpg
  OK    what-earth-grounding -> https://rational-cheese-8e8c4f80ea.media.strapiapp.com/blog_what_earth_grounding_9216fa75c6.jpeg
  OK    what-factory-acceptance-testing-how-fat-done -> https://rational-cheese-8e8c4f80ea.media.strapiapp.com/blog_what_factory_acceptance_testing_how_fat_done_1666768501.jpg
  OK    what-ground-fault-testing-why-ground-fault-testing-important -> https://rational-cheese-8e8c4f80ea.media.strapiapp.com/blog_what_ground_fault_testing_why_ground_fault_testing_important_32d2cdd647.jpg
  OK    what-how-grounding-design-planning -> https://rational-cheese-8e8c4f80ea.media.strapiapp.com/blog_what_how_grounding_design_planning_443a955800.jpeg
  OK    what-how-harmonic-study-analysis-done -> https://rational-cheese-8e8c4f80ea.media.strapiapp.com/blog_what_how_harmonic_study_analysis_done_45cc006918.jpg
  OK    what-is-electric-motor-testing-and-why-is-it-done -> https://rational-cheese-8e8c4f80ea.media.strapiapp.com/blog_what_is_electric_motor_testing_and_why_is_it_done_4fbbba301f.jpg
  OK    what-is-soil-resistivity-test-how-is-soil-resistivity-testing-done -> https://rational-cheese-8e8c4f80ea.media.strapiapp.com/blog_what_is_soil_resistivity_test_how_is_soil_resistivity_testing_done_b5255a6e42.jpg
  OK    what-is-torque-testing-how-is-torque-testing-done -> https://rational-cheese-8e8c4f80ea.media.strapiapp.com/blog_what_is_torque_testing_how_is_torque_testing_done_7f7ff857f2.jpg
  OK    what-leakage-current-testing-measuring-how-leakage-current-testing-measuring-done -> https://rational-cheese-8e8c4f80ea.media.strapiapp.com/blog_what_leakage_current_testing_measuring_how_leakage_current_testing_measuring_done_f251563d32.jpg
  OK    what-motor-acceleration-study-analysis -> https://rational-cheese-8e8c4f80ea.media.strapiapp.com/blog_what_motor_acceleration_study_analysis_3618679fdd.jpg
  OK    what-pat-test-why-pat-test-done -> https://rational-cheese-8e8c4f80ea.media.strapiapp.com/blog_what_pat_test_why_pat_test_done_c7259aefa0.jpg
  OK    what-polarity-test-why-conduct-polarity-test -> https://rational-cheese-8e8c4f80ea.media.strapiapp.com/blog_what_polarity_test_why_conduct_polarity_test_b19fb12461.jpg
  OK    what-protective-device-testing-how-done -> https://rational-cheese-8e8c4f80ea.media.strapiapp.com/blog_what_protective_device_testing_how_done_fbdf3b819c.jpg
  OK    what-short-circuit-analysis-done-why -> https://rational-cheese-8e8c4f80ea.media.strapiapp.com/blog_what_short_circuit_analysis_done_why_80daeddcee.jpg
  OK    what-voltage-drop-study-analysis -> https://rational-cheese-8e8c4f80ea.media.strapiapp.com/blog_what_voltage_drop_study_analysis_f6b7442d4d.jpg
  OK    what-why-load-flow-analysis-power-flow-analysis-done -> https://rational-cheese-8e8c4f80ea.media.strapiapp.com/blog_what_why_load_flow_analysis_power_flow_analysis_done_3998539f17.jpg
  OK    what-you-need-to-know-about-arc-flash-hazard-study-and-analysis -> https://rational-cheese-8e8c4f80ea.media.strapiapp.com/blog_what_you_need_to_know_about_arc_flash_hazard_study_and_analysis_03d310dd0d.png
  OK    what-you-need-to-know-about-arc-flash -> https://rational-cheese-8e8c4f80ea.media.strapiapp.com/blog_what_you_need_to_know_about_arc_flash_601fe8430b.jpeg
  OK    why-how-what-automatic-transfer-switch-testing-done -> https://rational-cheese-8e8c4f80ea.media.strapiapp.com/blog_why_how_what_automatic_transfer_switch_testing_done_657bc717dd.jpg

Uploaded/reused: 110, skipped: 0, failed: 0
