=== Extracting 118 URLs from carelabz.com ===
[1/118] PAGE home
[2/118] PAGE about
[3/118] PAGE contact
[4/118] SERVICE arc-flash-study-analysis
[5/118] SERVICE arc-flash-study
[6/118] SERVICE automatic-transfer-switch-testing-service
[7/118] SERVICE battery-testing-services-dubai-uae
[8/118] SERVICE biomedical-equipment-safety-inspection-services
[9/118] SERVICE biomedical-equipment-safety-testing-services
[10/118] SERVICE building-envelope-infrared-thermography-inspection-service
[11/118] SERVICE cable-testing
[12/118] SERVICE capacitor-bank-test
[13/118] SERVICE circuit-breaker-testing
[14/118] SERVICE commercial-electrical-inspection-services-dubai-uae
[15/118] SERVICE commercial-electrical-testing
[16/118] SERVICE contact-resistance-testing-service
[17/118] SERVICE continuity-testing
[18/118] SERVICE earth-fault-loop-impedence-test
[19/118] SERVICE earth-ground-testing-service
[20/118] SERVICE electric-motor-testing
[21/118] SERVICE electric-switchgear-testing-services
[22/118] SERVICE electrical-calibration
[23/118] SERVICE electrical-compliance-inspection
[24/118] SERVICE electrical-installations-certification-service
[25/118] SERVICE electrical-safety-audit-service
[26/118] SERVICE electrical-safety-auditing-inspection-service
[27/118] SERVICE electrical-safety-testing
[28/118] SERVICE electrical-switchgear-risk-assessment-study-hazard-analysis-service
[29/118] SERVICE electrical-switchgear-safety-inspection-services
[30/118] SERVICE electrical-thermography-inspection
[31/118] SERVICE energy-auditing-service
[32/118] SERVICE factory-acceptance-testing-services
[33/118] SERVICE fixed-electrical-testing
[34/118] SERVICE fixed-wire-testing
[35/118] SERVICE frequency-stability-analysis
[36/118] SERVICE generator-load-bank-testing
[37/118] SERVICE gfci-standard-inspection-service
[38/118] SERVICE ground-fault-testing
[39/118] SERVICE grounding-grid-study-analysis
[40/118] SERVICE grounding-system-design-and-planning
[41/118] SERVICE harmonic-study-analysis
[42/118] SERVICE insulation-resistance-test-service
[43/118] SERVICE leakage-current-measurement
[44/118] SERVICE lightning-arrester-testing-service
[45/118] SERVICE lightning-arrester-testing
[46/118] SERVICE live-testing
[47/118] SERVICE load-flow-analysis
[48/118] SERVICE mcc-panel-operation-testing
[49/118] SERVICE megger-test
[50/118] SERVICE motor-acceleration-study-analysis
[51/118] SERVICE pfc-psc-test
[52/118] SERVICE polarity-test-service
[53/118] SERVICE portable-appliance-testing-dubai-uae
[54/118] SERVICE power-quality-study-analysis
[55/118] SERVICE power-restoration-optimization
[56/118] SERVICE power-system-study-analysis
[57/118] SERVICE primary-current-injection-test
[58/118] SERVICE prospective-short-circuit-test-prospective-fault-current-test
[59/118] SERVICE protection-relay-testing-services
[60/118] SERVICE protective-devices-testing-services
[61/118] SERVICE relay-coordination-study-and-analysis
[62/118] SERVICE residual-current-device-testing-safety
[63/118] SERVICE residual-current-device-testing-safety-2
[64/118] SERVICE secondary-current-injection-test
[65/118] SERVICE short-circuit-study-analysis
[66/118] SERVICE soil-resistivity-test
[67/118] SERVICE third-party-electrical-certification
[68/118] SERVICE third-party-electrical-inspection-company-uae
[69/118] SERVICE third-party-inspection-electrical-installation
[70/118] SERVICE torque-test
[71/118] SERVICE unbalanced-load-flow-study-analysis
[72/118] SERVICE vibration-study-and-analysis
[73/118] SERVICE voltage-drop-study-analysis
[74/118] SERVICE voltage-imbalance-study
[75/118] SERVICE bain-marie-calibration
[76/118] SERVICE blast-chiller-calibration
[77/118] SERVICE blast-freezer-calibration
[78/118] SERVICE calibrator-calibration
[79/118] SERVICE chiller-calibration
[80/118] SERVICE digital-thermometer-calibration
[81/118] BLOG megger-test-performed
[82/118] BLOG about-earth-fault-loop-impedence-test
[83/118] BLOG electrical-infrared-thermography-inspection-important
[84/118] BLOG electrical-installation-inspection-fulfilling-trakhees-guidelines-to-procure-operation-fitness-certificate-ofc
[85/118] BLOG how-what-why-generator-load-bank-testing-done
[86/118] BLOG learn-about-residual-current-device-testing-safety
[87/118] BLOG learn-continuity-testing-what-how
[88/118] BLOG learn-how-insulation-resistance-test-done
[89/118] BLOG learn-what-is-earth-ground-test-why-and-how-is-it-done
[90/118] BLOG need-conduct-electrical-safety-testing
[91/118] BLOG protecting-electrical-systems
[92/118] BLOG purpose-lightning-arrester-testing-necessary
[93/118] BLOG thermography-test-of-electrical-panels
[94/118] BLOG thermography-testing-of-electrical-equipment
[95/118] BLOG what-automatic-transfer-switch-testing-how-automatic-transfer-switch-testing-done
[96/118] BLOG what-cable-testing-how-cable-testing-done
[97/118] BLOG what-capacitor-bank-testing-why-capacitor-bank-testing-done
[98/118] BLOG what-circuit-breaker-testing-how-circuit-breaker-testing-done
[99/118] BLOG what-contact-resistance-test-why-contact-resistance-testing-done
[100/118] BLOG what-earth-grounding
[101/118] BLOG what-factory-acceptance-testing-how-fat-done
[102/118] BLOG what-ground-fault-testing-why-ground-fault-testing-important
[103/118] BLOG what-how-grounding-design-planning
[104/118] BLOG what-how-harmonic-study-analysis-done
[105/118] BLOG what-is-electric-motor-testing-and-why-is-it-done
[106/118] BLOG what-is-soil-resistivity-test-how-is-soil-resistivity-testing-done
[107/118] BLOG what-is-torque-testing-how-is-torque-testing-done
[108/118] BLOG what-leakage-current-testing-measuring-how-leakage-current-testing-measuring-done
[109/118] BLOG what-motor-acceleration-study-analysis
[110/118] BLOG what-pat-test-why-pat-test-done
[111/118] BLOG what-polarity-test-why-conduct-polarity-test
[112/118] BLOG what-protective-device-testing-how-done
[113/118] BLOG what-short-circuit-analysis-done-why
[114/118] BLOG what-voltage-drop-study-analysis
[115/118] BLOG what-why-load-flow-analysis-power-flow-analysis-done
[116/118] BLOG what-you-need-to-know-about-arc-flash
[117/118] BLOG what-you-need-to-know-about-arc-flash-hazard-study-and-analysis
[118/118] BLOG why-how-what-automatic-transfer-switch-testing-done

=== Done. Extracted 118 URLs ===
