
Running 110 tests using 1 worker

  [200] protecting-electrical-systems title="PROTECTING ELECTRICAL SYSTEMS: HANDLING INSPECTION NEEDS IN " body=4573c img=Y
  ok   1 tests\ae-wp-blog-scrape.spec.ts:41:9 › AE WP Blog Scraper › scrape: protecting-electrical-systems (39.6s)
  [200] thermography-testing-of-electrical-equipment title="THERMOGRAPHY TESTING OF ELECTRICAL EQUIPMENT" body=7283c img=Y
  ok   2 tests\ae-wp-blog-scrape.spec.ts:41:9 › AE WP Blog Scraper › scrape: thermography-testing-of-electrical-equipment (49.9s)
  [200] thermography-test-of-electrical-panels title="THERMOGRAPHY TEST OF ELECTRICAL PANELS" body=7564c img=Y
  ok   3 tests\ae-wp-blog-scrape.spec.ts:41:9 › AE WP Blog Scraper › scrape: thermography-test-of-electrical-panels (34.5s)
  [200] electrical-installation-inspection-fulfilling-trakhees-guidelines-to-procure-operation-fitness-certificate-ofc title="ELECTRICAL INSTALLATION INSPECTION FULFILLING TRAKHEES GUIDE" body=5516c img=Y
  ok   4 tests\ae-wp-blog-scrape.spec.ts:41:9 › AE WP Blog Scraper › scrape: electrical-installation-inspection-fulfilling-trakhees-guidelines-to-procure-operation-fitness-certificate-ofc (35.1s)
  [200] vibration-study-and-analysis title="VIBRATION STUDY AND ANALYSIS" body=11251c img=Y
  ok   5 tests\ae-wp-blog-scrape.spec.ts:41:9 › AE WP Blog Scraper › scrape: vibration-study-and-analysis (34.5s)
  [200] what-capacitor-bank-testing-why-capacitor-bank-testing-done title="WHAT IS CAPACITOR BANK TESTING AND WHY IS IT DONE" body=14610c img=Y
  ok   6 tests\ae-wp-blog-scrape.spec.ts:41:9 › AE WP Blog Scraper › scrape: what-capacitor-bank-testing-why-capacitor-bank-testing-done (34.4s)
  [200] what-cable-testing-how-cable-testing-done title="WHAT IS CABLE TESTING AND HOW IS CABLE TESTING DONE" body=10157c img=Y
  ok   7 tests\ae-wp-blog-scrape.spec.ts:41:9 › AE WP Blog Scraper › scrape: what-cable-testing-how-cable-testing-done (34.4s)
  [200] what-leakage-current-testing-measuring-how-leakage-current-testing-measuring-done title="WHAT IS LEAKAGE CURRENT TESTING AND MEASURING, HOW IS IT DON" body=11994c img=Y
  ok   8 tests\ae-wp-blog-scrape.spec.ts:41:9 › AE WP Blog Scraper › scrape: what-leakage-current-testing-measuring-how-leakage-current-testing-measuring-done (49.0s)
  [200] what-automatic-transfer-switch-testing-how-automatic-transfer-switch-testing-done title="WHAT IS AUTOMATIC TRANSFER SWITCH TESTING AND HOW IS IT DONE" body=11301c img=Y
  ok   9 tests\ae-wp-blog-scrape.spec.ts:41:9 › AE WP Blog Scraper › scrape: what-automatic-transfer-switch-testing-how-automatic-transfer-switch-testing-done (49.1s)
  [200] what-is-torque-testing-how-is-torque-testing-done title="WHAT IS TORQUE TESTING AND HOW IS TORQUE TESTING DONE?" body=8455c img=Y
  ok  10 tests\ae-wp-blog-scrape.spec.ts:41:9 › AE WP Blog Scraper › scrape: what-is-torque-testing-how-is-torque-testing-done (33.8s)
  [200] what-ground-fault-testing-why-ground-fault-testing-important title="WHAT IS GROUND FAULT TESTING, WHY IS IT IMPORTANT" body=12371c img=Y
  ok  11 tests\ae-wp-blog-scrape.spec.ts:41:9 › AE WP Blog Scraper › scrape: what-ground-fault-testing-why-ground-fault-testing-important (49.3s)
  [200] what-is-electric-motor-testing-and-why-is-it-done title="WHAT IS ELECTRIC MOTOR TESTING AND WHY IS IT DONE" body=11686c img=Y
  ok  12 tests\ae-wp-blog-scrape.spec.ts:41:9 › AE WP Blog Scraper › scrape: what-is-electric-motor-testing-and-why-is-it-done (49.3s)
  [200] what-circuit-breaker-testing-how-circuit-breaker-testing-done title="WHAT IS CIRCUIT BREAKER TESTING AND HOW IS IT DONE" body=12628c img=Y
  ok  13 tests\ae-wp-blog-scrape.spec.ts:41:9 › AE WP Blog Scraper › scrape: what-circuit-breaker-testing-how-circuit-breaker-testing-done (34.3s)
  [200] what-is-soil-resistivity-test-how-is-soil-resistivity-testing-done title="WHAT IS SOIL RESISTIVITY TEST AND HOW IS THE TESTING DONE" body=8724c img=Y
  ok  14 tests\ae-wp-blog-scrape.spec.ts:41:9 › AE WP Blog Scraper › scrape: what-is-soil-resistivity-test-how-is-soil-resistivity-testing-done (49.7s)
  [200] voltage-imbalance-study title="VOLTAGE IMBALANCE STUDY" body=7739c img=Y
  ok  15 tests\ae-wp-blog-scrape.spec.ts:41:9 › AE WP Blog Scraper › scrape: voltage-imbalance-study (49.7s)
  [200] leakage-current-measurement title="LEAKAGE CURRENT MEASUREMENT" body=7483c img=Y
  ok  16 tests\ae-wp-blog-scrape.spec.ts:41:9 › AE WP Blog Scraper › scrape: leakage-current-measurement (49.7s)
  [200] frequency-stability-analysis title="FREQUENCY STABILITY ANALYSIS" body=7719c img=Y
  ok  17 tests\ae-wp-blog-scrape.spec.ts:41:9 › AE WP Blog Scraper › scrape: frequency-stability-analysis (50.0s)
  [200] grounding-grid-study-analysis title="GROUNDING GRID STUDY AND ANALYSIS" body=8223c img=Y
  ok  18 tests\ae-wp-blog-scrape.spec.ts:41:9 › AE WP Blog Scraper › scrape: grounding-grid-study-analysis (35.4s)
  [200] fixed-wire-testing title="FIXED WIRE TESTING" body=6927c img=Y
  ok  19 tests\ae-wp-blog-scrape.spec.ts:41:9 › AE WP Blog Scraper › scrape: fixed-wire-testing (50.2s)
  [200] electrical-compliance-inspection title="ELECTRICAL COMPLIANCE INSPECTION" body=8094c img=Y
  ok  20 tests\ae-wp-blog-scrape.spec.ts:41:9 › AE WP Blog Scraper › scrape: electrical-compliance-inspection (49.6s)
  [200] secondary-current-injection-test title="SECONDARY CURRENT INJECTION TEST" body=6677c img=Y
  ok  21 tests\ae-wp-blog-scrape.spec.ts:41:9 › AE WP Blog Scraper › scrape: secondary-current-injection-test (34.4s)
  [200] mcc-panel-operation-testing title="MCC PANEL OPERATION TESTING" body=6710c img=Y
  ok  22 tests\ae-wp-blog-scrape.spec.ts:41:9 › AE WP Blog Scraper › scrape: mcc-panel-operation-testing (50.2s)
  [200] capacitor-bank-test title="CAPACITOR BANK TEST" body=8171c img=Y
  ok  23 tests\ae-wp-blog-scrape.spec.ts:41:9 › AE WP Blog Scraper › scrape: capacitor-bank-test (49.7s)
  [200] cable-testing title="CABLE TESTING" body=6810c img=Y
  ok  24 tests\ae-wp-blog-scrape.spec.ts:41:9 › AE WP Blog Scraper › scrape: cable-testing (34.4s)
  [200] ground-fault-testing title="GROUND FAULT TESTING" body=8143c img=Y
  ok  25 tests\ae-wp-blog-scrape.spec.ts:41:9 › AE WP Blog Scraper › scrape: ground-fault-testing (49.7s)
  [200] electric-motor-testing title="ELECTRIC MOTOR TESTING" body=7818c img=Y
  ok  26 tests\ae-wp-blog-scrape.spec.ts:41:9 › AE WP Blog Scraper › scrape: electric-motor-testing (51.2s)
  [200] what-voltage-drop-study-analysis title="WHAT IS VOLTAGE DROP STUDY AND ANALYSIS" body=5365c img=Y
  ok  27 tests\ae-wp-blog-scrape.spec.ts:41:9 › AE WP Blog Scraper › scrape: what-voltage-drop-study-analysis (49.7s)
  [200] relay-coordination-study-and-analysis title="RELAY COORDINATION STUDY AND ANALYSIS" body=7118c img=Y
  ok  28 tests\ae-wp-blog-scrape.spec.ts:41:9 › AE WP Blog Scraper › scrape: relay-coordination-study-and-analysis (34.9s)
  [200] what-why-load-flow-analysis-power-flow-analysis-done title="WHAT IS LOAD FLOW ANALYSIS / POWER FLOW ANALYSIS AND WHY IS " body=5769c img=Y
  ok  29 tests\ae-wp-blog-scrape.spec.ts:41:9 › AE WP Blog Scraper › scrape: what-why-load-flow-analysis-power-flow-analysis-done (39.4s)
  [200] what-how-harmonic-study-analysis-done title="WHAT IS HARMONIC STUDY AND ANALYSIS AND WHY IS IT DONE" body=7438c img=Y
  ok  30 tests\ae-wp-blog-scrape.spec.ts:41:9 › AE WP Blog Scraper › scrape: what-how-harmonic-study-analysis-done (50.5s)
  [200] what-how-grounding-design-planning title="WHAT IS GROUNDING SYSTEM DESIGN AND PLANNING, HOW IS IT DONE" body=4752c img=Y
  ok  31 tests\ae-wp-blog-scrape.spec.ts:41:9 › AE WP Blog Scraper › scrape: what-how-grounding-design-planning (34.4s)
  [200] what-motor-acceleration-study-analysis title="WHAT IS MOTOR ACCELERATION STUDY AND ANALYSIS" body=4822c img=Y
  ok  32 tests\ae-wp-blog-scrape.spec.ts:41:9 › AE WP Blog Scraper › scrape: what-motor-acceleration-study-analysis (34.4s)
  [200] what-protective-device-testing-how-done title="WHAT IS PROTECTIVE DEVICE TESTING AND HOW IS IT DONE" body=20575c img=Y
  ok  33 tests\ae-wp-blog-scrape.spec.ts:41:9 › AE WP Blog Scraper › scrape: what-protective-device-testing-how-done (34.1s)
  [200] power-quality-study-analysis title="POWER QUALITY ANALYSIS" body=7106c img=Y
  ok  34 tests\ae-wp-blog-scrape.spec.ts:41:9 › AE WP Blog Scraper › scrape: power-quality-study-analysis (34.1s)
  [200] fixed-electrical-testing title="FIXED ELECTRICAL TESTING" body=8635c img=Y
  ok  35 tests\ae-wp-blog-scrape.spec.ts:41:9 › AE WP Blog Scraper › scrape: fixed-electrical-testing (48.9s)
  [200] energy-auditing-service title="ENERGY AUDITING SERVICE" body=8074c img=Y
  ok  36 tests\ae-wp-blog-scrape.spec.ts:41:9 › AE WP Blog Scraper › scrape: energy-auditing-service (49.0s)
  [200] electrical-calibration title="ELECTRICAL CALIBRATION" body=5835c img=Y
  ok  37 tests\ae-wp-blog-scrape.spec.ts:41:9 › AE WP Blog Scraper › scrape: electrical-calibration (34.4s)
  [200] biomedical-equipment-safety-testing-services title="BIOMEDICAL EQUIPMENT SAFETY TESTING SERVICES" body=6260c img=Y
  ok  38 tests\ae-wp-blog-scrape.spec.ts:41:9 › AE WP Blog Scraper › scrape: biomedical-equipment-safety-testing-services (48.8s)
  [200] electric-switchgear-testing-services title="ELECTRIC SWITCHGEAR TESTING SERVICES" body=6272c img=Y
  ok  39 tests\ae-wp-blog-scrape.spec.ts:41:9 › AE WP Blog Scraper › scrape: electric-switchgear-testing-services (49.0s)
  [200] what-factory-acceptance-testing-how-fat-done title="WHAT IS FACTORY ACCEPTANCE TESTING, AND HOW IS FAT DONE" body=21790c img=Y
  ok  40 tests\ae-wp-blog-scrape.spec.ts:41:9 › AE WP Blog Scraper › scrape: what-factory-acceptance-testing-how-fat-done (49.1s)
  [200] torque-test title="TORQUE TEST" body=7055c img=Y
  ok  41 tests\ae-wp-blog-scrape.spec.ts:41:9 › AE WP Blog Scraper › scrape: torque-test (49.0s)
  [200] residual-current-device-testing-safety-2 title="RESIDUAL CURRENT DEVICE TESTING AND SAFETY" body=14136c img=Y
  ok  42 tests\ae-wp-blog-scrape.spec.ts:41:9 › AE WP Blog Scraper › scrape: residual-current-device-testing-safety-2 (49.4s)
  [200] primary-current-injection-test title="PRIMARY CURRENT INJECTION TEST" body=8300c img=Y
  ok  43 tests\ae-wp-blog-scrape.spec.ts:41:9 › AE WP Blog Scraper › scrape: primary-current-injection-test (49.0s)
  [200] what-contact-resistance-test-why-contact-resistance-testing-done title="WHAT IS CONTACT RESISTANCE TEST AND WHY IS CONTACT RESISTANC" body=11446c img=Y
  ok  44 tests\ae-wp-blog-scrape.spec.ts:41:9 › AE WP Blog Scraper › scrape: what-contact-resistance-test-why-contact-resistance-testing-done (48.8s)
  [200] circuit-breaker-testing title="CIRCUIT BREAKER TESTING" body=7309c img=Y
  ok  45 tests\ae-wp-blog-scrape.spec.ts:41:9 › AE WP Blog Scraper › scrape: circuit-breaker-testing (49.0s)
  [200] what-short-circuit-analysis-done-why title="WHAT IS SHORT CIRCUIT ANALYSIS, AND WHY IS IT DONE?" body=16666c img=Y
  ok  46 tests\ae-wp-blog-scrape.spec.ts:41:9 › AE WP Blog Scraper › scrape: what-short-circuit-analysis-done-why (34.0s)
  [200] soil-resistivity-test title="SOIL RESISTIVITY TEST" body=7102c img=Y
  ok  47 tests\ae-wp-blog-scrape.spec.ts:41:9 › AE WP Blog Scraper › scrape: soil-resistivity-test (49.6s)
  [200] learn-about-residual-current-device-testing-safety title="LEARN ABOUT RESIDUAL CURRENT DEVICE TESTING AND SAFETY" body=14216c img=Y
  ok  48 tests\ae-wp-blog-scrape.spec.ts:41:9 › AE WP Blog Scraper › scrape: learn-about-residual-current-device-testing-safety (33.9s)
  [200] residual-current-device-testing-safety title="RESIDUAL CURRENT DEVICE TESTING AND SAFETY" body=7564c img=Y
  ok  49 tests\ae-wp-blog-scrape.spec.ts:41:9 › AE WP Blog Scraper › scrape: residual-current-device-testing-safety (48.9s)
  [200] protective-devices-testing-services title="PROTECTIVE DEVICES TESTING SERVICES" body=7864c img=Y
  ok  50 tests\ae-wp-blog-scrape.spec.ts:41:9 › AE WP Blog Scraper › scrape: protective-devices-testing-services (49.1s)
  [200] megger-test-performed title="WHAT IS MEGGER TEST AND HOW IS IT PERFORMED" body=11724c img=Y
  ok  51 tests\ae-wp-blog-scrape.spec.ts:41:9 › AE WP Blog Scraper › scrape: megger-test-performed (34.0s)
  [200] megger-test title="MEGGER TESTING SERVICES" body=7480c img=Y
  ok  52 tests\ae-wp-blog-scrape.spec.ts:41:9 › AE WP Blog Scraper › scrape: megger-test (33.9s)
  [200] live-testing title="LIVE TESTING" body=7566c img=Y
  ok  53 tests\ae-wp-blog-scrape.spec.ts:41:9 › AE WP Blog Scraper › scrape: live-testing (35.5s)
  [200] what-earth-grounding title="WHAT IS EARTH GROUNDING" body=4870c img=Y
  ok  54 tests\ae-wp-blog-scrape.spec.ts:41:9 › AE WP Blog Scraper › scrape: what-earth-grounding (33.9s)
  [200] learn-continuity-testing-what-how title="LEARN ABOUT CONTINUITY TESTING AND HOW TO DO IT" body=10273c img=Y
  ok  55 tests\ae-wp-blog-scrape.spec.ts:41:9 › AE WP Blog Scraper › scrape: learn-continuity-testing-what-how (49.0s)
  [200] continuity-testing title="CONTINUITY TESTING" body=5448c img=Y
  ok  56 tests\ae-wp-blog-scrape.spec.ts:41:9 › AE WP Blog Scraper › scrape: continuity-testing (48.7s)
  [200] pfc-psc-test title="WHAT & WHY OF PFC AND PSC TEST" body=7137c img=Y
  ok  57 tests\ae-wp-blog-scrape.spec.ts:41:9 › AE WP Blog Scraper › scrape: pfc-psc-test (48.8s)
  [200] prospective-short-circuit-test-prospective-fault-current-test title="PROSPECTIVE SHORT CIRCUIT TEST AND PROSPECTIVE FAULT CURRENT" body=5518c img=Y
  ok  58 tests\ae-wp-blog-scrape.spec.ts:41:9 › AE WP Blog Scraper › scrape: prospective-short-circuit-test-prospective-fault-current-test (34.0s)
  [200] factory-acceptance-testing-services title="FACTORY ACCEPTANCE TESTING SERVICES" body=8450c img=Y
  ok  59 tests\ae-wp-blog-scrape.spec.ts:41:9 › AE WP Blog Scraper › scrape: factory-acceptance-testing-services (49.0s)
  [200] what-polarity-test-why-conduct-polarity-test title="WHAT IS POLARITY TEST AND WHY CONDUCT POLARITY TEST" body=10458c img=Y
  ok  60 tests\ae-wp-blog-scrape.spec.ts:41:9 › AE WP Blog Scraper › scrape: what-polarity-test-why-conduct-polarity-test (33.8s)
  [200] polarity-test-service title="POLARITY TEST" body=6937c img=Y
  ok  61 tests\ae-wp-blog-scrape.spec.ts:41:9 › AE WP Blog Scraper › scrape: polarity-test-service (49.2s)
  [200] what-pat-test-why-pat-test-done title="WHAT IS PORTABLE APPLIANCE TESTING AND WHY IS PAT TEST DONE" body=23404c img=Y
  ok  62 tests\ae-wp-blog-scrape.spec.ts:41:9 › AE WP Blog Scraper › scrape: what-pat-test-why-pat-test-done (34.8s)
  [200] portable-appliance-testing-dubai-uae title="PORTABLE APPLIANCE TESTING" body=10468c img=Y
  ok  63 tests\ae-wp-blog-scrape.spec.ts:41:9 › AE WP Blog Scraper › scrape: portable-appliance-testing-dubai-uae (49.1s)
  [200] purpose-lightning-arrester-testing-necessary title="LEARN WHAT IS THE PURPOSE OF LIGHTNING ARRESTER AND WHY IS T" body=14776c img=Y
  ok  64 tests\ae-wp-blog-scrape.spec.ts:41:9 › AE WP Blog Scraper › scrape: purpose-lightning-arrester-testing-necessary (49.6s)
  [200] learn-how-insulation-resistance-test-done title="LEARN HOW INSULATION RESISTANCE TEST IS DONE" body=15140c img=Y
  ok  65 tests\ae-wp-blog-scrape.spec.ts:41:9 › AE WP Blog Scraper › scrape: learn-how-insulation-resistance-test-done (49.1s)
  [200] insulation-resistance-test-service title="INSULATION RESISTANCE TEST" body=7296c img=Y
  ok  66 tests\ae-wp-blog-scrape.spec.ts:41:9 › AE WP Blog Scraper › scrape: insulation-resistance-test-service (33.7s)
  [200] need-conduct-electrical-safety-testing title="HOW AND WHY DO WE NEED TO CONDUCT ELECTRICAL SAFETY TESTING" body=21858c img=Y
  ok  67 tests\ae-wp-blog-scrape.spec.ts:41:9 › AE WP Blog Scraper › scrape: need-conduct-electrical-safety-testing (49.2s)
  [200] how-what-why-generator-load-bank-testing-done title="WHAT IS GENERATOR LOAD BANK TESTING AND HOW IS IT DONE" body=16505c img=Y
  ok  68 tests\ae-wp-blog-scrape.spec.ts:41:9 › AE WP Blog Scraper › scrape: how-what-why-generator-load-bank-testing-done (34.0s)
  [200] generator-load-bank-testing title="GENERATOR LOAD BANK TESTING" body=8560c img=Y
  ok  69 tests\ae-wp-blog-scrape.spec.ts:41:9 › AE WP Blog Scraper › scrape: generator-load-bank-testing (49.2s)
  [200] about-earth-fault-loop-impedence-test title="LEARN ABOUT HOW EARTH FAULT LOOP IMPEDENCE TESTING IS DONE" body=14523c img=Y
  ok  70 tests\ae-wp-blog-scrape.spec.ts:41:9 › AE WP Blog Scraper › scrape: about-earth-fault-loop-impedence-test (34.2s)
  [200] earth-fault-loop-impedence-test title="EARTH FAULT LOOP IMPEDENCE TEST" body=7685c img=Y
  ok  71 tests\ae-wp-blog-scrape.spec.ts:41:9 › AE WP Blog Scraper › scrape: earth-fault-loop-impedence-test (48.8s)
  [200] third-party-electrical-certification title="THIRD PARTY ELECTRICAL CERTIFICATION" body=8132c img=Y
  ok  72 tests\ae-wp-blog-scrape.spec.ts:41:9 › AE WP Blog Scraper › scrape: third-party-electrical-certification (49.4s)
  [200] third-party-inspection-electrical-installation title="THIRD PARTY INSPECTION OF ELECTRICAL INSTALLATION" body=13210c img=Y
  ok  73 tests\ae-wp-blog-scrape.spec.ts:41:9 › AE WP Blog Scraper › scrape: third-party-inspection-electrical-installation (34.8s)
  [200] contact-resistance-testing-service title="CONTACT RESISTANCE TESTING SERVICE" body=8344c img=Y
  ok  74 tests\ae-wp-blog-scrape.spec.ts:41:9 › AE WP Blog Scraper › scrape: contact-resistance-testing-service (34.2s)
  [200] why-how-what-automatic-transfer-switch-testing-done title="WHY AND HOW IS AUTOMATIC TRANSFER SWITCH TESTING DONE" body=15848c img=Y
  ok  75 tests\ae-wp-blog-scrape.spec.ts:41:9 › AE WP Blog Scraper › scrape: why-how-what-automatic-transfer-switch-testing-done (34.8s)
  [200] automatic-transfer-switch-testing-service title="AUTOMATIC TRANSFER SWITCH TESTING SERVICE" body=7939c img=Y
  ok  76 tests\ae-wp-blog-scrape.spec.ts:41:9 › AE WP Blog Scraper › scrape: automatic-transfer-switch-testing-service (34.4s)
  [200] what-you-need-to-know-about-arc-flash-hazard-study-and-analysis title="IMPORTANT THINGS ABOUT ARC FLASH HAZARD STUDY & ANALYSIS SHO" body=14959c img=Y
  ok  77 tests\ae-wp-blog-scrape.spec.ts:41:9 › AE WP Blog Scraper › scrape: what-you-need-to-know-about-arc-flash-hazard-study-and-analysis (34.2s)
  [200] learn-what-is-earth-ground-test-why-and-how-is-it-done title="LEARN WHAT IS EARTH GROUND TEST, WHY AND HOW IS IT DONE." body=15804c img=Y
  ok  78 tests\ae-wp-blog-scrape.spec.ts:41:9 › AE WP Blog Scraper › scrape: learn-what-is-earth-ground-test-why-and-how-is-it-done (34.3s)
  [200] commercial-electrical-inspection-services-dubai-uae title="COMMERCIAL ELECTRICAL INSPECTION SERVICES" body=3078c img=Y
  ok  79 tests\ae-wp-blog-scrape.spec.ts:41:9 › AE WP Blog Scraper › scrape: commercial-electrical-inspection-services-dubai-uae (34.0s)
  [200] electrical-switchgear-safety-inspection-services title="ELECTRICAL SWITCHGEAR SAFETY INSPECTION SERVICES" body=16732c img=Y
  ok  80 tests\ae-wp-blog-scrape.spec.ts:41:9 › AE WP Blog Scraper › scrape: electrical-switchgear-safety-inspection-services (34.4s)
  [200] electrical-installations-certification-service title="ELECTRICAL INSTALLATIONS CERTIFICATION SERVICES" body=8597c img=Y
  ok  81 tests\ae-wp-blog-scrape.spec.ts:41:9 › AE WP Blog Scraper › scrape: electrical-installations-certification-service (33.9s)
  [200] battery-testing-services-dubai-uae title="BATTERY TESTING SERVICES" body=10281c img=Y
  ok  82 tests\ae-wp-blog-scrape.spec.ts:41:9 › AE WP Blog Scraper › scrape: battery-testing-services-dubai-uae (34.3s)
  [200] gfci-standard-inspection-service title="GFCI STANDARD INSPECTION SERVICE" body=7225c img=Y
  ok  83 tests\ae-wp-blog-scrape.spec.ts:41:9 › AE WP Blog Scraper › scrape: gfci-standard-inspection-service (33.8s)
  [200] protection-relay-testing-services title="PROTECTION RELAY TESTING SERVICES" body=10533c img=Y
  ok  84 tests\ae-wp-blog-scrape.spec.ts:41:9 › AE WP Blog Scraper › scrape: protection-relay-testing-services (34.0s)
  [200] what-you-need-to-know-about-arc-flash title="WHAT YOU NEED TO KNOW ABOUT ARC FLASH" body=13604c img=Y
  ok  85 tests\ae-wp-blog-scrape.spec.ts:41:9 › AE WP Blog Scraper › scrape: what-you-need-to-know-about-arc-flash (34.1s)
  [200] electrical-safety-audit-service title="ELECTRICAL SAFETY AUDIT" body=14379c img=Y
  ok  86 tests\ae-wp-blog-scrape.spec.ts:41:9 › AE WP Blog Scraper › scrape: electrical-safety-audit-service (34.7s)
  [200] electrical-switchgear-risk-assessment-study-hazard-analysis-service title="ELECTRICAL SWITCHGEAR RISK ASSESSMENT STUDY & HAZARD ANALYSI" body=9466c img=Y
  ok  87 tests\ae-wp-blog-scrape.spec.ts:41:9 › AE WP Blog Scraper › scrape: electrical-switchgear-risk-assessment-study-hazard-analysis-service (34.5s)
  [200] building-envelope-infrared-thermography-inspection-service title="BUILDING ENVELOPE THERMOGRAPHY INSPECTION SERVICE" body=7347c img=Y
  ok  88 tests\ae-wp-blog-scrape.spec.ts:41:9 › AE WP Blog Scraper › scrape: building-envelope-infrared-thermography-inspection-service (33.9s)
  [200] electrical-infrared-thermography-inspection-important title="WHY IS ELECTRICAL INFRARED THERMOGRAPHY INSPECTION IMPORTANT" body=5642c img=Y
  ok  89 tests\ae-wp-blog-scrape.spec.ts:41:9 › AE WP Blog Scraper › scrape: electrical-infrared-thermography-inspection-important (33.8s)
  [200] biomedical-equipment-safety-inspection-services title="BIOMEDICAL EQUIPMENT SAFETY INSPECTION SERVICES" body=6569c img=Y
  ok  90 tests\ae-wp-blog-scrape.spec.ts:41:9 › AE WP Blog Scraper › scrape: biomedical-equipment-safety-inspection-services (33.9s)
  [200] lightning-arrester-testing-service title="LIGHTNING ARRESTER TESTING" body=14575c img=Y
  ok  91 tests\ae-wp-blog-scrape.spec.ts:41:9 › AE WP Blog Scraper › scrape: lightning-arrester-testing-service (34.4s)
  [200] third-party-electrical-inspection-company-uae title="THIRD PARTY INSPECTION FOR ELECTRICAL INSTALLATION, TESTING," body=4002c img=Y
  ok  92 tests\ae-wp-blog-scrape.spec.ts:41:9 › AE WP Blog Scraper › scrape: third-party-electrical-inspection-company-uae (33.9s)
  [200] electrical-thermography-inspection title="ELECTRICAL THERMOGRAPHY INSPECTION SERVICES" body=7505c img=Y
  ok  93 tests\ae-wp-blog-scrape.spec.ts:41:9 › AE WP Blog Scraper › scrape: electrical-thermography-inspection (33.9s)
  [200] digital-thermometer-calibration title="DIGITAL THERMOMETER CALIBRATION" body=2780c img=Y
  ok  94 tests\ae-wp-blog-scrape.spec.ts:41:9 › AE WP Blog Scraper › scrape: digital-thermometer-calibration (35.0s)
  [200] chiller-calibration title="CHILLER CALIBRATION" body=2523c img=Y
  ok  95 tests\ae-wp-blog-scrape.spec.ts:41:9 › AE WP Blog Scraper › scrape: chiller-calibration (34.0s)
  [200] calibrator-calibration title="CALIBRATOR CALIBRATION" body=3033c img=Y
  ok  96 tests\ae-wp-blog-scrape.spec.ts:41:9 › AE WP Blog Scraper › scrape: calibrator-calibration (34.0s)
  [200] blast-freezer-calibration title="BLAST FREEZER CALIBRATION SERVICES" body=2387c img=Y
  ok  97 tests\ae-wp-blog-scrape.spec.ts:41:9 › AE WP Blog Scraper › scrape: blast-freezer-calibration (33.7s)
  [200] blast-chiller-calibration title="BLAST CHILLER CALIBRATION SERVICES" body=3196c img=Y
  ok  98 tests\ae-wp-blog-scrape.spec.ts:41:9 › AE WP Blog Scraper › scrape: blast-chiller-calibration (34.7s)
  [200] bain-marie-calibration title="BAIN MARIE CALIBRATION SERVICE" body=2403c img=Y
  ok  99 tests\ae-wp-blog-scrape.spec.ts:41:9 › AE WP Blog Scraper › scrape: bain-marie-calibration (33.7s)
  [200] electrical-safety-testing title="ELECTRICAL SAFETY TESTING" body=9754c img=Y
  ok 100 tests\ae-wp-blog-scrape.spec.ts:41:9 › AE WP Blog Scraper › scrape: electrical-safety-testing (34.2s)
  [200] earth-ground-testing-service title="EARTH GROUND TEST" body=6297c img=Y
  ok 101 tests\ae-wp-blog-scrape.spec.ts:41:9 › AE WP Blog Scraper › scrape: earth-ground-testing-service (33.8s)
  [200] commercial-electrical-testing title="COMMERCIAL ELECTRICAL TESTING" body=7033c img=Y
  ok 102 tests\ae-wp-blog-scrape.spec.ts:41:9 › AE WP Blog Scraper › scrape: commercial-electrical-testing (34.4s)
  [200] motor-acceleration-study-analysis title="MOTOR ACCELERATION STUDY AND ANALYSIS" body=8444c img=Y
  ok 103 tests\ae-wp-blog-scrape.spec.ts:41:9 › AE WP Blog Scraper › scrape: motor-acceleration-study-analysis (33.9s)
  [200] grounding-system-design-and-planning title="GROUNDING SYSTEM DESIGN AND PLANNING" body=7001c img=Y
  ok 104 tests\ae-wp-blog-scrape.spec.ts:41:9 › AE WP Blog Scraper › scrape: grounding-system-design-and-planning (34.0s)
  [200] voltage-drop-study-analysis title="VOLTAGE DROP STUDY AND ANALYSIS" body=6115c img=Y
  ok 105 tests\ae-wp-blog-scrape.spec.ts:41:9 › AE WP Blog Scraper › scrape: voltage-drop-study-analysis (34.0s)
  [200] arc-flash-study-analysis title="ARC FLASH STUDY AND ANALYSIS" body=8313c img=Y
  ok 106 tests\ae-wp-blog-scrape.spec.ts:41:9 › AE WP Blog Scraper › scrape: arc-flash-study-analysis (34.0s)
  [200] harmonic-study-analysis title="HARMONIC STUDY AND ANALYSIS" body=7405c img=Y
  ok 107 tests\ae-wp-blog-scrape.spec.ts:41:9 › AE WP Blog Scraper › scrape: harmonic-study-analysis (33.7s)
  [200] short-circuit-study-analysis title="SHORT CIRCUIT STUDY AND ANALYSIS" body=5295c img=Y
  ok 108 tests\ae-wp-blog-scrape.spec.ts:41:9 › AE WP Blog Scraper › scrape: short-circuit-study-analysis (34.5s)
  [200] load-flow-analysis title="LOAD FLOW STUDY AND ANALYSIS" body=6293c img=Y
  ok 109 tests\ae-wp-blog-scrape.spec.ts:41:9 › AE WP Blog Scraper › scrape: load-flow-analysis (33.9s)
  [200] unbalanced-load-flow-study-analysis title="UNBALANCED LOAD FLOW STUDY AND ANALYSIS" body=6319c img=Y
  ok 110 tests\ae-wp-blog-scrape.spec.ts:41:9 › AE WP Blog Scraper › scrape: unbalanced-load-flow-study-analysis (33.8s)

  Slow test file: tests\ae-wp-blog-scrape.spec.ts (1.2h)
  Consider running tests from slow files in parallel. See: https://playwright.dev/docs/test-parallel
  110 passed (1.2h)
