
Running 36 tests using 1 worker

  [404] 3rd-party-inspection-of-electrical-installation (0 chars body)
  ok  1 tests\ae-wp-service-scrape.spec.ts:36:9 › AE WP Service Scraper › scrape: 3rd-party-inspection-of-electrical-installation (7.4s)
  [200] battery-test (10281 chars body)
  ok  2 tests\ae-wp-service-scrape.spec.ts:36:9 › AE WP Service Scraper › scrape: battery-test (6.8s)
  [200] biomedical-equipment-safety-inspection (6569 chars body)
  ok  3 tests\ae-wp-service-scrape.spec.ts:36:9 › AE WP Service Scraper › scrape: biomedical-equipment-safety-inspection (6.6s)
  [404] building-envelope-thermography-inspection (0 chars body)
  ok  4 tests\ae-wp-service-scrape.spec.ts:36:9 › AE WP Service Scraper › scrape: building-envelope-thermography-inspection (7.3s)
  [200] commercial-electrical-inspection (3078 chars body)
  ok  5 tests\ae-wp-service-scrape.spec.ts:36:9 › AE WP Service Scraper › scrape: commercial-electrical-inspection (6.7s)
  [200] commercial-electrical-test (7033 chars body)
  ok  6 tests\ae-wp-service-scrape.spec.ts:36:9 › AE WP Service Scraper › scrape: commercial-electrical-test (6.4s)
  [200] contact-resistance-test (8344 chars body)
  ok  7 tests\ae-wp-service-scrape.spec.ts:36:9 › AE WP Service Scraper › scrape: contact-resistance-test (6.4s)
  [200] continuity-test (5448 chars body)
  ok  8 tests\ae-wp-service-scrape.spec.ts:36:9 › AE WP Service Scraper › scrape: continuity-test (6.1s)
  [404] earth-fault-loop-impedance-test (0 chars body)
  ok  9 tests\ae-wp-service-scrape.spec.ts:36:9 › AE WP Service Scraper › scrape: earth-fault-loop-impedance-test (5.3s)
  [200] earth-ground-test (6297 chars body)
  ok 10 tests\ae-wp-service-scrape.spec.ts:36:9 › AE WP Service Scraper › scrape: earth-ground-test (6.5s)
  [200] electrical-inspection (60 chars body)
  ok 11 tests\ae-wp-service-scrape.spec.ts:36:9 › AE WP Service Scraper › scrape: electrical-inspection (20.4s)
  [404] electrical-installation-inspection-to-procure-ofc (0 chars body)
  ok 12 tests\ae-wp-service-scrape.spec.ts:36:9 › AE WP Service Scraper › scrape: electrical-installation-inspection-to-procure-ofc (3.5s)
  [200] electrical-installations-certification (8597 chars body)
  ok 13 tests\ae-wp-service-scrape.spec.ts:36:9 › AE WP Service Scraper › scrape: electrical-installations-certification (6.9s)
  [200] electrical-safety-test (9754 chars body)
  ok 14 tests\ae-wp-service-scrape.spec.ts:36:9 › AE WP Service Scraper › scrape: electrical-safety-test (6.4s)
  [200] electrical-switchgear-risk-assessment (9466 chars body)
  ok 15 tests\ae-wp-service-scrape.spec.ts:36:9 › AE WP Service Scraper › scrape: electrical-switchgear-risk-assessment (8.0s)
  [200] electrical-switchgear-safety-inspection (16732 chars body)
  ok 16 tests\ae-wp-service-scrape.spec.ts:36:9 › AE WP Service Scraper › scrape: electrical-switchgear-safety-inspection (7.0s)
  [404] electrical-thermography-inspection-services (0 chars body)
  ok 17 tests\ae-wp-service-scrape.spec.ts:36:9 › AE WP Service Scraper › scrape: electrical-thermography-inspection-services (5.3s)
  [200] factory-acceptance-test (8450 chars body)
  ok 18 tests\ae-wp-service-scrape.spec.ts:36:9 › AE WP Service Scraper › scrape: factory-acceptance-test (6.6s)
  [200] generator-load-bank-test (8560 chars body)
  ok 19 tests\ae-wp-service-scrape.spec.ts:36:9 › AE WP Service Scraper › scrape: generator-load-bank-test (7.1s)
  [200] gfci-standard-inspection (7225 chars body)
  ok 20 tests\ae-wp-service-scrape.spec.ts:36:9 › AE WP Service Scraper › scrape: gfci-standard-inspection (7.2s)
  [200] insulation-resistance-test (7296 chars body)
  ok 21 tests\ae-wp-service-scrape.spec.ts:36:9 › AE WP Service Scraper › scrape: insulation-resistance-test (6.2s)
  [200] lightning-arrester-test (15087 chars body)
  ok 22 tests\ae-wp-service-scrape.spec.ts:36:9 › AE WP Service Scraper › scrape: lightning-arrester-test (22.4s)
  [200] live-test (7566 chars body)
  ok 23 tests\ae-wp-service-scrape.spec.ts:36:9 › AE WP Service Scraper › scrape: live-test (4.7s)
  [404] load-flow-study-analysis (0 chars body)
  ok 24 tests\ae-wp-service-scrape.spec.ts:36:9 › AE WP Service Scraper › scrape: load-flow-study-analysis (5.0s)
  [200] portable-appliance-test (10468 chars body)
  ok 25 tests\ae-wp-service-scrape.spec.ts:36:9 › AE WP Service Scraper › scrape: portable-appliance-test (6.6s)
  [404] power-quality-analysis (0 chars body)
  ok 26 tests\ae-wp-service-scrape.spec.ts:36:9 › AE WP Service Scraper › scrape: power-quality-analysis (4.8s)
  [200] protection-relay-test (10533 chars body)
  ok 27 tests\ae-wp-service-scrape.spec.ts:36:9 › AE WP Service Scraper › scrape: protection-relay-test (8.3s)
  [200] protective-devices-test (7864 chars body)
  ok 28 tests\ae-wp-service-scrape.spec.ts:36:9 › AE WP Service Scraper › scrape: protective-devices-test (8.3s)
  [404] psc-test-pfc-test (0 chars body)
  ok 29 tests\ae-wp-service-scrape.spec.ts:36:9 › AE WP Service Scraper › scrape: psc-test-pfc-test (5.6s)
  [404] rcd-test-safety (0 chars body)
  ok 30 tests\ae-wp-service-scrape.spec.ts:36:9 › AE WP Service Scraper › scrape: rcd-test-safety (5.3s)
  [404] relay-coordination-study-analysis (0 chars body)
  ok 31 tests\ae-wp-service-scrape.spec.ts:36:9 › AE WP Service Scraper › scrape: relay-coordination-study-analysis (5.7s)
  [404] switchgear-test (0 chars body)
  ok 32 tests\ae-wp-service-scrape.spec.ts:36:9 › AE WP Service Scraper › scrape: switchgear-test (5.6s)
  [404] temperature-humidity-calibration (0 chars body)
  ok 33 tests\ae-wp-service-scrape.spec.ts:36:9 › AE WP Service Scraper › scrape: temperature-humidity-calibration (5.7s)
  [200] thermography-test-of-electrical-panels (7564 chars body)
  ok 34 tests\ae-wp-service-scrape.spec.ts:36:9 › AE WP Service Scraper › scrape: thermography-test-of-electrical-panels (6.2s)
  [200] thermography-testing-of-electrical-equipment (7283 chars body)
  ok 35 tests\ae-wp-service-scrape.spec.ts:36:9 › AE WP Service Scraper › scrape: thermography-testing-of-electrical-equipment (5.6s)
  [404] vibration-study-analysis (0 chars body)
  ok 36 tests\ae-wp-service-scrape.spec.ts:36:9 › AE WP Service Scraper › scrape: vibration-study-analysis (4.8s)

  36 passed (4.3m)
