  ENR   arc-flash-analysis-in-peru-a-detailed-guide-pe (3124c -> 6052c)
  NEW   arc-flash-study-pe (published)
  ENR   assessing-and-lowering-the-danger-of-an-arc-flash-is-crucial-pe (2880c -> 5960c)
  ENR   examine-and-confirm-electrical-motor-performance-in-compliance-with-peruvian-regulations-pe (2698c -> 5249c)
  ENR   harmonic-analysis-of-the-peru-power-system-pe (3202c -> 6309c)
  NEW   harmonic-study-and-analysis-pe (published)
  ENR   how-can-efficiency-and-reliability-of-commercial-motors-be-evaluated-pe (2910c -> 6088c)
  ENR   how-to-perform-a-power-quality-analysis-in-peru-pe (2932c -> 5840c)
  ENR   load-flow-short-circuit-and-relay-coordination-in-power-system-analysis-pe (2940c -> 8191c)
  NEW   motor-start-analysis-pe (published)
  NEW   power-quality-analysis-pe (published)
  NEW   power-system-study-and-analysis-pe (published)
  ENR   principles-of-power-quality-work-in-peru-pe (2769c -> 9079c)
  ENR   why-are-harmonic-analysis-and-study-important-for-businesses-in-peru-pe (2592c -> 5719c)
  ENR   why-load-flow-and-short-circuit-analysis-important-for-peruvian-business-pe (2427c -> 4995c)

=== DONE pe/blog ===
Created:  5
Enriched: 10
Skipped:  0
Failed:   0
