
Running 15 tests using 1 worker

  [200] pe/blog/arc-flash-analysis-in-peru-a-detailed-guide body=5446c img=Y
  ok  1 tests\country-wp-scrape.spec.ts:52:9 › Country WP scrape — pe blog › scrape pe/blog: arc-flash-analysis-in-peru-a-detailed-guide (1.1m)
  [200] pe/blog/arc-flash-study body=5285c img=Y
  ok  2 tests\country-wp-scrape.spec.ts:52:9 › Country WP scrape — pe blog › scrape pe/blog: arc-flash-study (1.5m)
  [200] pe/blog/assessing-and-lowering-the-danger-of-an-arc-flash-is-crucial body=5443c img=Y
  ok  3 tests\country-wp-scrape.spec.ts:52:9 › Country WP scrape — pe blog › scrape pe/blog: assessing-and-lowering-the-danger-of-an-arc-flash-is-crucial (1.0m)
  [200] pe/blog/examine-and-confirm-electrical-motor-performance-in-compliance-with-peruvian-regulations body=4758c img=Y
  ok  4 tests\country-wp-scrape.spec.ts:52:9 › Country WP scrape — pe blog › scrape pe/blog: examine-and-confirm-electrical-motor-performance-in-compliance-with-peruvian-regulations (1.0m)
  [200] pe/blog/harmonic-analysis-of-the-peru-power-system body=5821c img=Y
  ok  5 tests\country-wp-scrape.spec.ts:52:9 › Country WP scrape — pe blog › scrape pe/blog: harmonic-analysis-of-the-peru-power-system (1.0m)
  [200] pe/blog/harmonic-study-and-analysis body=5362c img=Y
  ok  6 tests\country-wp-scrape.spec.ts:52:9 › Country WP scrape — pe blog › scrape pe/blog: harmonic-study-and-analysis (1.6m)
  [200] pe/blog/how-can-efficiency-and-reliability-of-commercial-motors-be-evaluated body=5570c img=Y
  ok  7 tests\country-wp-scrape.spec.ts:52:9 › Country WP scrape — pe blog › scrape pe/blog: how-can-efficiency-and-reliability-of-commercial-motors-be-evaluated (1.3m)
  [200] pe/blog/how-to-perform-a-power-quality-analysis-in-peru body=5449c img=Y
  ok  8 tests\country-wp-scrape.spec.ts:52:9 › Country WP scrape — pe blog › scrape pe/blog: how-to-perform-a-power-quality-analysis-in-peru (1.0m)
  [200] pe/blog/load-flow-short-circuit-and-relay-coordination-in-power-system-analysis body=7694c img=Y
  ok  9 tests\country-wp-scrape.spec.ts:52:9 › Country WP scrape — pe blog › scrape pe/blog: load-flow-short-circuit-and-relay-coordination-in-power-system-analysis (1.0m)
  [200] pe/blog/motor-start-analysis body=5053c img=Y
  ok 10 tests\country-wp-scrape.spec.ts:52:9 › Country WP scrape — pe blog › scrape pe/blog: motor-start-analysis (1.5m)
  [200] pe/blog/power-quality-analysis body=5072c img=Y
  ok 11 tests\country-wp-scrape.spec.ts:52:9 › Country WP scrape — pe blog › scrape pe/blog: power-quality-analysis (1.5m)
  [200] pe/blog/power-system-study-and-analysis body=5427c img=Y
  ok 12 tests\country-wp-scrape.spec.ts:52:9 › Country WP scrape — pe blog › scrape pe/blog: power-system-study-and-analysis (1.5m)
  [200] pe/blog/principles-of-power-quality-work-in-peru body=8575c img=Y
  ok 13 tests\country-wp-scrape.spec.ts:52:9 › Country WP scrape — pe blog › scrape pe/blog: principles-of-power-quality-work-in-peru (1.1m)
  [200] pe/blog/why-are-harmonic-analysis-and-study-important-for-businesses-in-peru body=5233c img=Y
  ok 14 tests\country-wp-scrape.spec.ts:52:9 › Country WP scrape — pe blog › scrape pe/blog: why-are-harmonic-analysis-and-study-important-for-businesses-in-peru (1.0m)
  [200] pe/blog/why-load-flow-and-short-circuit-analysis-important-for-peruvian-business body=4602c img=Y
  ok 15 tests\country-wp-scrape.spec.ts:52:9 › Country WP scrape — pe blog › scrape pe/blog: why-load-flow-and-short-circuit-analysis-important-for-peruvian-business (1.0m)

  Slow test file: tests\country-wp-scrape.spec.ts (18.5m)
  Consider running tests from slow files in parallel. See: https://playwright.dev/docs/test-parallel
  15 passed (18.5m)
