  NEW   a-comprehensive-guide-to-arc-flash-analysis-in-south-africa-za (published)
  NEW   analysis-of-the-power-systems-coordination-of-relays-short-circuits-and-load-flow-za (published)
  NEW   arc-flash-risk-must-be-evaluated-and-reduced-immediately-za (published)
  ENR   arc-flash-study-za (248c -> 4944c)
  NEW   harmonic-study-analysis-za (published)
  NEW   harmonics-analysis-of-the-south-african-electric-power-system-za (published)
  NEW   how-can-the-performance-and-dependability-of-commercial-motors-be-evaluated-za (published)
  NEW   how-significant-is-harmonic-analysis-in-south-african-firm-za (published)
  NEW   how-to-analyze-south-african-power-quality-za (published)
  ENR   motor-start-analysis-za (248c -> 4463c)
  ENR   power-quality-analysis-za (248c -> 4235c)
  NEW   power-system-study-analysis-za (published)
  NEW   principles-of-work-on-south-african-power-quality-za (published)
  NEW   verify-south-african-electrical-motor-performance-regulations-compliance-za (published)
  NEW   why-does-south-african-business-need-short-circuit-and-load-flow-analysis-za (published)

=== DONE za/service ===
Created:  12
Enriched: 3
Skipped:  0
Failed:   0
