  ENR   a-comprehensive-guide-to-arc-flash-analysis-in-south-africa-za (1935c -> 10970c)
  ENR   analysis-of-the-power-systems-coordination-of-relays-short-circuits-and-load-flow-za (4005c -> 12653c)
  ENR   arc-flash-risk-must-be-evaluated-and-reduced-immediately-za (3090c -> 10361c)
  NEW   arc-flash-study-za (published)
  ENR   harmonic-study-analysis-za (2680c -> 4855c)
  ENR   harmonics-analysis-of-the-south-african-electric-power-system-za (2376c -> 10987c)
  ENR   how-can-the-performance-and-dependability-of-commercial-motors-be-evaluated-za (2387c -> 10516c)
  ENR   how-significant-is-harmonic-analysis-in-south-african-firm-za (2419c -> 10173c)
  ENR   how-to-analyze-south-african-power-quality-za (3494c -> 10471c)
  NEW   motor-start-analysis-za (published)
  NEW   power-quality-analysis-za (published)
  ENR   power-system-study-analysis-za (3645c -> 4840c)
  ENR   principles-of-work-on-south-african-power-quality-za (5131c -> 13650c)
  ENR   verify-south-african-electrical-motor-performance-regulations-compliance-za (2840c -> 9675c)
  ENR   why-does-south-african-business-need-short-circuit-and-load-flow-analysis-za (2464c -> 9409c)

=== DONE za/blog ===
Created:  3
Enriched: 12
Skipped:  0
Failed:   0
