
Running 15 tests using 1 worker

  [200] za/service/a-comprehensive-guide-to-arc-flash-analysis-in-south-africa body=5866c img=Y
  ok  1 tests\country-wp-scrape.spec.ts:52:9 › Country WP scrape — za service › scrape za/service: a-comprehensive-guide-to-arc-flash-analysis-in-south-africa (1.3m)
  [200] za/service/analysis-of-the-power-systems-coordination-of-relays-short-circuits-and-load-flow body=7536c img=Y
  ok  2 tests\country-wp-scrape.spec.ts:52:9 › Country WP scrape — za service › scrape za/service: analysis-of-the-power-systems-coordination-of-relays-short-circuits-and-load-flow (1.3m)
  [200] za/service/arc-flash-risk-must-be-evaluated-and-reduced-immediately body=5313c img=Y
  ok  3 tests\country-wp-scrape.spec.ts:52:9 › Country WP scrape — za service › scrape za/service: arc-flash-risk-must-be-evaluated-and-reduced-immediately (1.3m)
  [200] za/service/arc-flash-study body=5455c img=Y
  ok  4 tests\country-wp-scrape.spec.ts:52:9 › Country WP scrape — za service › scrape za/service: arc-flash-study (1.8m)
  [200] za/service/harmonic-study-analysis body=5386c img=Y
  ok  5 tests\country-wp-scrape.spec.ts:52:9 › Country WP scrape — za service › scrape za/service: harmonic-study-analysis (1.8m)
  [200] za/service/harmonics-analysis-of-the-south-african-electric-power-system body=5608c img=Y
  ok  6 tests\country-wp-scrape.spec.ts:52:9 › Country WP scrape — za service › scrape za/service: harmonics-analysis-of-the-south-african-electric-power-system (1.3m)
  [200] za/service/how-can-the-performance-and-dependability-of-commercial-motors-be-evaluated body=5446c img=Y
  ok  7 tests\country-wp-scrape.spec.ts:52:9 › Country WP scrape — za service › scrape za/service: how-can-the-performance-and-dependability-of-commercial-motors-be-evaluated (1.3m)
  [200] za/service/how-significant-is-harmonic-analysis-in-south-african-firm body=5118c img=Y
  ok  8 tests\country-wp-scrape.spec.ts:52:9 › Country WP scrape — za service › scrape za/service: how-significant-is-harmonic-analysis-in-south-african-firm (1.3m)
  [200] za/service/how-to-analyze-south-african-power-quality body=5379c img=Y
  ok  9 tests\country-wp-scrape.spec.ts:52:9 › Country WP scrape — za service › scrape za/service: how-to-analyze-south-african-power-quality (1.3m)
  [200] za/service/motor-start-analysis body=5034c img=Y
  ok 10 tests\country-wp-scrape.spec.ts:52:9 › Country WP scrape — za service › scrape za/service: motor-start-analysis (1.8m)
  [200] za/service/power-quality-analysis body=4785c img=Y
  ok 11 tests\country-wp-scrape.spec.ts:52:9 › Country WP scrape — za service › scrape za/service: power-quality-analysis (1.8m)
  [200] za/service/power-system-study-analysis body=5379c img=Y
  ok 12 tests\country-wp-scrape.spec.ts:52:9 › Country WP scrape — za service › scrape za/service: power-system-study-analysis (1.8m)
  [200] za/service/principles-of-work-on-south-african-power-quality body=8535c img=Y
  ok 13 tests\country-wp-scrape.spec.ts:52:9 › Country WP scrape — za service › scrape za/service: principles-of-work-on-south-african-power-quality (1.3m)
  [200] za/service/verify-south-african-electrical-motor-performance-regulations-compliance body=4615c img=Y
  ok 14 tests\country-wp-scrape.spec.ts:52:9 › Country WP scrape — za service › scrape za/service: verify-south-african-electrical-motor-performance-regulations-compliance (1.3m)
  [200] za/service/why-does-south-african-business-need-short-circuit-and-load-flow-analysis body=4332c img=Y
  ok 15 tests\country-wp-scrape.spec.ts:52:9 › Country WP scrape — za service › scrape za/service: why-does-south-african-business-need-short-circuit-and-load-flow-analysis (1.3m)

  Slow test file: tests\country-wp-scrape.spec.ts (21.9m)
  Consider running tests from slow files in parallel. See: https://playwright.dev/docs/test-parallel
  15 passed (21.9m)
