
Running 13 tests using 1 worker

  [200] dk/blog/a-step-by-step-guide-to-arc-flash-analysis-in-denmark body=5928c img=Y
  ok  1 tests\country-wp-scrape.spec.ts:52:9 › Country WP scrape — dk blog › scrape dk/blog: a-step-by-step-guide-to-arc-flash-analysis-in-denmark (48.4s)
  [200] dk/blog/a-step-by-step-guide-to-arc-flash-analysis-in-the-united-kingdom body=5928c img=Y
  ok  2 tests\country-wp-scrape.spec.ts:52:9 › Country WP scrape — dk blog › scrape dk/blog: a-step-by-step-guide-to-arc-flash-analysis-in-the-united-kingdom (48.7s)
  [200] dk/blog/analyze-and-evaluate-the-performance-of-electric-motors-as-per-danish-regulations body=4955c img=Y
  ok  3 tests\country-wp-scrape.spec.ts:52:9 › Country WP scrape — dk blog › scrape dk/blog: analyze-and-evaluate-the-performance-of-electric-motors-as-per-danish-regulations (48.0s)
  [200] dk/blog/danish-power-quality-working-principles body=8998c img=Y
  ok  4 tests\country-wp-scrape.spec.ts:52:9 › Country WP scrape — dk blog › scrape dk/blog: danish-power-quality-working-principles (47.9s)
  [200] dk/blog/harmonic-analysis-of-danish-power-system body=6482c img=Y
  ok  5 tests\country-wp-scrape.spec.ts:52:9 › Country WP scrape — dk blog › scrape dk/blog: harmonic-analysis-of-danish-power-system (48.1s)
  [200] dk/blog/how-can-the-electricity-quality-in-danish-be-analyzed body=5856c img=Y
  ok  6 tests\country-wp-scrape.spec.ts:52:9 › Country WP scrape — dk blog › scrape dk/blog: how-can-the-electricity-quality-in-danish-be-analyzed (47.8s)
  [200] dk/blog/how-can-you-evaluate-the-functionality-and-dependability-of-commercial-motors body=6018c img=Y
  ok  7 tests\country-wp-scrape.spec.ts:52:9 › Country WP scrape — dk blog › scrape dk/blog: how-can-you-evaluate-the-functionality-and-dependability-of-commercial-motors (48.7s)
  [200] dk/blog/load-flow-and-short-circuit-analysis-significance-for-danish-businesses body=5123c img=Y
  ok  8 tests\country-wp-scrape.spec.ts:52:9 › Country WP scrape — dk blog › scrape dk/blog: load-flow-and-short-circuit-analysis-significance-for-danish-businesses (47.9s)
  [200] dk/blog/study-of-the-power-systems-load-flow-short-circuit-and-relay-coordination body=8050c img=Y
  ok  9 tests\country-wp-scrape.spec.ts:52:9 › Country WP scrape — dk blog › scrape dk/blog: study-of-the-power-systems-load-flow-short-circuit-and-relay-coordination (48.0s)
  [200] dk/blog/the-value-of-arc-flash-risk-assessment-and-prevention-strategies-in-denmark body=6056c img=Y
  ok 10 tests\country-wp-scrape.spec.ts:52:9 › Country WP scrape — dk blog › scrape dk/blog: the-value-of-arc-flash-risk-assessment-and-prevention-strategies-in-denmark (47.8s)
  [200] dk/blog/the-value-of-arc-flash-risk-assessment-and-prevention-strategies-in-the-uk body=6056c img=Y
  ok 11 tests\country-wp-scrape.spec.ts:52:9 › Country WP scrape — dk blog › scrape dk/blog: the-value-of-arc-flash-risk-assessment-and-prevention-strategies-in-the-uk (48.7s)
  [200] dk/blog/why-are-harmonic-analysis-and-studies-so-vital-for-danish-businesses body=5692c img=Y
  ok 12 tests\country-wp-scrape.spec.ts:52:9 › Country WP scrape — dk blog › scrape dk/blog: why-are-harmonic-analysis-and-studies-so-vital-for-danish-businesses (47.7s)
  [200] dk/blog/why-are-harmonic-analysis-and-studies-so-vital-for-uk-businesses body=5692c img=Y
  ok 13 tests\country-wp-scrape.spec.ts:52:9 › Country WP scrape — dk blog › scrape dk/blog: why-are-harmonic-analysis-and-studies-so-vital-for-uk-businesses (48.5s)

  Slow test file: tests\country-wp-scrape.spec.ts (10.4m)
  Consider running tests from slow files in parallel. See: https://playwright.dev/docs/test-parallel
  13 passed (10.5m)
