
Running 8 tests using 1 worker

  [200] ua/blog/arc-flash-study body=5224c img=Y
  ok 1 tests\country-wp-scrape.spec.ts:52:9 › Country WP scrape — ua blog › scrape ua/blog: arc-flash-study (1.8m)
  [200] ua/blog/harmonic-study-analysis body=5419c img=Y
  ok 2 tests\country-wp-scrape.spec.ts:52:9 › Country WP scrape — ua blog › scrape ua/blog: harmonic-study-analysis (1.8m)
  [200] ua/blog/how-are-the-dependability-and-performance-of-commercial-motors-assessed body=9637c img=Y
  ok 3 tests\country-wp-scrape.spec.ts:52:9 › Country WP scrape — ua blog › scrape ua/blog: how-are-the-dependability-and-performance-of-commercial-motors-assessed (1.1m)
  [200] ua/blog/motor-start-analysis body=4845c img=Y
  ok 4 tests\country-wp-scrape.spec.ts:52:9 › Country WP scrape — ua blog › scrape ua/blog: motor-start-analysis (1.8m)
  [200] ua/blog/power-quality-analysis body=4766c img=Y
  ok 5 tests\country-wp-scrape.spec.ts:52:9 › Country WP scrape — ua blog › scrape ua/blog: power-quality-analysis (1.8m)
  [200] ua/blog/power-system-study-analysis body=5447c img=Y
  ok 6 tests\country-wp-scrape.spec.ts:52:9 › Country WP scrape — ua blog › scrape ua/blog: power-system-study-analysis (1.8m)
  [200] ua/blog/the-importance-of-load-flow-and-short-circuit-analysis-to-a-ukrainian-business body=8566c img=Y
  ok 7 tests\country-wp-scrape.spec.ts:52:9 › Country WP scrape — ua blog › scrape ua/blog: the-importance-of-load-flow-and-short-circuit-analysis-to-a-ukrainian-business (1.1m)
  [200] ua/blog/ukrainian-guidelines-for-testing-and-verifying-electrical-motor-efficiency body=8718c img=Y
  ok 8 tests\country-wp-scrape.spec.ts:52:9 › Country WP scrape — ua blog › scrape ua/blog: ukrainian-guidelines-for-testing-and-verifying-electrical-motor-efficiency (1.1m)

  Slow test file: tests\country-wp-scrape.spec.ts (12.2m)
  Consider running tests from slow files in parallel. See: https://playwright.dev/docs/test-parallel
  8 passed (12.2m)
