  ENR   analysis-of-harmonics-in-the-korean-power-system-kr (2301c -> 14158c)
  ENR   analysis-of-power-system-load-flow-short-circuit-and-relay-coordination-kr (3603c -> 16402c)
  NEW   arc-flash-study-kr (published)
  ENR   check-and-test-the-performance-of-electric-motors-according-to-korean-rules-kr (2796c -> 12464c)
  NEW   harmonic-study-and-analysis-kr (published)
  ENR   how-can-the-quality-and-dependability-of-commercial-motors-be-evaluated-kr (2260c -> 13870c)
  ENR   how-to-conduct-a-power-quality-analysis-in-korea-kr (3220c -> 13484c)
  ENR   korean-arc-flash-analysis-a-comprehensive-guide-kr (1723c -> 13621c)
  NEW   motor-start-analysis-kr (published)
  NEW   power-quality-analysis-kr (published)
  NEW   power-system-study-and-analysis-kr (published)
  ENR   the-significance-of-arc-flash-hazard-analysis-and-mitigation-techniques-kr (3075c -> 13576c)
  ENR   why-are-harmonic-analysis-and-research-crucial-for-korean-businesses-kr (2264c -> 13360c)
  ENR   why-load-flow-and-short-circuit-analysis-are-important-for-a-korean-business-kr (2225c -> 12169c)
  ENR   working-principles-for-power-quality-in-korea-kr (4287c -> 16266c)

=== DONE kr/blog ===
Created:  5
Enriched: 10
Skipped:  0
Failed:   0
