
Running 15 tests using 1 worker

  [200] kr/blog/analysis-of-harmonics-in-the-korean-power-system body=5917c img=Y
  ok  1 tests\country-wp-scrape.spec.ts:52:9 › Country WP scrape — kr blog › scrape kr/blog: analysis-of-harmonics-in-the-korean-power-system (1.3m)
  [200] kr/blog/analysis-of-power-system-load-flow-short-circuit-and-relay-coordination body=7607c img=Y
  ok  2 tests\country-wp-scrape.spec.ts:52:9 › Country WP scrape — kr blog › scrape kr/blog: analysis-of-power-system-load-flow-short-circuit-and-relay-coordination (1.3m)
  [200] kr/blog/arc-flash-study body=5432c img=Y
  ok  3 tests\country-wp-scrape.spec.ts:52:9 › Country WP scrape — kr blog › scrape kr/blog: arc-flash-study (1.8m)
  [200] kr/blog/check-and-test-the-performance-of-electric-motors-according-to-korean-rules body=4784c img=Y
  ok  4 tests\country-wp-scrape.spec.ts:52:9 › Country WP scrape — kr blog › scrape kr/blog: check-and-test-the-performance-of-electric-motors-according-to-korean-rules (1.3m)
  [200] kr/blog/harmonic-study-and-analysis body=5675c img=Y
  ok  5 tests\country-wp-scrape.spec.ts:52:9 › Country WP scrape — kr blog › scrape kr/blog: harmonic-study-and-analysis (1.8m)
  [200] kr/blog/how-can-the-quality-and-dependability-of-commercial-motors-be-evaluated body=5745c img=Y
  ok  6 tests\country-wp-scrape.spec.ts:52:9 › Country WP scrape — kr blog › scrape kr/blog: how-can-the-quality-and-dependability-of-commercial-motors-be-evaluated (1.3m)
  [200] kr/blog/how-to-conduct-a-power-quality-analysis-in-korea body=5549c img=Y
  ok  7 tests\country-wp-scrape.spec.ts:52:9 › Country WP scrape — kr blog › scrape kr/blog: how-to-conduct-a-power-quality-analysis-in-korea (1.3m)
  [200] kr/blog/korean-arc-flash-analysis-a-comprehensive-guide body=5912c img=Y
  ok  8 tests\country-wp-scrape.spec.ts:52:9 › Country WP scrape — kr blog › scrape kr/blog: korean-arc-flash-analysis-a-comprehensive-guide (1.3m)
  [200] kr/blog/motor-start-analysis body=5194c img=Y
  ok  9 tests\country-wp-scrape.spec.ts:52:9 › Country WP scrape — kr blog › scrape kr/blog: motor-start-analysis (1.8m)
  [200] kr/blog/power-quality-analysis body=5224c img=Y
  ok 10 tests\country-wp-scrape.spec.ts:52:9 › Country WP scrape — kr blog › scrape kr/blog: power-quality-analysis (1.8m)
  [200] kr/blog/power-system-study-and-analysis body=5705c img=Y
  ok 11 tests\country-wp-scrape.spec.ts:52:9 › Country WP scrape — kr blog › scrape kr/blog: power-system-study-and-analysis (1.8m)
  [200] kr/blog/the-significance-of-arc-flash-hazard-analysis-and-mitigation-techniques body=5925c img=Y
  ok 12 tests\country-wp-scrape.spec.ts:52:9 › Country WP scrape — kr blog › scrape kr/blog: the-significance-of-arc-flash-hazard-analysis-and-mitigation-techniques (1.3m)
  [200] kr/blog/why-are-harmonic-analysis-and-research-crucial-for-korean-businesses body=5434c img=Y
  ok 13 tests\country-wp-scrape.spec.ts:52:9 › Country WP scrape — kr blog › scrape kr/blog: why-are-harmonic-analysis-and-research-crucial-for-korean-businesses (1.3m)
  [200] kr/blog/why-load-flow-and-short-circuit-analysis-are-important-for-a-korean-business body=4486c img=Y
  ok 14 tests\country-wp-scrape.spec.ts:52:9 › Country WP scrape — kr blog › scrape kr/blog: why-load-flow-and-short-circuit-analysis-are-important-for-a-korean-business (1.3m)
  [200] kr/blog/working-principles-for-power-quality-in-korea body=8103c img=Y
  ok 15 tests\country-wp-scrape.spec.ts:52:9 › Country WP scrape — kr blog › scrape kr/blog: working-principles-for-power-quality-in-korea (1.3m)

  Slow test file: tests\country-wp-scrape.spec.ts (22.0m)
  Consider running tests from slow files in parallel. See: https://playwright.dev/docs/test-parallel
  15 passed (22.0m)
