
Running 10 tests using 1 worker

  [200] jp/blog/analysis-of-harmonics-in-the-japanese-power-system body=5990c img=Y
  ok  1 tests\country-wp-scrape.spec.ts:52:9 › Country WP scrape — jp blog › scrape jp/blog: analysis-of-harmonics-in-the-japanese-power-system (1.3m)
  [200] jp/blog/analysis-of-power-system-load-flow-short-circuit-and-relay-coordination body=7947c img=Y
  ok  2 tests\country-wp-scrape.spec.ts:52:9 › Country WP scrape — jp blog › scrape jp/blog: analysis-of-power-system-load-flow-short-circuit-and-relay-coordination (1.3m)
  [200] jp/blog/check-and-test-the-performance-of-electric-motors-according-to-japanese-rules body=5081c img=Y
  ok  3 tests\country-wp-scrape.spec.ts:52:9 › Country WP scrape — jp blog › scrape jp/blog: check-and-test-the-performance-of-electric-motors-according-to-japanese-rules (1.3m)
  [200] jp/blog/how-can-the-quality-and-dependability-of-commercial-motors-be-evaluated body=6785c img=Y
  ok  4 tests\country-wp-scrape.spec.ts:52:9 › Country WP scrape — jp blog › scrape jp/blog: how-can-the-quality-and-dependability-of-commercial-motors-be-evaluated (1.3m)
  [200] jp/blog/how-to-conduct-a-power-quality-analysis-in-japan body=5652c img=Y
  ok  5 tests\country-wp-scrape.spec.ts:52:9 › Country WP scrape — jp blog › scrape jp/blog: how-to-conduct-a-power-quality-analysis-in-japan (1.3m)
  [200] jp/blog/japanese-arc-flash-analysis-a-comprehensive-guide body=5688c img=Y
  ok  6 tests\country-wp-scrape.spec.ts:52:9 › Country WP scrape — jp blog › scrape jp/blog: japanese-arc-flash-analysis-a-comprehensive-guide (1.3m)
  [200] jp/blog/the-significance-of-arc-flash-hazard-analysis-and-mitigation-techniques body=5957c img=Y
  ok  7 tests\country-wp-scrape.spec.ts:52:9 › Country WP scrape — jp blog › scrape jp/blog: the-significance-of-arc-flash-hazard-analysis-and-mitigation-techniques (1.3m)
  [200] jp/blog/why-are-harmonic-analysis-and-research-crucial-for-japanese-businesses body=5451c img=Y
  ok  8 tests\country-wp-scrape.spec.ts:52:9 › Country WP scrape — jp blog › scrape jp/blog: why-are-harmonic-analysis-and-research-crucial-for-japanese-businesses (1.3m)
  [200] jp/blog/why-load-flow-and-short-circuit-analysis-are-important-for-a-japanese-business body=4843c img=Y
  ok  9 tests\country-wp-scrape.spec.ts:52:9 › Country WP scrape — jp blog › scrape jp/blog: why-load-flow-and-short-circuit-analysis-are-important-for-a-japanese-business (1.3m)
  [200] jp/blog/working-principles-for-power-quality-in-japan body=8694c img=Y
  ok 10 tests\country-wp-scrape.spec.ts:52:9 › Country WP scrape — jp blog › scrape jp/blog: working-principles-for-power-quality-in-japan (1.3m)

  Slow test file: tests\country-wp-scrape.spec.ts (12.9m)
  Consider running tests from slow files in parallel. See: https://playwright.dev/docs/test-parallel
  10 passed (12.9m)
