============================================================
LIVE MODE — changes will be saved to Strapi
============================================================

============================================================
Processing: service-pages
============================================================
  Found 84 entries

============================================================
Processing: blog-posts
============================================================
  Found 38 entries

============================================================
Processing: about-pages
============================================================
  Found 1 entries

  [fppql7adci5e1twi085gdqui] — 1 fixes:
    - Stripped **bold** markdown
    [OK] Updated

============================================================
Processing: contact-pages
============================================================
  Found 1 entries

============================================================
Processing: home-pages
============================================================
  Found 1 entries

============================================================
Processing: case-studies
============================================================
  Found 1 entries

============================================================
DONE
============================================================
Entries with fixes: 1
Total individual fixes: 1
