  ENR   analysis-of-harmonics-in-the-taiwanese-power-system-tw (2305c -> 14193c)
  ENR   analysis-of-power-system-load-flow-short-circuit-and-relay-coordination-tw (3883c -> 16772c)
  NEW   arc-flash-study-tw (published)
  ENR   check-and-test-the-performance-of-electric-motors-according-to-taiwanese-rules-tw (3950c -> 16090c)
  NEW   harmonic-study-and-analysis-tw (published)
  ENR   how-can-the-quality-and-dependability-of-commercial-motors-be-evaluated-tw (2301c -> 13973c)
  ENR   how-to-conduct-a-power-quality-analysis-in-taiwan-tw (3291c -> 13621c)
  NEW   motor-start-analysis-tw (published)
  NEW   power-quality-analysis-tw (published)
  NEW   power-system-study-and-analysis-tw (published)
  ENR   taiwanese-arc-flash-analysis-a-comprehensive-guide-tw (1469c -> 13567c)
  ENR   the-significance-of-arc-flash-hazard-analysis-and-mitigation-techniques-tw (2887c -> 13113c)
  ENR   why-are-harmonic-analysis-and-research-crucial-for-taiwanese-businesses-tw (2217c -> 13446c)
  ENR   why-load-flow-and-short-circuit-analysis-are-important-for-a-taiwanese-business-tw (2531c -> 12511c)
  ENR   working-principles-for-power-quality-in-taiwan-tw (4746c -> 16849c)

=== DONE tw/blog ===
Created:  5
Enriched: 10
Skipped:  0
Failed:   0
